[05/10/2025 20:49:28] A: Session id: 0196bac7-895c-71d0-bec4-cde3b3063d35
[05/10/2025 20:49:28] A: Code Processor information: Name :SnowConvert, Version: 1.3.0.0
[05/10/2025 20:49:28] A: Getting license
[05/10/2025 20:49:28] A: License information
	Status: Successful
[05/10/2025 20:49:28] a: Starting to validate parameters
[05/10/2025 20:49:28] a: Parameters to validate: 
	Execution mode: Conversion
	CommentIfMissingDependencies: False
	CreateEstimationReports: False
	Encoding: 65001
	UseExistingNameQualification: False
	PLTargetLanguage: SnowScript
	TargetLag: 1 day
	Warehouse: UPDATE_DUMMY_WAREHOUSE
	ConversionRateMode: LoC
[05/10/2025 20:49:29] a: Validation of parameters: Success
[05/10/2025 20:49:29] A: Getting code descriptor
[05/10/2025 20:49:29] A: Code descriptor information
	Units: 763
	Units type: LOC
	All file bytes: 25362
	All found extensions: .sql
[05/10/2025 20:49:29] A: Calculating fingerprint
[05/10/2025 20:49:29] A: Fingerprint information Fingerprint(size=25362,projects=1)
[05/10/2025 20:49:29] a: Starting to validate active license
[05/10/2025 20:49:29] a: Active license validation: Success
[05/10/2025 20:49:29] A: License information
	License key ends with: eac3
	Start date: 2025/03/21
	Expiration date: 2025/06/21
	Execution mode: Conversion
	Unit type: Lines of Code
	Created by: jayaprasanna.gan@tigeranalytics.com
	Remaining activations: -5
	Products: SnowConvert
[05/10/2025 20:49:29] A: Getting license
[05/10/2025 20:49:29] A: License information
	Status: Successful
[05/10/2025 20:49:33] A: Starting the execution of the controller
[05/10/2025 20:49:33] A: Executing the worker: SnowConvert
[05/10/2025 20:49:58] A: Finished executing the worker: SnowConvert
[05/10/2025 20:49:58] A: Executing the worker: GenericScanner
[05/10/2025 20:49:59] A: Finished executing the worker: GenericScanner
[05/10/2025 20:50:00] a: Controller execution ended
[05/10/2025 20:50:00] a: Starting to upload the Assessment results
[05/10/2025 20:50:03] a: A assessment upload
