[05/11/2025 10:43:10] A: Session id: 0196bdc2-b162-7ba4-ad81-0f7d7c41ffb8
[05/11/2025 10:43:10] A: Code Processor information: Name :SnowConvert, Version: 1.3.0.0
[05/11/2025 10:43:10] A: Getting license
[05/11/2025 10:43:10] A: License information
	Status: Successful
[05/11/2025 10:43:10] a: Starting to validate parameters
[05/11/2025 10:43:10] a: Parameters to validate: 
	Execution mode: Conversion
	CommentIfMissingDependencies: False
	CreateEstimationReports: False
	Encoding: 65001
	UseExistingNameQualification: False
	PLTargetLanguage: SnowScript
	TargetLag: 1 day
	Warehouse: UPDATE_DUMMY_WAREHOUSE
	ConversionRateMode: LoC
[05/11/2025 10:43:10] a: Validation of parameters: Success
[05/11/2025 10:43:10] A: Getting code descriptor
[05/11/2025 10:43:11] A: Code descriptor information
	Units: 763
	Units type: LOC
	All file bytes: 25362
	All found extensions: .sql
[05/11/2025 10:43:11] A: Calculating fingerprint
[05/11/2025 10:43:11] A: Fingerprint information Fingerprint(size=25362,projects=1)
[05/11/2025 10:43:11] a: Starting to validate active license
[05/11/2025 10:43:11] a: Active license validation: Success
[05/11/2025 10:43:11] A: License information
	License key ends with: eac3
	Start date: 2025/03/21
	Expiration date: 2025/06/21
	Execution mode: Conversion
	Unit type: Lines of Code
	Created by: jayaprasanna.gan@tigeranalytics.com
	Remaining activations: -5
	Products: SnowConvert
[05/11/2025 10:43:11] A: Getting license
[05/11/2025 10:43:11] A: License information
	Status: Successful
[05/11/2025 10:43:14] A: Starting the execution of the controller
[05/11/2025 10:43:15] A: Executing the worker: SnowConvert
[05/11/2025 10:44:21] A: Finished executing the worker: SnowConvert
[05/11/2025 10:44:21] A: Executing the worker: GenericScanner
[05/11/2025 10:44:23] A: Finished executing the worker: GenericScanner
[05/11/2025 10:44:25] a: Controller execution ended
[05/11/2025 10:44:25] a: Starting to upload the Assessment results
[05/11/2025 10:44:27] a: A assessment upload
