[05/02/2025 19:28:15] A: Session id: 0196914a-6079-7582-8542-c639925dff1a
[05/02/2025 19:28:15] A: Code Processor information: Name :SnowConvert, Version: 1.4.1.0
[05/02/2025 19:28:15] A: Getting license
[05/02/2025 19:28:15] A: License information
	Status: Successful
[05/02/2025 19:28:15] a: Starting to validate parameters
[05/02/2025 19:28:15] a: Parameters to validate: 
	Execution mode: Conversion
	CommentIfMissingDependencies: False
	CreateEstimationReports: False
	Encoding: 65001
	UseExistingNameQualification: False
	PLTargetLanguage: SnowScript
	TargetLag: 1 day
	Warehouse: UPDATE_DUMMY_WAREHOUSE
	ConversionRateMode: LoC
[05/02/2025 19:28:15] a: Validation of parameters: Success
[05/02/2025 19:28:15] A: Getting code descriptor
[05/02/2025 19:28:15] A: Code descriptor information
	Units: 3283
	Units type: LOC
	All file bytes: 147694
	All found extensions: .sql
[05/02/2025 19:28:15] A: Calculating fingerprint
[05/02/2025 19:28:15] A: Fingerprint information Fingerprint(size=147694,projects=1)
[05/02/2025 19:28:15] a: Starting to validate active license
[05/02/2025 19:28:15] a: Active license validation: Success
[05/02/2025 19:28:15] A: License information
	License key ends with: eac3
	Start date: 2025/03/21
	Expiration date: 2025/06/21
	Execution mode: Conversion
	Unit type: Lines of Code
	Created by: jayaprasanna.gan@tigeranalytics.com
	Remaining activations: -5
	Products: SnowConvert
[05/02/2025 19:28:15] A: Getting license
[05/02/2025 19:28:15] A: License information
	Status: Successful
[05/02/2025 19:28:17] A: Starting the execution of the controller
[05/02/2025 19:28:17] A: Executing the worker: SnowConvert
[05/02/2025 19:28:37] A: Finished executing the worker: SnowConvert
[05/02/2025 19:28:37] A: Executing the worker: GenericScanner
[05/02/2025 19:28:38] A: Finished executing the worker: GenericScanner
[05/02/2025 19:28:39] a: Controller execution ended
[05/02/2025 19:28:39] a: Starting to upload the Assessment results
[05/02/2025 19:28:39] b: Could not upload assessment. Error: Request returned with status code Forbidden.
