[2025-04-21 23:14:46] [INFO] sql_transformer_logger - successfully read json data ...
[2025-04-21 23:14:46] [INFO] sql_transformer_logger - Dataframe is created successfully ...
[2025-04-21 23:14:46] [INFO] sql_transformer_logger - successfully read json data ...
[2025-04-21 23:14:46] [INFO] sql_transformer_logger - Dataframe is created successfully ...
[2025-04-21 23:14:46] [INFO] sql_transformer_logger - sample.sql file read successfully ...
[2025-04-21 23:14:46] [INFO] sql_transformer_logger - sample.sql File is created successfully ...
[2025-04-21 23:14:46] [INFO] sql_transformer_logger - SQ_SRV_tables_demo (3).sql file read successfully ...
[2025-04-21 23:14:46] [INFO] sql_transformer_logger - SQ_SRV_tables_demo (3).sql File is created successfully ...
[2025-04-21 23:15:17] [INFO] sql_transformer_logger - successfully read json data ...
[2025-04-21 23:15:17] [INFO] sql_transformer_logger - Dataframe is created successfully ...
[2025-04-21 23:15:17] [INFO] sql_transformer_logger - successfully read json data ...
[2025-04-21 23:15:17] [INFO] sql_transformer_logger - Dataframe is created successfully ...
[2025-04-21 23:15:17] [INFO] sql_transformer_logger - sample.sql file read successfully ...
[2025-04-21 23:15:36] [INFO] sql_transformer_logger - successfully read json data ...
[2025-04-21 23:15:36] [INFO] sql_transformer_logger - Dataframe is created successfully ...
[2025-04-21 23:15:36] [INFO] sql_transformer_logger - successfully read json data ...
[2025-04-21 23:15:36] [INFO] sql_transformer_logger - Dataframe is created successfully ...
[2025-04-21 23:15:36] [INFO] sql_transformer_logger - sample.sql file read successfully ...
[2025-04-21 23:15:36] [INFO] sql_transformer_logger - sample.sql File is created successfully ...
[2025-04-21 23:15:36] [INFO] sql_transformer_logger - SQ_SRV_tables_demo (3).sql file read successfully ...
[2025-04-21 23:15:36] [INFO] sql_transformer_logger - SQ_SRV_tables_demo (3).sql File is created successfully ...
[2025-04-21 23:22:15] [INFO] sql_transformer_logger - successfully read json data ...
[2025-04-21 23:22:15] [INFO] sql_transformer_logger - Dataframe is created successfully ...
[2025-04-21 23:22:15] [INFO] sql_transformer_logger - successfully read json data ...
[2025-04-21 23:22:15] [INFO] sql_transformer_logger - Dataframe is created successfully ...
[2025-04-21 23:22:15] [INFO] sql_transformer_logger - sample.sql file read successfully ...
[2025-04-21 23:22:15] [ERROR] sql_transformer_logger - invalid group reference 1 at position 1
[2025-04-21 23:22:15] [INFO] sql_transformer_logger - sample.sql File is created successfully ...
[2025-04-21 23:22:15] [INFO] sql_transformer_logger - SQ_SRV_tables_demo (3).sql file read successfully ...
[2025-04-21 23:22:15] [ERROR] sql_transformer_logger - invalid group reference 1 at position 1
[2025-04-21 23:22:15] [INFO] sql_transformer_logger - SQ_SRV_tables_demo (3).sql File is created successfully ...
[2025-04-21 23:23:03] [INFO] sql_transformer_logger - successfully read json data ...
[2025-04-21 23:23:03] [INFO] sql_transformer_logger - Dataframe is created successfully ...
[2025-04-21 23:23:03] [INFO] sql_transformer_logger - successfully read json data ...
[2025-04-21 23:23:03] [INFO] sql_transformer_logger - Dataframe is created successfully ...
[2025-04-21 23:23:03] [INFO] sql_transformer_logger - sample.sql file read successfully ...
[2025-04-21 23:23:03] [INFO] sql_transformer_logger - sample.sql File is created successfully ...
[2025-04-21 23:23:03] [INFO] sql_transformer_logger - SQ_SRV_tables_demo (3).sql file read successfully ...
[2025-04-21 23:23:03] [INFO] sql_transformer_logger - SQ_SRV_tables_demo (3).sql File is created successfully ...
