[2025-04-22 12:58:30] [INFO] sql_transformer_logger - successfully read json data ...
[2025-04-22 12:58:30] [INFO] sql_transformer_logger - Dataframe is created successfully ...
[2025-04-22 12:58:30] [INFO] sql_transformer_logger - successfully read json data ...
[2025-04-22 12:58:30] [INFO] sql_transformer_logger - Dataframe is created successfully ...
[2025-04-22 12:58:30] [INFO] sql_transformer_logger - sample.sql file read successfully ...
[2025-04-22 12:58:30] [INFO] sql_transformer_logger - sample.sql File is created successfully ...
[2025-04-22 12:58:30] [INFO] sql_transformer_logger - SQ_SRV_tables_demo (3).sql file read successfully ...
[2025-04-22 12:58:30] [INFO] sql_transformer_logger - SQ_SRV_tables_demo (3).sql File is created successfully ...
[2025-04-22 13:54:01] [INFO] sql_transformer_logger - successfully read json data ...
[2025-04-22 13:54:01] [INFO] sql_transformer_logger - Dataframe is created successfully ...
[2025-04-22 13:54:01] [INFO] sql_transformer_logger - successfully read json data ...
[2025-04-22 13:54:01] [INFO] sql_transformer_logger - Dataframe is created successfully ...
[2025-04-22 13:54:01] [INFO] sql_transformer_logger - sample.sql file read successfully ...
[2025-04-22 13:54:01] [INFO] sql_transformer_logger - sample.sql File is created successfully ...
[2025-04-22 13:54:01] [INFO] sql_transformer_logger - SqlServ_procedures_demo_output.sql file read successfully ...
[2025-04-22 13:54:01] [INFO] sql_transformer_logger - SqlServ_procedures_demo_output.sql File is created successfully ...
[2025-04-22 13:54:01] [INFO] sql_transformer_logger - SQ_SRV_tables_demo (3).sql file read successfully ...
[2025-04-22 13:54:01] [INFO] sql_transformer_logger - SQ_SRV_tables_demo (3).sql File is created successfully ...
[2025-04-22 14:00:24] [INFO] sql_transformer_logger - successfully read json data ...
[2025-04-22 14:00:24] [INFO] sql_transformer_logger - Dataframe is created successfully ...
[2025-04-22 14:00:24] [INFO] sql_transformer_logger - successfully read json data ...
[2025-04-22 14:00:24] [INFO] sql_transformer_logger - Dataframe is created successfully ...
[2025-04-22 14:00:24] [INFO] sql_transformer_logger - sample.sql file read successfully ...
[2025-04-22 14:00:24] [INFO] sql_transformer_logger - sample.sql File is created successfully ...
[2025-04-22 14:00:24] [INFO] sql_transformer_logger - SqlServ_procedures_demo_output.sql file read successfully ...
[2025-04-22 14:00:24] [INFO] sql_transformer_logger - SqlServ_procedures_demo_output.sql File is created successfully ...
[2025-04-22 14:00:24] [INFO] sql_transformer_logger - SQ_SRV_tables_demo (3).sql file read successfully ...
[2025-04-22 14:00:24] [INFO] sql_transformer_logger - SQ_SRV_tables_demo (3).sql File is created successfully ...
[2025-04-22 14:00:53] [INFO] sql_transformer_logger - successfully read json data ...
[2025-04-22 14:00:53] [INFO] sql_transformer_logger - Dataframe is created successfully ...
[2025-04-22 14:00:53] [INFO] sql_transformer_logger - successfully read json data ...
[2025-04-22 14:00:53] [INFO] sql_transformer_logger - Dataframe is created successfully ...
[2025-04-22 14:00:53] [INFO] sql_transformer_logger - sample.sql file read successfully ...
[2025-04-22 14:00:53] [INFO] sql_transformer_logger - sample.sql File is created successfully ...
[2025-04-22 14:00:53] [INFO] sql_transformer_logger - SqlServ_procedures_demo_output.sql file read successfully ...
[2025-04-22 14:00:53] [INFO] sql_transformer_logger - SqlServ_procedures_demo_output.sql File is created successfully ...
[2025-04-22 14:00:53] [INFO] sql_transformer_logger - SQ_SRV_tables_demo (3).sql file read successfully ...
[2025-04-22 14:00:53] [INFO] sql_transformer_logger - SQ_SRV_tables_demo (3).sql File is created successfully ...
[2025-04-22 14:51:13] [INFO] sql_transformer_logger - successfully read json data ...
[2025-04-22 14:51:13] [INFO] sql_transformer_logger - Dataframe is created successfully ...
[2025-04-22 14:51:13] [INFO] sql_transformer_logger - successfully read json data ...
[2025-04-22 14:51:13] [INFO] sql_transformer_logger - Dataframe is created successfully ...
[2025-04-22 14:51:13] [INFO] sql_transformer_logger - sample.sql file read successfully ...
[2025-04-22 14:51:13] [INFO] sql_transformer_logger - sample.sql File is created successfully ...
[2025-04-22 14:51:13] [INFO] sql_transformer_logger - SqlServ_procedures_demo_output.sql file read successfully ...
[2025-04-22 14:51:13] [INFO] sql_transformer_logger - SqlServ_procedures_demo_output.sql File is created successfully ...
[2025-04-22 14:51:13] [INFO] sql_transformer_logger - SqlServ_tables_demo_output.sql file read successfully ...
[2025-04-22 14:51:13] [INFO] sql_transformer_logger - SqlServ_tables_demo_output.sql File is created successfully ...
[2025-04-22 14:51:13] [INFO] sql_transformer_logger - SQ_SRV_tables_demo (3).sql file read successfully ...
[2025-04-22 14:51:13] [INFO] sql_transformer_logger - SQ_SRV_tables_demo (3).sql File is created successfully ...
[2025-04-22 14:57:57] [INFO] sql_transformer_logger - successfully read json data ...
[2025-04-22 14:57:57] [INFO] sql_transformer_logger - Dataframe is created successfully ...
[2025-04-22 14:57:57] [INFO] sql_transformer_logger - successfully read json data ...
[2025-04-22 14:57:57] [INFO] sql_transformer_logger - Dataframe is created successfully ...
[2025-04-22 14:57:57] [INFO] sql_transformer_logger - sample.sql file read successfully ...
[2025-04-22 14:57:58] [INFO] sql_transformer_logger - sample.sql File is created successfully ...
[2025-04-22 14:57:58] [INFO] sql_transformer_logger - SqlServ_functions_demo_output.sql file read successfully ...
[2025-04-22 14:57:58] [INFO] sql_transformer_logger - SqlServ_functions_demo_output.sql File is created successfully ...
[2025-04-22 14:57:58] [INFO] sql_transformer_logger - SqlServ_procedures_demo_output.sql file read successfully ...
[2025-04-22 14:57:58] [INFO] sql_transformer_logger - SqlServ_procedures_demo_output.sql File is created successfully ...
[2025-04-22 14:57:58] [INFO] sql_transformer_logger - SqlServ_tables_demo_output.sql file read successfully ...
[2025-04-22 14:57:58] [INFO] sql_transformer_logger - SqlServ_tables_demo_output.sql File is created successfully ...
[2025-04-22 14:57:58] [INFO] sql_transformer_logger - SqlServ_views_demo_output.sql file read successfully ...
[2025-04-22 14:57:58] [INFO] sql_transformer_logger - SqlServ_views_demo_output.sql File is created successfully ...
[2025-04-22 14:57:58] [INFO] sql_transformer_logger - SQ_SRV_tables_demo (3).sql file read successfully ...
[2025-04-22 14:57:58] [INFO] sql_transformer_logger - SQ_SRV_tables_demo (3).sql File is created successfully ...
[2025-04-22 15:41:33] [INFO] sql_transformer_logger - successfully read json data ...
[2025-04-22 15:41:33] [INFO] sql_transformer_logger - Dataframe is created successfully ...
[2025-04-22 15:41:33] [INFO] sql_transformer_logger - successfully read json data ...
[2025-04-22 15:41:33] [INFO] sql_transformer_logger - Dataframe is created successfully ...
[2025-04-22 15:41:33] [INFO] sql_transformer_logger - sample.sql file read successfully ...
[2025-04-22 15:45:41] [INFO] sql_transformer_logger - successfully read json data ...
[2025-04-22 15:45:41] [INFO] sql_transformer_logger - Dataframe is created successfully ...
[2025-04-22 15:45:41] [INFO] sql_transformer_logger - successfully read json data ...
[2025-04-22 15:45:41] [INFO] sql_transformer_logger - Dataframe is created successfully ...
[2025-04-22 15:45:41] [INFO] sql_transformer_logger - sample.sql file read successfully ...
[2025-04-22 15:47:23] [INFO] sql_transformer_logger - successfully read json data ...
[2025-04-22 15:47:23] [INFO] sql_transformer_logger - Dataframe is created successfully ...
[2025-04-22 15:47:23] [INFO] sql_transformer_logger - successfully read json data ...
[2025-04-22 15:47:23] [INFO] sql_transformer_logger - Dataframe is created successfully ...
[2025-04-22 15:47:23] [INFO] sql_transformer_logger - sample.sql file read successfully ...
[2025-04-22 15:49:14] [INFO] sql_transformer_logger - successfully read json data ...
[2025-04-22 15:49:14] [INFO] sql_transformer_logger - Dataframe is created successfully ...
[2025-04-22 15:49:14] [INFO] sql_transformer_logger - successfully read json data ...
[2025-04-22 15:49:14] [INFO] sql_transformer_logger - Dataframe is created successfully ...
[2025-04-22 15:49:15] [INFO] sql_transformer_logger - sample.sql file read successfully ...
[2025-04-22 15:49:15] [INFO] sql_transformer_logger - sample.sql File is created successfully ...
[2025-04-22 15:49:15] [INFO] sql_transformer_logger - SqlServ_functions_demo_output.sql file read successfully ...
[2025-04-22 15:49:15] [INFO] sql_transformer_logger - SqlServ_functions_demo_output.sql File is created successfully ...
[2025-04-22 15:49:15] [INFO] sql_transformer_logger - SqlServ_procedures_demo_output.sql file read successfully ...
[2025-04-22 15:49:15] [INFO] sql_transformer_logger - SqlServ_procedures_demo_output.sql File is created successfully ...
[2025-04-22 15:49:15] [INFO] sql_transformer_logger - SqlServ_tables_demo_output.sql file read successfully ...
[2025-04-22 15:49:15] [INFO] sql_transformer_logger - SqlServ_tables_demo_output.sql File is created successfully ...
[2025-04-22 15:49:15] [INFO] sql_transformer_logger - SqlServ_views_demo_output.sql file read successfully ...
[2025-04-22 15:49:15] [INFO] sql_transformer_logger - SqlServ_views_demo_output.sql File is created successfully ...
[2025-04-22 15:49:15] [INFO] sql_transformer_logger - SQ_SRV_tables_demo (3).sql file read successfully ...
[2025-04-22 15:49:15] [INFO] sql_transformer_logger - SQ_SRV_tables_demo (3).sql File is created successfully ...
[2025-04-22 15:50:20] [INFO] sql_transformer_logger - successfully read json data ...
[2025-04-22 15:50:20] [INFO] sql_transformer_logger - Dataframe is created successfully ...
[2025-04-22 15:50:20] [INFO] sql_transformer_logger - successfully read json data ...
[2025-04-22 15:50:20] [INFO] sql_transformer_logger - Dataframe is created successfully ...
[2025-04-22 15:50:20] [INFO] sql_transformer_logger - sample.sql file read successfully ...
[2025-04-22 15:50:20] [INFO] sql_transformer_logger - sample.sql File is created successfully ...
[2025-04-22 15:50:20] [INFO] sql_transformer_logger - SqlServ_functions_demo_output.sql file read successfully ...
[2025-04-22 15:50:20] [INFO] sql_transformer_logger - SqlServ_functions_demo_output.sql File is created successfully ...
[2025-04-22 15:50:20] [INFO] sql_transformer_logger - SqlServ_procedures_demo_output.sql file read successfully ...
[2025-04-22 15:50:20] [INFO] sql_transformer_logger - SqlServ_procedures_demo_output.sql File is created successfully ...
[2025-04-22 15:50:20] [INFO] sql_transformer_logger - SqlServ_tables_demo_output.sql file read successfully ...
[2025-04-22 15:50:20] [INFO] sql_transformer_logger - SqlServ_tables_demo_output.sql File is created successfully ...
[2025-04-22 15:50:20] [INFO] sql_transformer_logger - SqlServ_views_demo_output.sql file read successfully ...
[2025-04-22 15:50:20] [INFO] sql_transformer_logger - SqlServ_views_demo_output.sql File is created successfully ...
[2025-04-22 15:50:20] [INFO] sql_transformer_logger - SQ_SRV_tables_demo (3).sql file read successfully ...
[2025-04-22 15:50:20] [INFO] sql_transformer_logger - SQ_SRV_tables_demo (3).sql File is created successfully ...
[2025-04-22 15:51:35] [INFO] sql_transformer_logger - successfully read json data ...
[2025-04-22 15:51:35] [INFO] sql_transformer_logger - Dataframe is created successfully ...
[2025-04-22 15:51:35] [INFO] sql_transformer_logger - successfully read json data ...
[2025-04-22 15:51:35] [INFO] sql_transformer_logger - Dataframe is created successfully ...
[2025-04-22 15:51:35] [INFO] sql_transformer_logger - sample.sql file read successfully ...
[2025-04-22 15:51:35] [INFO] sql_transformer_logger - sample.sql File is created successfully ...
[2025-04-22 15:51:35] [INFO] sql_transformer_logger - SqlServ_functions_demo_output.sql file read successfully ...
[2025-04-22 15:51:35] [INFO] sql_transformer_logger - SqlServ_functions_demo_output.sql File is created successfully ...
[2025-04-22 15:51:35] [INFO] sql_transformer_logger - SqlServ_procedures_demo_output.sql file read successfully ...
[2025-04-22 15:51:35] [INFO] sql_transformer_logger - SqlServ_procedures_demo_output.sql File is created successfully ...
[2025-04-22 15:51:35] [INFO] sql_transformer_logger - SqlServ_tables_demo_output.sql file read successfully ...
[2025-04-22 15:51:35] [INFO] sql_transformer_logger - SqlServ_tables_demo_output.sql File is created successfully ...
[2025-04-22 15:51:35] [INFO] sql_transformer_logger - SqlServ_views_demo_output.sql file read successfully ...
[2025-04-22 15:51:35] [INFO] sql_transformer_logger - SqlServ_views_demo_output.sql File is created successfully ...
[2025-04-22 15:51:35] [INFO] sql_transformer_logger - SQ_SRV_tables_demo (3).sql file read successfully ...
[2025-04-22 15:51:35] [INFO] sql_transformer_logger - SQ_SRV_tables_demo (3).sql File is created successfully ...
[2025-04-22 16:09:53] [INFO] sql_transformer_logger - successfully read json data ...
[2025-04-22 16:09:53] [INFO] sql_transformer_logger - Dataframe is created successfully ...
[2025-04-22 16:09:53] [INFO] sql_transformer_logger - successfully read json data ...
[2025-04-22 16:09:53] [INFO] sql_transformer_logger - Dataframe is created successfully ...
[2025-04-22 16:09:53] [INFO] sql_transformer_logger - sample.sql file read successfully ...
[2025-04-22 16:09:53] [INFO] sql_transformer_logger - sample.sql File is created successfully ...
[2025-04-22 16:09:53] [INFO] sql_transformer_logger - SqlServ_functions_demo_output.sql file read successfully ...
[2025-04-22 16:09:53] [INFO] sql_transformer_logger - SqlServ_functions_demo_output.sql File is created successfully ...
[2025-04-22 16:09:53] [INFO] sql_transformer_logger - SqlServ_procedures_demo_output.sql file read successfully ...
[2025-04-22 16:09:53] [INFO] sql_transformer_logger - SqlServ_procedures_demo_output.sql File is created successfully ...
[2025-04-22 16:09:53] [INFO] sql_transformer_logger - SqlServ_tables_demo_output.sql file read successfully ...
[2025-04-22 16:09:53] [INFO] sql_transformer_logger - SqlServ_tables_demo_output.sql File is created successfully ...
[2025-04-22 16:09:53] [INFO] sql_transformer_logger - SqlServ_views_demo_output.sql file read successfully ...
[2025-04-22 16:09:53] [INFO] sql_transformer_logger - SqlServ_views_demo_output.sql File is created successfully ...
[2025-04-22 16:09:53] [INFO] sql_transformer_logger - SQ_SRV_tables_demo (3).sql file read successfully ...
[2025-04-22 16:09:53] [INFO] sql_transformer_logger - SQ_SRV_tables_demo (3).sql File is created successfully ...
[2025-04-22 16:12:38] [INFO] sql_transformer_logger - successfully read json data ...
[2025-04-22 16:12:38] [INFO] sql_transformer_logger - Dataframe is created successfully ...
[2025-04-22 16:12:38] [INFO] sql_transformer_logger - successfully read json data ...
[2025-04-22 16:12:38] [INFO] sql_transformer_logger - Dataframe is created successfully ...
[2025-04-22 16:12:38] [INFO] sql_transformer_logger - sample.sql file read successfully ...
[2025-04-22 16:12:38] [INFO] sql_transformer_logger - sample.sql File is created successfully ...
[2025-04-22 16:12:38] [INFO] sql_transformer_logger - SqlServ_functions_demo_output.sql file read successfully ...
[2025-04-22 16:12:38] [INFO] sql_transformer_logger - SqlServ_functions_demo_output.sql File is created successfully ...
[2025-04-22 16:12:38] [INFO] sql_transformer_logger - SqlServ_procedures_demo_output.sql file read successfully ...
[2025-04-22 16:12:38] [INFO] sql_transformer_logger - SqlServ_procedures_demo_output.sql File is created successfully ...
[2025-04-22 16:12:38] [INFO] sql_transformer_logger - SqlServ_tables_demo_output.sql file read successfully ...
[2025-04-22 16:12:38] [INFO] sql_transformer_logger - SqlServ_tables_demo_output.sql File is created successfully ...
[2025-04-22 16:12:38] [INFO] sql_transformer_logger - SqlServ_views_demo_output.sql file read successfully ...
[2025-04-22 16:12:38] [INFO] sql_transformer_logger - SqlServ_views_demo_output.sql File is created successfully ...
[2025-04-22 16:12:38] [INFO] sql_transformer_logger - SQ_SRV_tables_demo (3).sql file read successfully ...
[2025-04-22 16:12:38] [INFO] sql_transformer_logger - SQ_SRV_tables_demo (3).sql File is created successfully ...
[2025-04-22 16:13:02] [INFO] sql_transformer_logger - successfully read json data ...
[2025-04-22 16:13:02] [INFO] sql_transformer_logger - Dataframe is created successfully ...
[2025-04-22 16:13:02] [INFO] sql_transformer_logger - successfully read json data ...
[2025-04-22 16:13:02] [INFO] sql_transformer_logger - Dataframe is created successfully ...
[2025-04-22 16:13:02] [INFO] sql_transformer_logger - sample.sql file read successfully ...
[2025-04-22 16:13:02] [INFO] sql_transformer_logger - sample.sql File is created successfully ...
[2025-04-22 16:13:02] [INFO] sql_transformer_logger - SqlServ_functions_demo_output.sql file read successfully ...
[2025-04-22 16:13:02] [INFO] sql_transformer_logger - SqlServ_functions_demo_output.sql File is created successfully ...
[2025-04-22 16:13:02] [INFO] sql_transformer_logger - SqlServ_procedures_demo_output.sql file read successfully ...
[2025-04-22 16:13:02] [INFO] sql_transformer_logger - SqlServ_procedures_demo_output.sql File is created successfully ...
[2025-04-22 16:13:02] [INFO] sql_transformer_logger - SqlServ_tables_demo_output.sql file read successfully ...
[2025-04-22 16:13:02] [INFO] sql_transformer_logger - SqlServ_tables_demo_output.sql File is created successfully ...
[2025-04-22 16:13:02] [INFO] sql_transformer_logger - SqlServ_views_demo_output.sql file read successfully ...
[2025-04-22 16:13:02] [INFO] sql_transformer_logger - SqlServ_views_demo_output.sql File is created successfully ...
[2025-04-22 16:13:02] [INFO] sql_transformer_logger - SQ_SRV_tables_demo (3).sql file read successfully ...
[2025-04-22 16:13:02] [INFO] sql_transformer_logger - SQ_SRV_tables_demo (3).sql File is created successfully ...
[2025-04-22 16:14:41] [INFO] sql_transformer_logger - successfully read json data ...
[2025-04-22 16:14:41] [INFO] sql_transformer_logger - Dataframe is created successfully ...
[2025-04-22 16:14:41] [INFO] sql_transformer_logger - successfully read json data ...
[2025-04-22 16:14:41] [INFO] sql_transformer_logger - Dataframe is created successfully ...
[2025-04-22 16:14:41] [INFO] sql_transformer_logger - sample.sql file read successfully ...
[2025-04-22 16:14:41] [INFO] sql_transformer_logger - sample.sql File is created successfully ...
[2025-04-22 16:14:41] [INFO] sql_transformer_logger - SqlServ_functions_demo_output.sql file read successfully ...
[2025-04-22 16:14:41] [INFO] sql_transformer_logger - SqlServ_functions_demo_output.sql File is created successfully ...
[2025-04-22 16:14:41] [INFO] sql_transformer_logger - SqlServ_procedures_demo_output.sql file read successfully ...
[2025-04-22 16:14:41] [INFO] sql_transformer_logger - SqlServ_procedures_demo_output.sql File is created successfully ...
[2025-04-22 16:14:41] [INFO] sql_transformer_logger - SqlServ_tables_demo_output.sql file read successfully ...
[2025-04-22 16:14:41] [INFO] sql_transformer_logger - SqlServ_tables_demo_output.sql File is created successfully ...
[2025-04-22 16:14:41] [INFO] sql_transformer_logger - SqlServ_views_demo_output.sql file read successfully ...
[2025-04-22 16:14:41] [INFO] sql_transformer_logger - SqlServ_views_demo_output.sql File is created successfully ...
[2025-04-22 16:14:41] [INFO] sql_transformer_logger - SQ_SRV_tables_demo (3).sql file read successfully ...
[2025-04-22 16:14:41] [INFO] sql_transformer_logger - SQ_SRV_tables_demo (3).sql File is created successfully ...
[2025-04-22 16:16:04] [INFO] sql_transformer_logger - successfully read json data ...
[2025-04-22 16:16:04] [INFO] sql_transformer_logger - Dataframe is created successfully ...
[2025-04-22 16:16:04] [INFO] sql_transformer_logger - successfully read json data ...
[2025-04-22 16:16:04] [INFO] sql_transformer_logger - Dataframe is created successfully ...
[2025-04-22 16:16:04] [INFO] sql_transformer_logger - sample.sql file read successfully ...
[2025-04-22 16:16:04] [INFO] sql_transformer_logger - sample.sql File is created successfully ...
[2025-04-22 16:16:04] [INFO] sql_transformer_logger - SqlServ_functions_demo_output.sql file read successfully ...
[2025-04-22 16:16:04] [INFO] sql_transformer_logger - SqlServ_functions_demo_output.sql File is created successfully ...
[2025-04-22 16:16:04] [INFO] sql_transformer_logger - SqlServ_procedures_demo_output.sql file read successfully ...
[2025-04-22 16:16:04] [INFO] sql_transformer_logger - SqlServ_procedures_demo_output.sql File is created successfully ...
[2025-04-22 16:16:04] [INFO] sql_transformer_logger - SqlServ_tables_demo_output.sql file read successfully ...
[2025-04-22 16:16:04] [INFO] sql_transformer_logger - SqlServ_tables_demo_output.sql File is created successfully ...
[2025-04-22 16:16:04] [INFO] sql_transformer_logger - SqlServ_views_demo_output.sql file read successfully ...
[2025-04-22 16:16:04] [INFO] sql_transformer_logger - SqlServ_views_demo_output.sql File is created successfully ...
[2025-04-22 16:16:04] [INFO] sql_transformer_logger - SQ_SRV_tables_demo (3).sql file read successfully ...
[2025-04-22 16:16:04] [INFO] sql_transformer_logger - SQ_SRV_tables_demo (3).sql File is created successfully ...
[2025-04-22 16:17:33] [INFO] sql_transformer_logger - successfully read json data ...
[2025-04-22 16:17:33] [INFO] sql_transformer_logger - Dataframe is created successfully ...
[2025-04-22 16:17:33] [INFO] sql_transformer_logger - successfully read json data ...
[2025-04-22 16:17:33] [INFO] sql_transformer_logger - Dataframe is created successfully ...
[2025-04-22 16:17:33] [INFO] sql_transformer_logger - sample.sql file read successfully ...
[2025-04-22 16:23:47] [INFO] sql_transformer_logger - successfully read json data ...
[2025-04-22 16:23:47] [INFO] sql_transformer_logger - Dataframe is created successfully ...
[2025-04-22 16:23:47] [INFO] sql_transformer_logger - successfully read json data ...
[2025-04-22 16:23:47] [INFO] sql_transformer_logger - Dataframe is created successfully ...
[2025-04-22 16:23:47] [INFO] sql_transformer_logger - sample.sql file read successfully ...
[2025-04-22 16:23:47] [INFO] sql_transformer_logger - sample.sql File is created successfully ...
[2025-04-22 16:23:47] [INFO] sql_transformer_logger - SqlServ_functions_demo_output.sql file read successfully ...
[2025-04-22 16:23:47] [INFO] sql_transformer_logger - SqlServ_functions_demo_output.sql File is created successfully ...
[2025-04-22 16:23:47] [INFO] sql_transformer_logger - SqlServ_procedures_demo_output.sql file read successfully ...
[2025-04-22 16:23:47] [INFO] sql_transformer_logger - SqlServ_procedures_demo_output.sql File is created successfully ...
[2025-04-22 16:23:47] [INFO] sql_transformer_logger - SqlServ_tables_demo_output.sql file read successfully ...
[2025-04-22 16:23:47] [INFO] sql_transformer_logger - SqlServ_tables_demo_output.sql File is created successfully ...
[2025-04-22 16:23:47] [INFO] sql_transformer_logger - SqlServ_views_demo_output.sql file read successfully ...
[2025-04-22 16:23:47] [INFO] sql_transformer_logger - SqlServ_views_demo_output.sql File is created successfully ...
[2025-04-22 16:23:47] [INFO] sql_transformer_logger - SQ_SRV_tables_demo (3).sql file read successfully ...
[2025-04-22 16:23:47] [INFO] sql_transformer_logger - SQ_SRV_tables_demo (3).sql File is created successfully ...
[2025-04-22 16:24:43] [INFO] sql_transformer_logger - successfully read json data ...
[2025-04-22 16:24:43] [INFO] sql_transformer_logger - Dataframe is created successfully ...
[2025-04-22 16:24:43] [INFO] sql_transformer_logger - successfully read json data ...
[2025-04-22 16:24:43] [INFO] sql_transformer_logger - Dataframe is created successfully ...
[2025-04-22 16:24:44] [INFO] sql_transformer_logger - json.sql file read successfully ...
[2025-04-22 16:24:44] [INFO] sql_transformer_logger - json.sql File is created successfully ...
[2025-04-22 16:24:44] [INFO] sql_transformer_logger - sample.sql file read successfully ...
[2025-04-22 16:24:44] [INFO] sql_transformer_logger - sample.sql File is created successfully ...
[2025-04-22 16:24:44] [INFO] sql_transformer_logger - SqlServ_functions_demo_output.sql file read successfully ...
[2025-04-22 16:24:44] [INFO] sql_transformer_logger - SqlServ_functions_demo_output.sql File is created successfully ...
[2025-04-22 16:24:44] [INFO] sql_transformer_logger - SqlServ_procedures_demo_output.sql file read successfully ...
[2025-04-22 16:24:44] [INFO] sql_transformer_logger - SqlServ_procedures_demo_output.sql File is created successfully ...
[2025-04-22 16:24:44] [INFO] sql_transformer_logger - SqlServ_tables_demo_output.sql file read successfully ...
[2025-04-22 16:24:44] [INFO] sql_transformer_logger - SqlServ_tables_demo_output.sql File is created successfully ...
[2025-04-22 16:24:44] [INFO] sql_transformer_logger - SqlServ_views_demo_output.sql file read successfully ...
[2025-04-22 16:24:44] [INFO] sql_transformer_logger - SqlServ_views_demo_output.sql File is created successfully ...
[2025-04-22 16:24:44] [INFO] sql_transformer_logger - SQ_SRV_tables_demo (3).sql file read successfully ...
[2025-04-22 16:24:44] [INFO] sql_transformer_logger - SQ_SRV_tables_demo (3).sql File is created successfully ...
[2025-04-22 16:26:01] [INFO] sql_transformer_logger - successfully read json data ...
[2025-04-22 16:26:01] [INFO] sql_transformer_logger - Dataframe is created successfully ...
[2025-04-22 16:26:01] [INFO] sql_transformer_logger - successfully read json data ...
[2025-04-22 16:26:01] [INFO] sql_transformer_logger - Dataframe is created successfully ...
[2025-04-22 16:26:01] [INFO] sql_transformer_logger - input2_oltpdb_proc_output.sql file read successfully ...
[2025-04-22 16:26:01] [INFO] sql_transformer_logger - input2_oltpdb_proc_output.sql File is created successfully ...
[2025-04-22 16:26:01] [INFO] sql_transformer_logger - json.sql file read successfully ...
[2025-04-22 16:26:01] [INFO] sql_transformer_logger - json.sql File is created successfully ...
[2025-04-22 16:26:01] [INFO] sql_transformer_logger - sample.sql file read successfully ...
[2025-04-22 16:26:01] [INFO] sql_transformer_logger - sample.sql File is created successfully ...
[2025-04-22 16:26:01] [INFO] sql_transformer_logger - SqlServ_functions_demo_output.sql file read successfully ...
[2025-04-22 16:26:01] [INFO] sql_transformer_logger - SqlServ_functions_demo_output.sql File is created successfully ...
[2025-04-22 16:26:01] [INFO] sql_transformer_logger - SqlServ_procedures_demo_output.sql file read successfully ...
[2025-04-22 16:26:01] [INFO] sql_transformer_logger - SqlServ_procedures_demo_output.sql File is created successfully ...
[2025-04-22 16:26:01] [INFO] sql_transformer_logger - SqlServ_tables_demo_output.sql file read successfully ...
[2025-04-22 16:26:01] [INFO] sql_transformer_logger - SqlServ_tables_demo_output.sql File is created successfully ...
[2025-04-22 16:26:01] [INFO] sql_transformer_logger - SqlServ_views_demo_output.sql file read successfully ...
[2025-04-22 16:26:01] [INFO] sql_transformer_logger - SqlServ_views_demo_output.sql File is created successfully ...
[2025-04-22 16:26:01] [INFO] sql_transformer_logger - SQ_SRV_tables_demo (3).sql file read successfully ...
[2025-04-22 16:26:01] [INFO] sql_transformer_logger - SQ_SRV_tables_demo (3).sql File is created successfully ...
[2025-04-22 16:39:11] [INFO] sql_transformer_logger - successfully read json data ...
[2025-04-22 16:39:11] [INFO] sql_transformer_logger - Dataframe is created successfully ...
[2025-04-22 16:39:11] [INFO] sql_transformer_logger - successfully read json data ...
[2025-04-22 16:39:11] [INFO] sql_transformer_logger - Dataframe is created successfully ...
[2025-04-22 16:39:11] [INFO] sql_transformer_logger - input2_oltpdb_proc_output.sql file read successfully ...
[2025-04-22 16:39:11] [INFO] sql_transformer_logger - input2_oltpdb_proc_output.sql File is created successfully ...
[2025-04-22 16:39:11] [INFO] sql_transformer_logger - json.sql file read successfully ...
[2025-04-22 16:39:11] [INFO] sql_transformer_logger - json.sql File is created successfully ...
[2025-04-22 16:39:11] [INFO] sql_transformer_logger - sample.sql file read successfully ...
[2025-04-22 16:39:11] [INFO] sql_transformer_logger - sample.sql File is created successfully ...
[2025-04-22 16:39:11] [INFO] sql_transformer_logger - SqlServ_functions_demo_output.sql file read successfully ...
[2025-04-22 16:39:11] [INFO] sql_transformer_logger - SqlServ_functions_demo_output.sql File is created successfully ...
[2025-04-22 16:39:11] [INFO] sql_transformer_logger - SqlServ_procedures_demo_output.sql file read successfully ...
[2025-04-22 16:39:11] [INFO] sql_transformer_logger - SqlServ_procedures_demo_output.sql File is created successfully ...
[2025-04-22 16:39:11] [INFO] sql_transformer_logger - SqlServ_tables_demo_output.sql file read successfully ...
[2025-04-22 16:39:11] [INFO] sql_transformer_logger - SqlServ_tables_demo_output.sql File is created successfully ...
[2025-04-22 16:39:11] [INFO] sql_transformer_logger - SqlServ_views_demo_output.sql file read successfully ...
[2025-04-22 16:39:11] [INFO] sql_transformer_logger - SqlServ_views_demo_output.sql File is created successfully ...
[2025-04-22 16:39:11] [INFO] sql_transformer_logger - SQ_SRV_tables_demo (3).sql file read successfully ...
[2025-04-22 16:39:11] [INFO] sql_transformer_logger - SQ_SRV_tables_demo (3).sql File is created successfully ...
[2025-04-22 16:40:28] [INFO] sql_transformer_logger - successfully read json data ...
[2025-04-22 16:40:28] [INFO] sql_transformer_logger - Dataframe is created successfully ...
[2025-04-22 16:40:28] [INFO] sql_transformer_logger - successfully read json data ...
[2025-04-22 16:40:28] [INFO] sql_transformer_logger - Dataframe is created successfully ...
[2025-04-22 16:40:28] [INFO] sql_transformer_logger - input2_oltpdb_proc_output.sql file read successfully ...
[2025-04-22 16:40:28] [INFO] sql_transformer_logger - input2_oltpdb_proc_output.sql File is created successfully ...
[2025-04-22 16:40:28] [INFO] sql_transformer_logger - json.sql file read successfully ...
[2025-04-22 16:40:28] [INFO] sql_transformer_logger - json.sql File is created successfully ...
[2025-04-22 16:40:28] [INFO] sql_transformer_logger - sample.sql file read successfully ...
[2025-04-22 16:40:28] [INFO] sql_transformer_logger - sample.sql File is created successfully ...
[2025-04-22 16:40:28] [INFO] sql_transformer_logger - SqlServ_functions_demo_output.sql file read successfully ...
[2025-04-22 16:40:28] [INFO] sql_transformer_logger - SqlServ_functions_demo_output.sql File is created successfully ...
[2025-04-22 16:40:28] [INFO] sql_transformer_logger - SqlServ_procedures_demo_output.sql file read successfully ...
[2025-04-22 16:40:28] [INFO] sql_transformer_logger - SqlServ_procedures_demo_output.sql File is created successfully ...
[2025-04-22 16:40:28] [INFO] sql_transformer_logger - SqlServ_tables_demo_output.sql file read successfully ...
[2025-04-22 16:40:28] [INFO] sql_transformer_logger - SqlServ_tables_demo_output.sql File is created successfully ...
[2025-04-22 16:40:28] [INFO] sql_transformer_logger - SqlServ_views_demo_output.sql file read successfully ...
[2025-04-22 16:40:28] [INFO] sql_transformer_logger - SqlServ_views_demo_output.sql File is created successfully ...
[2025-04-22 16:40:28] [INFO] sql_transformer_logger - SQ_SRV_tables_demo (3).sql file read successfully ...
[2025-04-22 16:40:28] [INFO] sql_transformer_logger - SQ_SRV_tables_demo (3).sql File is created successfully ...
[2025-04-22 16:41:19] [INFO] sql_transformer_logger - successfully read json data ...
[2025-04-22 16:41:19] [INFO] sql_transformer_logger - Dataframe is created successfully ...
[2025-04-22 16:41:19] [INFO] sql_transformer_logger - successfully read json data ...
[2025-04-22 16:41:19] [INFO] sql_transformer_logger - Dataframe is created successfully ...
[2025-04-22 16:41:19] [INFO] sql_transformer_logger - input2_oltpdb_proc_output.sql file read successfully ...
[2025-04-22 16:41:19] [INFO] sql_transformer_logger - input2_oltpdb_proc_output.sql File is created successfully ...
[2025-04-22 16:41:19] [INFO] sql_transformer_logger - json.sql file read successfully ...
[2025-04-22 16:41:19] [INFO] sql_transformer_logger - json.sql File is created successfully ...
[2025-04-22 16:41:19] [INFO] sql_transformer_logger - sample.sql file read successfully ...
[2025-04-22 16:41:19] [INFO] sql_transformer_logger - sample.sql File is created successfully ...
[2025-04-22 16:41:19] [INFO] sql_transformer_logger - SqlServ_functions_demo_output.sql file read successfully ...
[2025-04-22 16:41:19] [INFO] sql_transformer_logger - SqlServ_functions_demo_output.sql File is created successfully ...
[2025-04-22 16:41:19] [INFO] sql_transformer_logger - SqlServ_procedures_demo_output.sql file read successfully ...
[2025-04-22 16:41:19] [INFO] sql_transformer_logger - SqlServ_procedures_demo_output.sql File is created successfully ...
[2025-04-22 16:41:19] [INFO] sql_transformer_logger - SqlServ_tables_demo_output.sql file read successfully ...
[2025-04-22 16:41:19] [INFO] sql_transformer_logger - SqlServ_tables_demo_output.sql File is created successfully ...
[2025-04-22 16:41:19] [INFO] sql_transformer_logger - SqlServ_views_demo_output.sql file read successfully ...
[2025-04-22 16:41:19] [INFO] sql_transformer_logger - SqlServ_views_demo_output.sql File is created successfully ...
[2025-04-22 16:41:19] [INFO] sql_transformer_logger - SQ_SRV_tables_demo (3).sql file read successfully ...
[2025-04-22 16:41:19] [INFO] sql_transformer_logger - SQ_SRV_tables_demo (3).sql File is created successfully ...
[2025-04-22 16:48:42] [INFO] sql_transformer_logger - successfully read json data ...
[2025-04-22 16:48:42] [INFO] sql_transformer_logger - Dataframe is created successfully ...
[2025-04-22 16:48:42] [INFO] sql_transformer_logger - successfully read json data ...
[2025-04-22 16:48:42] [INFO] sql_transformer_logger - Dataframe is created successfully ...
[2025-04-22 16:48:42] [INFO] sql_transformer_logger - input2_oltpdb_proc_output.sql file read successfully ...
[2025-04-22 16:48:42] [INFO] sql_transformer_logger - input2_oltpdb_proc_output.sql File is created successfully ...
[2025-04-22 16:48:42] [INFO] sql_transformer_logger - input2_oltpdb_views_output.sql file read successfully ...
[2025-04-22 16:48:42] [INFO] sql_transformer_logger - input2_oltpdb_views_output.sql File is created successfully ...
[2025-04-22 16:48:42] [INFO] sql_transformer_logger - json.sql file read successfully ...
[2025-04-22 16:48:42] [INFO] sql_transformer_logger - json.sql File is created successfully ...
[2025-04-22 16:48:42] [INFO] sql_transformer_logger - oltpdb_proc_error_message.sql file read successfully ...
[2025-04-22 16:48:42] [INFO] sql_transformer_logger - oltpdb_proc_error_message.sql File is created successfully ...
[2025-04-22 16:48:42] [INFO] sql_transformer_logger - sample.sql file read successfully ...
[2025-04-22 16:48:42] [INFO] sql_transformer_logger - sample.sql File is created successfully ...
[2025-04-22 16:48:42] [INFO] sql_transformer_logger - SqlServ_functions_demo_output.sql file read successfully ...
[2025-04-22 16:48:42] [INFO] sql_transformer_logger - SqlServ_functions_demo_output.sql File is created successfully ...
[2025-04-22 16:48:42] [INFO] sql_transformer_logger - SqlServ_procedures_demo_output.sql file read successfully ...
[2025-04-22 16:48:42] [INFO] sql_transformer_logger - SqlServ_procedures_demo_output.sql File is created successfully ...
[2025-04-22 16:48:42] [INFO] sql_transformer_logger - SqlServ_tables_demo_output.sql file read successfully ...
[2025-04-22 16:48:42] [INFO] sql_transformer_logger - SqlServ_tables_demo_output.sql File is created successfully ...
[2025-04-22 16:48:42] [INFO] sql_transformer_logger - SqlServ_views_demo_output.sql file read successfully ...
[2025-04-22 16:48:42] [INFO] sql_transformer_logger - SqlServ_views_demo_output.sql File is created successfully ...
[2025-04-22 16:48:42] [INFO] sql_transformer_logger - SQ_SRV_tables_demo (3).sql file read successfully ...
[2025-04-22 16:48:42] [INFO] sql_transformer_logger - SQ_SRV_tables_demo (3).sql File is created successfully ...
[2025-04-22 17:15:48] [INFO] sql_transformer_logger - successfully read json data ...
[2025-04-22 17:15:48] [INFO] sql_transformer_logger - Dataframe is created successfully ...
[2025-04-22 17:15:48] [INFO] sql_transformer_logger - successfully read json data ...
[2025-04-22 17:15:48] [INFO] sql_transformer_logger - Dataframe is created successfully ...
[2025-04-22 17:15:48] [INFO] sql_transformer_logger - input2_oltpdb_proc_output.sql file read successfully ...
[2025-04-22 17:15:48] [INFO] sql_transformer_logger - input2_oltpdb_proc_output.sql File is created successfully ...
[2025-04-22 17:15:48] [INFO] sql_transformer_logger - input2_oltpdb_views_output.sql file read successfully ...
[2025-04-22 17:15:48] [INFO] sql_transformer_logger - input2_oltpdb_views_output.sql File is created successfully ...
[2025-04-22 17:15:48] [INFO] sql_transformer_logger - json.sql file read successfully ...
[2025-04-22 17:15:48] [INFO] sql_transformer_logger - json.sql File is created successfully ...
[2025-04-22 17:15:48] [INFO] sql_transformer_logger - oltpdb_proc_error_message.sql file read successfully ...
[2025-04-22 17:15:48] [INFO] sql_transformer_logger - oltpdb_proc_error_message.sql File is created successfully ...
[2025-04-22 17:15:48] [INFO] sql_transformer_logger - sample.sql file read successfully ...
[2025-04-22 17:15:48] [INFO] sql_transformer_logger - sample.sql File is created successfully ...
[2025-04-22 17:15:48] [INFO] sql_transformer_logger - SqlServ_functions_demo_output.sql file read successfully ...
[2025-04-22 17:15:48] [INFO] sql_transformer_logger - SqlServ_functions_demo_output.sql File is created successfully ...
[2025-04-22 17:15:48] [INFO] sql_transformer_logger - SqlServ_procedures_demo_output.sql file read successfully ...
[2025-04-22 17:15:48] [INFO] sql_transformer_logger - SqlServ_procedures_demo_output.sql File is created successfully ...
[2025-04-22 17:15:48] [INFO] sql_transformer_logger - SqlServ_tables_demo_output.sql file read successfully ...
[2025-04-22 17:15:48] [INFO] sql_transformer_logger - SqlServ_tables_demo_output.sql File is created successfully ...
[2025-04-22 17:15:48] [INFO] sql_transformer_logger - SqlServ_views_demo_output.sql file read successfully ...
[2025-04-22 17:15:48] [INFO] sql_transformer_logger - SqlServ_views_demo_output.sql File is created successfully ...
[2025-04-22 17:15:48] [INFO] sql_transformer_logger - SQ_SRV_tables_demo (3).sql file read successfully ...
[2025-04-22 17:15:48] [INFO] sql_transformer_logger - SQ_SRV_tables_demo (3).sql File is created successfully ...
[2025-04-22 17:17:04] [INFO] sql_transformer_logger - successfully read json data ...
[2025-04-22 17:17:04] [INFO] sql_transformer_logger - Dataframe is created successfully ...
[2025-04-22 17:17:04] [INFO] sql_transformer_logger - successfully read json data ...
[2025-04-22 17:17:04] [INFO] sql_transformer_logger - Dataframe is created successfully ...
[2025-04-22 17:17:04] [INFO] sql_transformer_logger - input2_oltpdb_proc_output.sql file read successfully ...
[2025-04-22 17:17:05] [INFO] sql_transformer_logger - input2_oltpdb_proc_output.sql File is created successfully ...
[2025-04-22 17:17:05] [INFO] sql_transformer_logger - input2_oltpdb_views_output.sql file read successfully ...
[2025-04-22 17:17:05] [INFO] sql_transformer_logger - input2_oltpdb_views_output.sql File is created successfully ...
[2025-04-22 17:17:05] [INFO] sql_transformer_logger - json.sql file read successfully ...
[2025-04-22 17:17:05] [INFO] sql_transformer_logger - json.sql File is created successfully ...
[2025-04-22 17:17:05] [INFO] sql_transformer_logger - oltpdb_proc_error_message.sql file read successfully ...
[2025-04-22 17:17:05] [INFO] sql_transformer_logger - oltpdb_proc_error_message.sql File is created successfully ...
[2025-04-22 17:17:05] [INFO] sql_transformer_logger - sample.sql file read successfully ...
[2025-04-22 17:17:05] [INFO] sql_transformer_logger - sample.sql File is created successfully ...
[2025-04-22 17:17:05] [INFO] sql_transformer_logger - SqlServ_functions_demo_output.sql file read successfully ...
[2025-04-22 17:17:05] [INFO] sql_transformer_logger - SqlServ_functions_demo_output.sql File is created successfully ...
[2025-04-22 17:17:05] [INFO] sql_transformer_logger - SqlServ_procedures_demo_output.sql file read successfully ...
[2025-04-22 17:17:05] [INFO] sql_transformer_logger - SqlServ_procedures_demo_output.sql File is created successfully ...
[2025-04-22 17:17:05] [INFO] sql_transformer_logger - SqlServ_tables_demo_output.sql file read successfully ...
[2025-04-22 17:17:05] [INFO] sql_transformer_logger - SqlServ_tables_demo_output.sql File is created successfully ...
[2025-04-22 17:17:05] [INFO] sql_transformer_logger - SqlServ_views_demo_output.sql file read successfully ...
[2025-04-22 17:17:05] [INFO] sql_transformer_logger - SqlServ_views_demo_output.sql File is created successfully ...
[2025-04-22 17:17:05] [INFO] sql_transformer_logger - SQ_SRV_tables_demo (3).sql file read successfully ...
[2025-04-22 17:17:05] [INFO] sql_transformer_logger - SQ_SRV_tables_demo (3).sql File is created successfully ...
[2025-04-22 17:19:47] [INFO] sql_transformer_logger - successfully read json data ...
[2025-04-22 17:19:47] [INFO] sql_transformer_logger - Dataframe is created successfully ...
[2025-04-22 17:19:47] [INFO] sql_transformer_logger - successfully read json data ...
[2025-04-22 17:19:47] [INFO] sql_transformer_logger - Dataframe is created successfully ...
[2025-04-22 17:19:47] [INFO] sql_transformer_logger - input2_oltpdb_proc_output.sql file read successfully ...
[2025-04-22 17:19:47] [INFO] sql_transformer_logger - input2_oltpdb_proc_output.sql File is created successfully ...
[2025-04-22 17:19:47] [INFO] sql_transformer_logger - input2_oltpdb_views_output.sql file read successfully ...
[2025-04-22 17:19:47] [INFO] sql_transformer_logger - input2_oltpdb_views_output.sql File is created successfully ...
[2025-04-22 17:19:47] [INFO] sql_transformer_logger - json.sql file read successfully ...
[2025-04-22 17:19:47] [INFO] sql_transformer_logger - json.sql File is created successfully ...
[2025-04-22 17:19:47] [INFO] sql_transformer_logger - oltpdb_proc_error_message.sql file read successfully ...
[2025-04-22 17:19:47] [INFO] sql_transformer_logger - oltpdb_proc_error_message.sql File is created successfully ...
[2025-04-22 17:19:47] [INFO] sql_transformer_logger - sample.sql file read successfully ...
[2025-04-22 17:19:48] [INFO] sql_transformer_logger - sample.sql File is created successfully ...
[2025-04-22 17:19:48] [INFO] sql_transformer_logger - SqlServ_functions_demo_output.sql file read successfully ...
[2025-04-22 17:19:48] [INFO] sql_transformer_logger - SqlServ_functions_demo_output.sql File is created successfully ...
[2025-04-22 17:19:48] [INFO] sql_transformer_logger - SqlServ_procedures_demo_output.sql file read successfully ...
[2025-04-22 17:19:48] [INFO] sql_transformer_logger - SqlServ_procedures_demo_output.sql File is created successfully ...
[2025-04-22 17:19:48] [INFO] sql_transformer_logger - SqlServ_tables_demo_output.sql file read successfully ...
[2025-04-22 17:19:48] [INFO] sql_transformer_logger - SqlServ_tables_demo_output.sql File is created successfully ...
[2025-04-22 17:19:48] [INFO] sql_transformer_logger - SqlServ_views_demo_output.sql file read successfully ...
[2025-04-22 17:19:48] [INFO] sql_transformer_logger - SqlServ_views_demo_output.sql File is created successfully ...
[2025-04-22 17:19:48] [INFO] sql_transformer_logger - SQ_SRV_tables_demo (3).sql file read successfully ...
[2025-04-22 17:19:48] [INFO] sql_transformer_logger - SQ_SRV_tables_demo (3).sql File is created successfully ...
[2025-04-22 17:31:45] [INFO] sql_transformer_logger - successfully read json data ...
[2025-04-22 17:31:45] [INFO] sql_transformer_logger - Dataframe is created successfully ...
[2025-04-22 17:31:45] [INFO] sql_transformer_logger - successfully read json data ...
[2025-04-22 17:31:45] [INFO] sql_transformer_logger - Dataframe is created successfully ...
[2025-04-22 17:31:45] [INFO] sql_transformer_logger - input2_oltpdb_proc_output.sql file read successfully ...
[2025-04-22 17:31:45] [INFO] sql_transformer_logger - input2_oltpdb_proc_output.sql File is created successfully ...
[2025-04-22 17:31:45] [INFO] sql_transformer_logger - input2_oltpdb_views_output.sql file read successfully ...
[2025-04-22 17:31:45] [INFO] sql_transformer_logger - input2_oltpdb_views_output.sql File is created successfully ...
[2025-04-22 17:31:45] [INFO] sql_transformer_logger - json.sql file read successfully ...
[2025-04-22 17:31:45] [INFO] sql_transformer_logger - json.sql File is created successfully ...
[2025-04-22 17:31:45] [INFO] sql_transformer_logger - oltpdb_proc_error_message.sql file read successfully ...
[2025-04-22 17:31:45] [INFO] sql_transformer_logger - oltpdb_proc_error_message.sql File is created successfully ...
[2025-04-22 17:31:45] [INFO] sql_transformer_logger - sample.sql file read successfully ...
[2025-04-22 17:31:45] [INFO] sql_transformer_logger - sample.sql File is created successfully ...
[2025-04-22 17:31:45] [INFO] sql_transformer_logger - SqlServ_functions_demo_output.sql file read successfully ...
[2025-04-22 17:31:45] [INFO] sql_transformer_logger - SqlServ_functions_demo_output.sql File is created successfully ...
[2025-04-22 17:31:45] [INFO] sql_transformer_logger - SqlServ_procedures_demo_output.sql file read successfully ...
[2025-04-22 17:31:45] [INFO] sql_transformer_logger - SqlServ_procedures_demo_output.sql File is created successfully ...
[2025-04-22 17:31:45] [INFO] sql_transformer_logger - SqlServ_tables_demo_output.sql file read successfully ...
[2025-04-22 17:31:45] [INFO] sql_transformer_logger - SqlServ_tables_demo_output.sql File is created successfully ...
[2025-04-22 17:31:45] [INFO] sql_transformer_logger - SqlServ_views_demo_output.sql file read successfully ...
[2025-04-22 17:31:45] [INFO] sql_transformer_logger - SqlServ_views_demo_output.sql File is created successfully ...
[2025-04-22 17:31:45] [INFO] sql_transformer_logger - SQ_SRV_tables_demo (3).sql file read successfully ...
[2025-04-22 17:31:45] [INFO] sql_transformer_logger - SQ_SRV_tables_demo (3).sql File is created successfully ...
[2025-04-22 17:32:23] [INFO] sql_transformer_logger - successfully read json data ...
[2025-04-22 17:32:23] [INFO] sql_transformer_logger - Dataframe is created successfully ...
[2025-04-22 17:32:23] [INFO] sql_transformer_logger - successfully read json data ...
[2025-04-22 17:32:23] [INFO] sql_transformer_logger - Dataframe is created successfully ...
[2025-04-22 17:32:23] [INFO] sql_transformer_logger - input2_oltpdb_proc_output.sql file read successfully ...
[2025-04-22 17:32:23] [INFO] sql_transformer_logger - input2_oltpdb_proc_output.sql File is created successfully ...
[2025-04-22 17:32:23] [INFO] sql_transformer_logger - input2_oltpdb_views_output.sql file read successfully ...
[2025-04-22 17:32:23] [INFO] sql_transformer_logger - input2_oltpdb_views_output.sql File is created successfully ...
[2025-04-22 17:32:23] [INFO] sql_transformer_logger - json.sql file read successfully ...
[2025-04-22 17:32:23] [INFO] sql_transformer_logger - json.sql File is created successfully ...
[2025-04-22 17:32:23] [INFO] sql_transformer_logger - oltpdb_proc_error_message.sql file read successfully ...
[2025-04-22 17:32:23] [INFO] sql_transformer_logger - oltpdb_proc_error_message.sql File is created successfully ...
[2025-04-22 17:32:23] [INFO] sql_transformer_logger - sample.sql file read successfully ...
[2025-04-22 17:32:23] [INFO] sql_transformer_logger - sample.sql File is created successfully ...
[2025-04-22 17:32:23] [INFO] sql_transformer_logger - SqlServ_functions_demo_output.sql file read successfully ...
[2025-04-22 17:32:23] [INFO] sql_transformer_logger - SqlServ_functions_demo_output.sql File is created successfully ...
[2025-04-22 17:32:23] [INFO] sql_transformer_logger - SqlServ_procedures_demo_output.sql file read successfully ...
[2025-04-22 17:32:23] [INFO] sql_transformer_logger - SqlServ_procedures_demo_output.sql File is created successfully ...
[2025-04-22 17:32:23] [INFO] sql_transformer_logger - SqlServ_tables_demo_output.sql file read successfully ...
[2025-04-22 17:32:23] [INFO] sql_transformer_logger - SqlServ_tables_demo_output.sql File is created successfully ...
[2025-04-22 17:32:23] [INFO] sql_transformer_logger - SqlServ_views_demo_output.sql file read successfully ...
[2025-04-22 17:32:23] [INFO] sql_transformer_logger - SqlServ_views_demo_output.sql File is created successfully ...
[2025-04-22 17:32:23] [INFO] sql_transformer_logger - SQ_SRV_tables_demo (3).sql file read successfully ...
[2025-04-22 17:32:23] [INFO] sql_transformer_logger - SQ_SRV_tables_demo (3).sql File is created successfully ...
[2025-04-22 17:33:20] [INFO] sql_transformer_logger - successfully read json data ...
[2025-04-22 17:33:20] [INFO] sql_transformer_logger - Dataframe is created successfully ...
[2025-04-22 17:33:20] [INFO] sql_transformer_logger - successfully read json data ...
[2025-04-22 17:33:20] [INFO] sql_transformer_logger - Dataframe is created successfully ...
[2025-04-22 17:33:20] [INFO] sql_transformer_logger - input2_oltpdb_proc_output.sql file read successfully ...
[2025-04-22 17:33:20] [INFO] sql_transformer_logger - input2_oltpdb_proc_output.sql File is created successfully ...
[2025-04-22 17:33:20] [INFO] sql_transformer_logger - input2_oltpdb_views_output.sql file read successfully ...
[2025-04-22 17:33:20] [INFO] sql_transformer_logger - input2_oltpdb_views_output.sql File is created successfully ...
[2025-04-22 17:33:20] [INFO] sql_transformer_logger - json.sql file read successfully ...
[2025-04-22 17:33:20] [INFO] sql_transformer_logger - json.sql File is created successfully ...
[2025-04-22 17:33:20] [INFO] sql_transformer_logger - oltpdb_proc_error_message.sql file read successfully ...
[2025-04-22 17:33:20] [INFO] sql_transformer_logger - oltpdb_proc_error_message.sql File is created successfully ...
[2025-04-22 17:33:20] [INFO] sql_transformer_logger - sample.sql file read successfully ...
[2025-04-22 17:33:20] [INFO] sql_transformer_logger - sample.sql File is created successfully ...
[2025-04-22 17:33:20] [INFO] sql_transformer_logger - SqlServ_functions_demo_output.sql file read successfully ...
[2025-04-22 17:33:20] [INFO] sql_transformer_logger - SqlServ_functions_demo_output.sql File is created successfully ...
[2025-04-22 17:33:20] [INFO] sql_transformer_logger - SqlServ_procedures_demo_output.sql file read successfully ...
[2025-04-22 17:33:20] [INFO] sql_transformer_logger - SqlServ_procedures_demo_output.sql File is created successfully ...
[2025-04-22 17:33:20] [INFO] sql_transformer_logger - SqlServ_tables_demo_output.sql file read successfully ...
[2025-04-22 17:33:20] [INFO] sql_transformer_logger - SqlServ_tables_demo_output.sql File is created successfully ...
[2025-04-22 17:33:20] [INFO] sql_transformer_logger - SqlServ_views_demo_output.sql file read successfully ...
[2025-04-22 17:33:20] [INFO] sql_transformer_logger - SqlServ_views_demo_output.sql File is created successfully ...
[2025-04-22 17:33:20] [INFO] sql_transformer_logger - SQ_SRV_tables_demo (3).sql file read successfully ...
[2025-04-22 17:33:20] [INFO] sql_transformer_logger - SQ_SRV_tables_demo (3).sql File is created successfully ...
[2025-04-22 17:34:41] [INFO] sql_transformer_logger - successfully read json data ...
[2025-04-22 17:34:41] [INFO] sql_transformer_logger - Dataframe is created successfully ...
[2025-04-22 17:34:41] [INFO] sql_transformer_logger - successfully read json data ...
[2025-04-22 17:34:41] [INFO] sql_transformer_logger - Dataframe is created successfully ...
[2025-04-22 17:34:41] [INFO] sql_transformer_logger - input2_oltpdb_proc_output.sql file read successfully ...
[2025-04-22 17:34:41] [INFO] sql_transformer_logger - input2_oltpdb_proc_output.sql File is created successfully ...
[2025-04-22 17:34:41] [INFO] sql_transformer_logger - input2_oltpdb_views_output.sql file read successfully ...
[2025-04-22 17:34:41] [INFO] sql_transformer_logger - input2_oltpdb_views_output.sql File is created successfully ...
[2025-04-22 17:34:41] [INFO] sql_transformer_logger - json.sql file read successfully ...
[2025-04-22 17:34:41] [INFO] sql_transformer_logger - json.sql File is created successfully ...
[2025-04-22 17:34:41] [INFO] sql_transformer_logger - oltpdb_proc_error_message.sql file read successfully ...
[2025-04-22 17:34:41] [INFO] sql_transformer_logger - oltpdb_proc_error_message.sql File is created successfully ...
[2025-04-22 17:34:41] [INFO] sql_transformer_logger - sample.sql file read successfully ...
[2025-04-22 17:34:41] [INFO] sql_transformer_logger - sample.sql File is created successfully ...
[2025-04-22 17:34:41] [INFO] sql_transformer_logger - SqlServ_functions_demo_output.sql file read successfully ...
[2025-04-22 17:34:41] [INFO] sql_transformer_logger - SqlServ_functions_demo_output.sql File is created successfully ...
[2025-04-22 17:34:41] [INFO] sql_transformer_logger - SqlServ_procedures_demo_output.sql file read successfully ...
[2025-04-22 17:34:41] [INFO] sql_transformer_logger - SqlServ_procedures_demo_output.sql File is created successfully ...
[2025-04-22 17:34:41] [INFO] sql_transformer_logger - SqlServ_tables_demo_output.sql file read successfully ...
[2025-04-22 17:34:41] [INFO] sql_transformer_logger - SqlServ_tables_demo_output.sql File is created successfully ...
[2025-04-22 17:34:41] [INFO] sql_transformer_logger - SqlServ_views_demo_output.sql file read successfully ...
[2025-04-22 17:34:42] [INFO] sql_transformer_logger - SqlServ_views_demo_output.sql File is created successfully ...
[2025-04-22 17:34:42] [INFO] sql_transformer_logger - SQ_SRV_tables_demo (3).sql file read successfully ...
[2025-04-22 17:34:42] [INFO] sql_transformer_logger - SQ_SRV_tables_demo (3).sql File is created successfully ...
[2025-04-22 17:37:54] [INFO] sql_transformer_logger - successfully read json data ...
[2025-04-22 17:37:54] [INFO] sql_transformer_logger - Dataframe is created successfully ...
[2025-04-22 17:37:54] [INFO] sql_transformer_logger - successfully read json data ...
[2025-04-22 17:37:54] [INFO] sql_transformer_logger - Dataframe is created successfully ...
[2025-04-22 17:37:54] [INFO] sql_transformer_logger - input2_oltpdb_proc_output.sql file read successfully ...
[2025-04-22 17:37:54] [INFO] sql_transformer_logger - input2_oltpdb_proc_output.sql File is created successfully ...
[2025-04-22 17:37:54] [INFO] sql_transformer_logger - input2_oltpdb_views_output.sql file read successfully ...
[2025-04-22 17:37:54] [INFO] sql_transformer_logger - input2_oltpdb_views_output.sql File is created successfully ...
[2025-04-22 17:37:54] [INFO] sql_transformer_logger - json.sql file read successfully ...
[2025-04-22 17:37:54] [INFO] sql_transformer_logger - json.sql File is created successfully ...
[2025-04-22 17:37:54] [INFO] sql_transformer_logger - oltpdb_proc_error_message.sql file read successfully ...
[2025-04-22 17:37:54] [INFO] sql_transformer_logger - oltpdb_proc_error_message.sql File is created successfully ...
[2025-04-22 17:37:54] [INFO] sql_transformer_logger - sample.sql file read successfully ...
[2025-04-22 17:37:54] [INFO] sql_transformer_logger - sample.sql File is created successfully ...
[2025-04-22 17:37:54] [INFO] sql_transformer_logger - SqlServ_functions_demo_output.sql file read successfully ...
[2025-04-22 17:37:54] [INFO] sql_transformer_logger - SqlServ_functions_demo_output.sql File is created successfully ...
[2025-04-22 17:37:54] [INFO] sql_transformer_logger - SqlServ_procedures_demo_output.sql file read successfully ...
[2025-04-22 17:37:54] [INFO] sql_transformer_logger - SqlServ_procedures_demo_output.sql File is created successfully ...
[2025-04-22 17:37:54] [INFO] sql_transformer_logger - SqlServ_tables_demo_output.sql file read successfully ...
[2025-04-22 17:37:54] [INFO] sql_transformer_logger - SqlServ_tables_demo_output.sql File is created successfully ...
[2025-04-22 17:37:54] [INFO] sql_transformer_logger - SqlServ_views_demo_output.sql file read successfully ...
[2025-04-22 17:37:54] [INFO] sql_transformer_logger - SqlServ_views_demo_output.sql File is created successfully ...
[2025-04-22 17:37:54] [INFO] sql_transformer_logger - SQ_SRV_tables_demo (3).sql file read successfully ...
[2025-04-22 17:37:54] [INFO] sql_transformer_logger - SQ_SRV_tables_demo (3).sql File is created successfully ...
[2025-04-22 17:39:02] [INFO] sql_transformer_logger - successfully read json data ...
[2025-04-22 17:39:02] [INFO] sql_transformer_logger - Dataframe is created successfully ...
[2025-04-22 17:39:02] [INFO] sql_transformer_logger - successfully read json data ...
[2025-04-22 17:39:02] [INFO] sql_transformer_logger - Dataframe is created successfully ...
[2025-04-22 17:39:02] [INFO] sql_transformer_logger - input2_oltpdb_proc_output.sql file read successfully ...
[2025-04-22 17:39:02] [INFO] sql_transformer_logger - input2_oltpdb_proc_output.sql File is created successfully ...
[2025-04-22 17:39:02] [INFO] sql_transformer_logger - input2_oltpdb_views_output.sql file read successfully ...
[2025-04-22 17:39:02] [INFO] sql_transformer_logger - input2_oltpdb_views_output.sql File is created successfully ...
[2025-04-22 17:39:02] [INFO] sql_transformer_logger - json.sql file read successfully ...
[2025-04-22 17:39:02] [INFO] sql_transformer_logger - json.sql File is created successfully ...
[2025-04-22 17:39:02] [INFO] sql_transformer_logger - oltpdb_proc_error_message.sql file read successfully ...
[2025-04-22 17:39:02] [INFO] sql_transformer_logger - oltpdb_proc_error_message.sql File is created successfully ...
[2025-04-22 17:39:02] [INFO] sql_transformer_logger - sample.sql file read successfully ...
[2025-04-22 17:39:02] [INFO] sql_transformer_logger - sample.sql File is created successfully ...
[2025-04-22 17:39:02] [INFO] sql_transformer_logger - SqlServ_functions_demo_output.sql file read successfully ...
[2025-04-22 17:39:02] [INFO] sql_transformer_logger - SqlServ_functions_demo_output.sql File is created successfully ...
[2025-04-22 17:39:02] [INFO] sql_transformer_logger - SqlServ_procedures_demo_output.sql file read successfully ...
[2025-04-22 17:39:02] [INFO] sql_transformer_logger - SqlServ_procedures_demo_output.sql File is created successfully ...
[2025-04-22 17:39:02] [INFO] sql_transformer_logger - SqlServ_tables_demo_output.sql file read successfully ...
[2025-04-22 17:39:02] [INFO] sql_transformer_logger - SqlServ_tables_demo_output.sql File is created successfully ...
[2025-04-22 17:39:02] [INFO] sql_transformer_logger - SqlServ_views_demo_output.sql file read successfully ...
[2025-04-22 17:39:03] [INFO] sql_transformer_logger - SqlServ_views_demo_output.sql File is created successfully ...
[2025-04-22 17:39:03] [INFO] sql_transformer_logger - SQ_SRV_tables_demo (3).sql file read successfully ...
[2025-04-22 17:39:03] [INFO] sql_transformer_logger - SQ_SRV_tables_demo (3).sql File is created successfully ...
[2025-04-22 17:42:28] [INFO] sql_transformer_logger - successfully read json data ...
[2025-04-22 17:42:28] [INFO] sql_transformer_logger - Dataframe is created successfully ...
[2025-04-22 17:42:28] [INFO] sql_transformer_logger - successfully read json data ...
[2025-04-22 17:42:28] [INFO] sql_transformer_logger - Dataframe is created successfully ...
[2025-04-22 17:42:28] [INFO] sql_transformer_logger - input2_oltpdb_proc_output.sql file read successfully ...
[2025-04-22 17:42:28] [INFO] sql_transformer_logger - input2_oltpdb_proc_output.sql File is created successfully ...
[2025-04-22 17:42:28] [INFO] sql_transformer_logger - input2_oltpdb_views_output.sql file read successfully ...
[2025-04-22 17:42:28] [INFO] sql_transformer_logger - input2_oltpdb_views_output.sql File is created successfully ...
[2025-04-22 17:42:28] [INFO] sql_transformer_logger - json.sql file read successfully ...
[2025-04-22 17:42:28] [INFO] sql_transformer_logger - json.sql File is created successfully ...
[2025-04-22 17:42:28] [INFO] sql_transformer_logger - oltpdb_proc_error_message.sql file read successfully ...
[2025-04-22 17:42:28] [INFO] sql_transformer_logger - oltpdb_proc_error_message.sql File is created successfully ...
[2025-04-22 17:42:28] [INFO] sql_transformer_logger - sample.sql file read successfully ...
[2025-04-22 17:42:28] [INFO] sql_transformer_logger - sample.sql File is created successfully ...
[2025-04-22 17:42:28] [INFO] sql_transformer_logger - SqlServ_functions_demo_output.sql file read successfully ...
[2025-04-22 17:42:28] [INFO] sql_transformer_logger - SqlServ_functions_demo_output.sql File is created successfully ...
[2025-04-22 17:42:28] [INFO] sql_transformer_logger - SqlServ_procedures_demo_output.sql file read successfully ...
[2025-04-22 17:42:28] [INFO] sql_transformer_logger - SqlServ_procedures_demo_output.sql File is created successfully ...
[2025-04-22 17:42:28] [INFO] sql_transformer_logger - SqlServ_tables_demo_output.sql file read successfully ...
[2025-04-22 17:42:28] [INFO] sql_transformer_logger - SqlServ_tables_demo_output.sql File is created successfully ...
[2025-04-22 17:42:28] [INFO] sql_transformer_logger - SqlServ_views_demo_output.sql file read successfully ...
[2025-04-22 17:42:28] [INFO] sql_transformer_logger - SqlServ_views_demo_output.sql File is created successfully ...
[2025-04-22 17:42:28] [INFO] sql_transformer_logger - SQ_SRV_tables_demo (3).sql file read successfully ...
[2025-04-22 17:42:28] [INFO] sql_transformer_logger - SQ_SRV_tables_demo (3).sql File is created successfully ...
[2025-04-22 17:55:32] [INFO] sql_transformer_logger - successfully read json data ...
[2025-04-22 17:55:32] [INFO] sql_transformer_logger - Dataframe is created successfully ...
[2025-04-22 17:55:32] [INFO] sql_transformer_logger - successfully read json data ...
[2025-04-22 17:55:32] [INFO] sql_transformer_logger - Dataframe is created successfully ...
[2025-04-22 17:55:32] [INFO] sql_transformer_logger - input2_oltpdb_proc_output.sql file read successfully ...
[2025-04-22 17:55:32] [INFO] sql_transformer_logger - input2_oltpdb_proc_output.sql File is created successfully ...
[2025-04-22 17:55:32] [INFO] sql_transformer_logger - input2_oltpdb_views_output.sql file read successfully ...
[2025-04-22 17:55:32] [INFO] sql_transformer_logger - input2_oltpdb_views_output.sql File is created successfully ...
[2025-04-22 17:55:32] [INFO] sql_transformer_logger - json.sql file read successfully ...
[2025-04-22 17:55:32] [INFO] sql_transformer_logger - json.sql File is created successfully ...
[2025-04-22 17:55:32] [INFO] sql_transformer_logger - oltpdb_proc_error_message.sql file read successfully ...
[2025-04-22 17:55:32] [INFO] sql_transformer_logger - oltpdb_proc_error_message.sql File is created successfully ...
[2025-04-22 17:55:32] [INFO] sql_transformer_logger - sample.sql file read successfully ...
[2025-04-22 17:55:32] [INFO] sql_transformer_logger - sample.sql File is created successfully ...
[2025-04-22 17:55:32] [INFO] sql_transformer_logger - SqlServ_functions_demo_output.sql file read successfully ...
[2025-04-22 17:55:32] [INFO] sql_transformer_logger - SqlServ_functions_demo_output.sql File is created successfully ...
[2025-04-22 17:55:32] [INFO] sql_transformer_logger - SqlServ_procedures_demo_output.sql file read successfully ...
[2025-04-22 17:55:32] [INFO] sql_transformer_logger - SqlServ_procedures_demo_output.sql File is created successfully ...
[2025-04-22 17:55:32] [INFO] sql_transformer_logger - SqlServ_tables_demo_output.sql file read successfully ...
[2025-04-22 17:55:32] [INFO] sql_transformer_logger - SqlServ_tables_demo_output.sql File is created successfully ...
[2025-04-22 17:55:32] [INFO] sql_transformer_logger - SqlServ_views_demo_output.sql file read successfully ...
[2025-04-22 17:55:32] [INFO] sql_transformer_logger - SqlServ_views_demo_output.sql File is created successfully ...
[2025-04-22 17:55:32] [INFO] sql_transformer_logger - SQ_SRV_tables_demo (3).sql file read successfully ...
[2025-04-22 17:55:32] [INFO] sql_transformer_logger - SQ_SRV_tables_demo (3).sql File is created successfully ...
[2025-04-22 17:56:19] [INFO] sql_transformer_logger - successfully read json data ...
[2025-04-22 17:56:19] [INFO] sql_transformer_logger - Dataframe is created successfully ...
[2025-04-22 17:56:19] [INFO] sql_transformer_logger - successfully read json data ...
[2025-04-22 17:56:19] [INFO] sql_transformer_logger - Dataframe is created successfully ...
[2025-04-22 17:56:19] [INFO] sql_transformer_logger - input2_oltpdb_proc_output.sql file read successfully ...
[2025-04-22 17:56:19] [INFO] sql_transformer_logger - input2_oltpdb_proc_output.sql File is created successfully ...
[2025-04-22 17:56:19] [INFO] sql_transformer_logger - input2_oltpdb_views_output.sql file read successfully ...
[2025-04-22 17:56:19] [INFO] sql_transformer_logger - input2_oltpdb_views_output.sql File is created successfully ...
[2025-04-22 17:56:19] [INFO] sql_transformer_logger - json.sql file read successfully ...
[2025-04-22 17:56:19] [INFO] sql_transformer_logger - json.sql File is created successfully ...
[2025-04-22 17:56:19] [INFO] sql_transformer_logger - oltpdb_proc_error_message.sql file read successfully ...
[2025-04-22 17:56:19] [INFO] sql_transformer_logger - oltpdb_proc_error_message.sql File is created successfully ...
[2025-04-22 17:56:19] [INFO] sql_transformer_logger - sample.sql file read successfully ...
[2025-04-22 17:56:19] [INFO] sql_transformer_logger - sample.sql File is created successfully ...
[2025-04-22 17:56:19] [INFO] sql_transformer_logger - SqlServ_functions_demo_output.sql file read successfully ...
[2025-04-22 17:56:19] [INFO] sql_transformer_logger - SqlServ_functions_demo_output.sql File is created successfully ...
[2025-04-22 17:56:19] [INFO] sql_transformer_logger - SqlServ_procedures_demo_output.sql file read successfully ...
[2025-04-22 17:56:19] [INFO] sql_transformer_logger - SqlServ_procedures_demo_output.sql File is created successfully ...
[2025-04-22 17:56:19] [INFO] sql_transformer_logger - SqlServ_tables_demo_output.sql file read successfully ...
[2025-04-22 17:56:19] [INFO] sql_transformer_logger - SqlServ_tables_demo_output.sql File is created successfully ...
[2025-04-22 17:56:19] [INFO] sql_transformer_logger - SqlServ_views_demo_output.sql file read successfully ...
[2025-04-22 17:56:19] [INFO] sql_transformer_logger - SqlServ_views_demo_output.sql File is created successfully ...
[2025-04-22 17:56:19] [INFO] sql_transformer_logger - SQ_SRV_tables_demo (3).sql file read successfully ...
[2025-04-22 17:56:19] [INFO] sql_transformer_logger - SQ_SRV_tables_demo (3).sql File is created successfully ...
[2025-04-22 17:57:50] [INFO] sql_transformer_logger - successfully read json data ...
[2025-04-22 17:57:50] [INFO] sql_transformer_logger - Dataframe is created successfully ...
[2025-04-22 17:57:50] [INFO] sql_transformer_logger - successfully read json data ...
[2025-04-22 17:57:50] [INFO] sql_transformer_logger - Dataframe is created successfully ...
[2025-04-22 17:57:50] [INFO] sql_transformer_logger - input2_oltpdb_proc_output.sql file read successfully ...
[2025-04-22 17:57:50] [INFO] sql_transformer_logger - input2_oltpdb_proc_output.sql File is created successfully ...
[2025-04-22 17:57:50] [INFO] sql_transformer_logger - input2_oltpdb_views_output.sql file read successfully ...
[2025-04-22 17:57:50] [INFO] sql_transformer_logger - input2_oltpdb_views_output.sql File is created successfully ...
[2025-04-22 17:57:50] [INFO] sql_transformer_logger - json.sql file read successfully ...
[2025-04-22 17:57:50] [INFO] sql_transformer_logger - json.sql File is created successfully ...
[2025-04-22 17:57:50] [INFO] sql_transformer_logger - oltpdb_proc_error_message.sql file read successfully ...
[2025-04-22 17:57:50] [INFO] sql_transformer_logger - oltpdb_proc_error_message.sql File is created successfully ...
[2025-04-22 17:57:50] [INFO] sql_transformer_logger - sample.sql file read successfully ...
[2025-04-22 17:57:50] [INFO] sql_transformer_logger - sample.sql File is created successfully ...
[2025-04-22 17:57:50] [INFO] sql_transformer_logger - SqlServ_functions_demo_output.sql file read successfully ...
[2025-04-22 17:57:50] [INFO] sql_transformer_logger - SqlServ_functions_demo_output.sql File is created successfully ...
[2025-04-22 17:57:50] [INFO] sql_transformer_logger - SqlServ_procedures_demo_output.sql file read successfully ...
[2025-04-22 17:57:50] [INFO] sql_transformer_logger - SqlServ_procedures_demo_output.sql File is created successfully ...
[2025-04-22 17:57:50] [INFO] sql_transformer_logger - SqlServ_tables_demo_output.sql file read successfully ...
[2025-04-22 17:57:50] [INFO] sql_transformer_logger - SqlServ_tables_demo_output.sql File is created successfully ...
[2025-04-22 17:57:50] [INFO] sql_transformer_logger - SqlServ_views_demo_output.sql file read successfully ...
[2025-04-22 17:57:50] [INFO] sql_transformer_logger - SqlServ_views_demo_output.sql File is created successfully ...
[2025-04-22 17:57:50] [INFO] sql_transformer_logger - SQ_SRV_tables_demo (3).sql file read successfully ...
[2025-04-22 17:57:50] [INFO] sql_transformer_logger - SQ_SRV_tables_demo (3).sql File is created successfully ...
[2025-04-22 18:01:14] [INFO] sql_transformer_logger - successfully read json data ...
[2025-04-22 18:01:14] [INFO] sql_transformer_logger - Dataframe is created successfully ...
[2025-04-22 18:01:14] [INFO] sql_transformer_logger - successfully read json data ...
[2025-04-22 18:01:14] [INFO] sql_transformer_logger - Dataframe is created successfully ...
[2025-04-22 18:01:14] [INFO] sql_transformer_logger - input2_oltpdb_proc_output.sql file read successfully ...
[2025-04-22 18:01:14] [INFO] sql_transformer_logger - input2_oltpdb_proc_output.sql File is created successfully ...
[2025-04-22 18:01:14] [INFO] sql_transformer_logger - input2_oltpdb_views_output.sql file read successfully ...
[2025-04-22 18:01:14] [INFO] sql_transformer_logger - input2_oltpdb_views_output.sql File is created successfully ...
[2025-04-22 18:01:14] [INFO] sql_transformer_logger - json.sql file read successfully ...
[2025-04-22 18:01:14] [INFO] sql_transformer_logger - json.sql File is created successfully ...
[2025-04-22 18:01:14] [INFO] sql_transformer_logger - oltpdb_proc_error_message.sql file read successfully ...
[2025-04-22 18:01:14] [INFO] sql_transformer_logger - oltpdb_proc_error_message.sql File is created successfully ...
[2025-04-22 18:01:14] [INFO] sql_transformer_logger - sample.sql file read successfully ...
[2025-04-22 18:01:14] [INFO] sql_transformer_logger - sample.sql File is created successfully ...
[2025-04-22 18:01:14] [INFO] sql_transformer_logger - SqlServ_functions_demo_output.sql file read successfully ...
[2025-04-22 18:01:14] [INFO] sql_transformer_logger - SqlServ_functions_demo_output.sql File is created successfully ...
[2025-04-22 18:01:14] [INFO] sql_transformer_logger - SqlServ_procedures_demo_output.sql file read successfully ...
[2025-04-22 18:01:14] [INFO] sql_transformer_logger - SqlServ_procedures_demo_output.sql File is created successfully ...
[2025-04-22 18:01:14] [INFO] sql_transformer_logger - SqlServ_tables_demo_output.sql file read successfully ...
[2025-04-22 18:01:14] [INFO] sql_transformer_logger - SqlServ_tables_demo_output.sql File is created successfully ...
[2025-04-22 18:01:14] [INFO] sql_transformer_logger - SqlServ_views_demo_output.sql file read successfully ...
[2025-04-22 18:01:14] [INFO] sql_transformer_logger - SqlServ_views_demo_output.sql File is created successfully ...
[2025-04-22 18:01:14] [INFO] sql_transformer_logger - SQ_SRV_tables_demo (3).sql file read successfully ...
[2025-04-22 18:01:14] [INFO] sql_transformer_logger - SQ_SRV_tables_demo (3).sql File is created successfully ...
[2025-04-22 18:02:16] [INFO] sql_transformer_logger - successfully read json data ...
[2025-04-22 18:02:16] [INFO] sql_transformer_logger - Dataframe is created successfully ...
[2025-04-22 18:02:16] [INFO] sql_transformer_logger - successfully read json data ...
[2025-04-22 18:02:16] [INFO] sql_transformer_logger - Dataframe is created successfully ...
[2025-04-22 18:02:16] [INFO] sql_transformer_logger - input2_oltpdb_proc_output.sql file read successfully ...
[2025-04-22 18:02:16] [INFO] sql_transformer_logger - input2_oltpdb_proc_output.sql File is created successfully ...
[2025-04-22 18:02:16] [INFO] sql_transformer_logger - input2_oltpdb_views_output.sql file read successfully ...
[2025-04-22 18:02:16] [INFO] sql_transformer_logger - input2_oltpdb_views_output.sql File is created successfully ...
[2025-04-22 18:02:16] [INFO] sql_transformer_logger - json.sql file read successfully ...
[2025-04-22 18:02:16] [INFO] sql_transformer_logger - json.sql File is created successfully ...
[2025-04-22 18:02:16] [INFO] sql_transformer_logger - oltpdb_proc_error_message.sql file read successfully ...
[2025-04-22 18:02:16] [INFO] sql_transformer_logger - oltpdb_proc_error_message.sql File is created successfully ...
[2025-04-22 18:02:16] [INFO] sql_transformer_logger - sample.sql file read successfully ...
[2025-04-22 18:02:16] [INFO] sql_transformer_logger - sample.sql File is created successfully ...
[2025-04-22 18:02:16] [INFO] sql_transformer_logger - SqlServ_functions_demo_output.sql file read successfully ...
[2025-04-22 18:02:16] [INFO] sql_transformer_logger - SqlServ_functions_demo_output.sql File is created successfully ...
[2025-04-22 18:02:16] [INFO] sql_transformer_logger - SqlServ_procedures_demo_output.sql file read successfully ...
[2025-04-22 18:02:16] [INFO] sql_transformer_logger - SqlServ_procedures_demo_output.sql File is created successfully ...
[2025-04-22 18:02:16] [INFO] sql_transformer_logger - SqlServ_tables_demo_output.sql file read successfully ...
[2025-04-22 18:02:16] [INFO] sql_transformer_logger - SqlServ_tables_demo_output.sql File is created successfully ...
[2025-04-22 18:02:16] [INFO] sql_transformer_logger - SqlServ_views_demo_output.sql file read successfully ...
[2025-04-22 18:02:16] [INFO] sql_transformer_logger - SqlServ_views_demo_output.sql File is created successfully ...
[2025-04-22 18:02:16] [INFO] sql_transformer_logger - SQ_SRV_tables_demo (3).sql file read successfully ...
[2025-04-22 18:02:16] [INFO] sql_transformer_logger - SQ_SRV_tables_demo (3).sql File is created successfully ...
[2025-04-22 18:03:16] [INFO] sql_transformer_logger - successfully read json data ...
[2025-04-22 18:03:16] [INFO] sql_transformer_logger - Dataframe is created successfully ...
[2025-04-22 18:03:16] [INFO] sql_transformer_logger - successfully read json data ...
[2025-04-22 18:03:16] [INFO] sql_transformer_logger - Dataframe is created successfully ...
[2025-04-22 18:03:16] [INFO] sql_transformer_logger - input2_oltpdb_proc_output.sql file read successfully ...
[2025-04-22 18:03:16] [INFO] sql_transformer_logger - input2_oltpdb_proc_output.sql File is created successfully ...
[2025-04-22 18:03:16] [INFO] sql_transformer_logger - input2_oltpdb_views_output.sql file read successfully ...
[2025-04-22 18:03:16] [INFO] sql_transformer_logger - input2_oltpdb_views_output.sql File is created successfully ...
[2025-04-22 18:03:16] [INFO] sql_transformer_logger - json.sql file read successfully ...
[2025-04-22 18:03:16] [INFO] sql_transformer_logger - json.sql File is created successfully ...
[2025-04-22 18:03:16] [INFO] sql_transformer_logger - oltpdb_proc_error_message.sql file read successfully ...
[2025-04-22 18:03:16] [INFO] sql_transformer_logger - oltpdb_proc_error_message.sql File is created successfully ...
[2025-04-22 18:03:16] [INFO] sql_transformer_logger - sample.sql file read successfully ...
[2025-04-22 18:03:16] [INFO] sql_transformer_logger - sample.sql File is created successfully ...
[2025-04-22 18:03:16] [INFO] sql_transformer_logger - SqlServ_functions_demo_output.sql file read successfully ...
[2025-04-22 18:03:16] [INFO] sql_transformer_logger - SqlServ_functions_demo_output.sql File is created successfully ...
[2025-04-22 18:03:16] [INFO] sql_transformer_logger - SqlServ_procedures_demo_output.sql file read successfully ...
[2025-04-22 18:03:16] [INFO] sql_transformer_logger - SqlServ_procedures_demo_output.sql File is created successfully ...
[2025-04-22 18:03:16] [INFO] sql_transformer_logger - SqlServ_tables_demo_output.sql file read successfully ...
[2025-04-22 18:03:16] [INFO] sql_transformer_logger - SqlServ_tables_demo_output.sql File is created successfully ...
[2025-04-22 18:03:16] [INFO] sql_transformer_logger - SqlServ_views_demo_output.sql file read successfully ...
[2025-04-22 18:03:16] [INFO] sql_transformer_logger - SqlServ_views_demo_output.sql File is created successfully ...
[2025-04-22 18:03:16] [INFO] sql_transformer_logger - SQ_SRV_tables_demo (3).sql file read successfully ...
[2025-04-22 18:03:16] [INFO] sql_transformer_logger - SQ_SRV_tables_demo (3).sql File is created successfully ...
[2025-04-22 18:05:47] [INFO] sql_transformer_logger - successfully read json data ...
[2025-04-22 18:05:47] [INFO] sql_transformer_logger - Dataframe is created successfully ...
[2025-04-22 18:05:47] [INFO] sql_transformer_logger - successfully read json data ...
[2025-04-22 18:05:47] [INFO] sql_transformer_logger - Dataframe is created successfully ...
[2025-04-22 18:05:47] [INFO] sql_transformer_logger - input2_oltpdb_functions_output.sql file read successfully ...
[2025-04-22 18:05:47] [INFO] sql_transformer_logger - input2_oltpdb_functions_output.sql File is created successfully ...
[2025-04-22 18:05:47] [INFO] sql_transformer_logger - input2_oltpdb_proc_output.sql file read successfully ...
[2025-04-22 18:05:47] [INFO] sql_transformer_logger - input2_oltpdb_proc_output.sql File is created successfully ...
[2025-04-22 18:05:47] [INFO] sql_transformer_logger - input2_oltpdb_views_output.sql file read successfully ...
[2025-04-22 18:05:47] [INFO] sql_transformer_logger - input2_oltpdb_views_output.sql File is created successfully ...
[2025-04-22 18:05:47] [INFO] sql_transformer_logger - json.sql file read successfully ...
[2025-04-22 18:05:47] [INFO] sql_transformer_logger - json.sql File is created successfully ...
[2025-04-22 18:05:47] [INFO] sql_transformer_logger - oltpdb_proc_error_message.sql file read successfully ...
[2025-04-22 18:05:47] [INFO] sql_transformer_logger - oltpdb_proc_error_message.sql File is created successfully ...
[2025-04-22 18:05:47] [INFO] sql_transformer_logger - sample.sql file read successfully ...
[2025-04-22 18:05:47] [INFO] sql_transformer_logger - sample.sql File is created successfully ...
[2025-04-22 18:05:47] [INFO] sql_transformer_logger - SqlServ_functions_demo_output.sql file read successfully ...
[2025-04-22 18:05:47] [INFO] sql_transformer_logger - SqlServ_functions_demo_output.sql File is created successfully ...
[2025-04-22 18:05:47] [INFO] sql_transformer_logger - SqlServ_procedures_demo_output.sql file read successfully ...
[2025-04-22 18:05:47] [INFO] sql_transformer_logger - SqlServ_procedures_demo_output.sql File is created successfully ...
[2025-04-22 18:05:47] [INFO] sql_transformer_logger - SqlServ_tables_demo_output.sql file read successfully ...
[2025-04-22 18:05:47] [INFO] sql_transformer_logger - SqlServ_tables_demo_output.sql File is created successfully ...
[2025-04-22 18:05:47] [INFO] sql_transformer_logger - SqlServ_views_demo_output.sql file read successfully ...
[2025-04-22 18:05:47] [INFO] sql_transformer_logger - SqlServ_views_demo_output.sql File is created successfully ...
[2025-04-22 18:05:47] [INFO] sql_transformer_logger - SQ_SRV_tables_demo (3).sql file read successfully ...
[2025-04-22 18:05:47] [INFO] sql_transformer_logger - SQ_SRV_tables_demo (3).sql File is created successfully ...
[2025-04-22 18:10:58] [INFO] sql_transformer_logger - successfully read json data ...
[2025-04-22 18:10:58] [INFO] sql_transformer_logger - Dataframe is created successfully ...
[2025-04-22 18:10:58] [INFO] sql_transformer_logger - successfully read json data ...
[2025-04-22 18:10:58] [INFO] sql_transformer_logger - Dataframe is created successfully ...
[2025-04-22 18:10:58] [INFO] sql_transformer_logger - input2_oltpdb_functions_output.sql file read successfully ...
[2025-04-22 18:10:58] [INFO] sql_transformer_logger - input2_oltpdb_functions_output.sql File is created successfully ...
[2025-04-22 18:10:58] [INFO] sql_transformer_logger - input2_oltpdb_proc_output.sql file read successfully ...
[2025-04-22 18:10:58] [INFO] sql_transformer_logger - input2_oltpdb_proc_output.sql File is created successfully ...
[2025-04-22 18:10:58] [INFO] sql_transformer_logger - input2_oltpdb_views_output.sql file read successfully ...
[2025-04-22 18:10:58] [INFO] sql_transformer_logger - input2_oltpdb_views_output.sql File is created successfully ...
[2025-04-22 18:10:58] [INFO] sql_transformer_logger - json.sql file read successfully ...
[2025-04-22 18:10:58] [INFO] sql_transformer_logger - json.sql File is created successfully ...
[2025-04-22 18:10:58] [INFO] sql_transformer_logger - oltpdb_proc_error_message.sql file read successfully ...
[2025-04-22 18:10:58] [INFO] sql_transformer_logger - oltpdb_proc_error_message.sql File is created successfully ...
[2025-04-22 18:10:58] [INFO] sql_transformer_logger - sample.sql file read successfully ...
[2025-04-22 18:10:58] [INFO] sql_transformer_logger - sample.sql File is created successfully ...
[2025-04-22 18:10:58] [INFO] sql_transformer_logger - SqlServ_functions_demo_output.sql file read successfully ...
[2025-04-22 18:10:58] [INFO] sql_transformer_logger - SqlServ_functions_demo_output.sql File is created successfully ...
[2025-04-22 18:10:58] [INFO] sql_transformer_logger - SqlServ_procedures_demo_output.sql file read successfully ...
[2025-04-22 18:10:58] [INFO] sql_transformer_logger - SqlServ_procedures_demo_output.sql File is created successfully ...
[2025-04-22 18:10:58] [INFO] sql_transformer_logger - SqlServ_tables_demo_output.sql file read successfully ...
[2025-04-22 18:10:58] [INFO] sql_transformer_logger - SqlServ_tables_demo_output.sql File is created successfully ...
[2025-04-22 18:10:58] [INFO] sql_transformer_logger - SqlServ_views_demo_output.sql file read successfully ...
[2025-04-22 18:10:58] [INFO] sql_transformer_logger - SqlServ_views_demo_output.sql File is created successfully ...
[2025-04-22 18:10:58] [INFO] sql_transformer_logger - SQ_SRV_tables_demo (3).sql file read successfully ...
[2025-04-22 18:10:58] [INFO] sql_transformer_logger - SQ_SRV_tables_demo (3).sql File is created successfully ...
[2025-04-22 18:12:23] [INFO] sql_transformer_logger - successfully read json data ...
[2025-04-22 18:12:23] [INFO] sql_transformer_logger - Dataframe is created successfully ...
[2025-04-22 18:12:23] [INFO] sql_transformer_logger - successfully read json data ...
[2025-04-22 18:12:23] [INFO] sql_transformer_logger - Dataframe is created successfully ...
[2025-04-22 18:12:23] [INFO] sql_transformer_logger - input2_oltpdb_functions_output.sql file read successfully ...
[2025-04-22 18:12:23] [INFO] sql_transformer_logger - input2_oltpdb_functions_output.sql File is created successfully ...
[2025-04-22 18:12:23] [INFO] sql_transformer_logger - input2_oltpdb_proc_output.sql file read successfully ...
[2025-04-22 18:12:23] [INFO] sql_transformer_logger - input2_oltpdb_proc_output.sql File is created successfully ...
[2025-04-22 18:12:23] [INFO] sql_transformer_logger - input2_oltpdb_views_output.sql file read successfully ...
[2025-04-22 18:12:23] [INFO] sql_transformer_logger - input2_oltpdb_views_output.sql File is created successfully ...
[2025-04-22 18:12:23] [INFO] sql_transformer_logger - json.sql file read successfully ...
[2025-04-22 18:12:23] [INFO] sql_transformer_logger - json.sql File is created successfully ...
[2025-04-22 18:12:23] [INFO] sql_transformer_logger - oltpdb_proc_error_message.sql file read successfully ...
[2025-04-22 18:12:23] [INFO] sql_transformer_logger - oltpdb_proc_error_message.sql File is created successfully ...
[2025-04-22 18:12:23] [INFO] sql_transformer_logger - sample.sql file read successfully ...
[2025-04-22 18:12:23] [INFO] sql_transformer_logger - sample.sql File is created successfully ...
[2025-04-22 18:12:23] [INFO] sql_transformer_logger - SqlServ_functions_demo_output.sql file read successfully ...
[2025-04-22 18:12:23] [INFO] sql_transformer_logger - SqlServ_functions_demo_output.sql File is created successfully ...
[2025-04-22 18:12:23] [INFO] sql_transformer_logger - SqlServ_procedures_demo_output.sql file read successfully ...
[2025-04-22 18:12:23] [INFO] sql_transformer_logger - SqlServ_procedures_demo_output.sql File is created successfully ...
[2025-04-22 18:12:23] [INFO] sql_transformer_logger - SqlServ_tables_demo_output.sql file read successfully ...
[2025-04-22 18:12:23] [INFO] sql_transformer_logger - SqlServ_tables_demo_output.sql File is created successfully ...
[2025-04-22 18:12:23] [INFO] sql_transformer_logger - SqlServ_views_demo_output.sql file read successfully ...
[2025-04-22 18:12:23] [INFO] sql_transformer_logger - SqlServ_views_demo_output.sql File is created successfully ...
[2025-04-22 18:12:23] [INFO] sql_transformer_logger - SQ_SRV_tables_demo (3).sql file read successfully ...
[2025-04-22 18:12:23] [INFO] sql_transformer_logger - SQ_SRV_tables_demo (3).sql File is created successfully ...
[2025-04-22 19:08:27] [INFO] sql_transformer_logger - successfully read json data ...
[2025-04-22 19:08:27] [INFO] sql_transformer_logger - Dataframe is created successfully ...
[2025-04-22 19:08:27] [INFO] sql_transformer_logger - successfully read json data ...
[2025-04-22 19:08:27] [INFO] sql_transformer_logger - Dataframe is created successfully ...
[2025-04-22 19:08:27] [INFO] sql_transformer_logger - input2_oltpdb_functions_output.sql file read successfully ...
[2025-04-22 19:08:27] [INFO] sql_transformer_logger - input2_oltpdb_functions_output.sql File is created successfully ...
[2025-04-22 19:08:27] [INFO] sql_transformer_logger - input2_oltpdb_proc_output.sql file read successfully ...
[2025-04-22 19:08:27] [INFO] sql_transformer_logger - input2_oltpdb_proc_output.sql File is created successfully ...
[2025-04-22 19:08:27] [INFO] sql_transformer_logger - input2_oltpdb_views_output.sql file read successfully ...
[2025-04-22 19:08:27] [INFO] sql_transformer_logger - input2_oltpdb_views_output.sql File is created successfully ...
[2025-04-22 19:08:27] [INFO] sql_transformer_logger - json.sql file read successfully ...
[2025-04-22 19:08:27] [INFO] sql_transformer_logger - json.sql File is created successfully ...
[2025-04-22 19:08:27] [INFO] sql_transformer_logger - oltpdb_proc_error_message.sql file read successfully ...
[2025-04-22 19:08:27] [INFO] sql_transformer_logger - oltpdb_proc_error_message.sql File is created successfully ...
[2025-04-22 19:08:27] [INFO] sql_transformer_logger - sample.sql file read successfully ...
[2025-04-22 19:08:27] [INFO] sql_transformer_logger - sample.sql File is created successfully ...
[2025-04-22 19:08:27] [INFO] sql_transformer_logger - SqlServ_functions_demo_output.sql file read successfully ...
[2025-04-22 19:08:27] [INFO] sql_transformer_logger - SqlServ_functions_demo_output.sql File is created successfully ...
[2025-04-22 19:08:27] [INFO] sql_transformer_logger - SqlServ_procedures_demo_output.sql file read successfully ...
[2025-04-22 19:08:27] [INFO] sql_transformer_logger - SqlServ_procedures_demo_output.sql File is created successfully ...
[2025-04-22 19:08:27] [INFO] sql_transformer_logger - SqlServ_tables_demo_output.sql file read successfully ...
[2025-04-22 19:08:27] [INFO] sql_transformer_logger - SqlServ_tables_demo_output.sql File is created successfully ...
[2025-04-22 19:08:27] [INFO] sql_transformer_logger - SqlServ_views_demo_output.sql file read successfully ...
[2025-04-22 19:08:27] [INFO] sql_transformer_logger - SqlServ_views_demo_output.sql File is created successfully ...
[2025-04-22 19:08:27] [INFO] sql_transformer_logger - SQ_SRV_tables_demo (3).sql file read successfully ...
[2025-04-22 19:08:27] [INFO] sql_transformer_logger - SQ_SRV_tables_demo (3).sql File is created successfully ...
