[2025-04-29 08:50:47] [INFO] sql_transformer_logger - successfully read json data ...
[2025-04-29 08:50:47] [INFO] sql_transformer_logger - Dataframe is created successfully ...
[2025-04-29 08:50:47] [INFO] sql_transformer_logger - successfully read json data ...
[2025-04-29 08:50:47] [INFO] sql_transformer_logger - Dataframe is created successfully ...
[2025-04-29 08:51:04] [INFO] sql_transformer_logger - input2_oltpdb_functions_output.sql file read successfully ...
[2025-04-29 08:51:04] [INFO] sql_transformer_logger - input2_oltpdb_functions_output.sql File is created successfully ...
[2025-04-29 08:51:04] [INFO] sql_transformer_logger - input2_oltpdb_proc_output.sql file read successfully ...
[2025-04-29 08:51:04] [INFO] sql_transformer_logger - input2_oltpdb_proc_output.sql File is created successfully ...
[2025-04-29 08:51:04] [INFO] sql_transformer_logger - input2_oltpdb_views_output.sql file read successfully ...
[2025-04-29 08:51:04] [INFO] sql_transformer_logger - input2_oltpdb_views_output.sql File is created successfully ...
[2025-04-29 08:51:04] [INFO] sql_transformer_logger - input_functions_sf.sql file read successfully ...
[2025-04-29 08:51:04] [INFO] sql_transformer_logger - input_functions_sf.sql File is created successfully ...
[2025-04-29 08:51:04] [INFO] sql_transformer_logger - input_tables_sf.sql file read successfully ...
[2025-04-29 08:51:04] [INFO] sql_transformer_logger - input_tables_sf.sql File is created successfully ...
[2025-04-29 08:51:04] [INFO] sql_transformer_logger - json.sql file read successfully ...
[2025-04-29 08:51:04] [INFO] sql_transformer_logger - json.sql File is created successfully ...
[2025-04-29 08:51:04] [INFO] sql_transformer_logger - oltpdb_proc_error_message.sql file read successfully ...
[2025-04-29 08:51:04] [INFO] sql_transformer_logger - oltpdb_proc_error_message.sql File is created successfully ...
[2025-04-29 08:51:04] [INFO] sql_transformer_logger - sample.sql file read successfully ...
[2025-04-29 08:51:04] [INFO] sql_transformer_logger - sample.sql File is created successfully ...
[2025-04-29 08:51:04] [INFO] sql_transformer_logger - SqlServ_functions_demo_output.sql file read successfully ...
[2025-04-29 08:51:04] [INFO] sql_transformer_logger - SqlServ_functions_demo_output.sql File is created successfully ...
[2025-04-29 08:51:04] [INFO] sql_transformer_logger - SqlServ_procedures_demo_output.sql file read successfully ...
[2025-04-29 08:51:04] [INFO] sql_transformer_logger - SqlServ_procedures_demo_output.sql File is created successfully ...
[2025-04-29 08:51:04] [INFO] sql_transformer_logger - SqlServ_tables_demo_output.sql file read successfully ...
[2025-04-29 08:51:04] [INFO] sql_transformer_logger - SqlServ_tables_demo_output.sql File is created successfully ...
[2025-04-29 08:51:05] [INFO] sql_transformer_logger - SqlServ_views_demo_output.sql file read successfully ...
[2025-04-29 08:51:05] [INFO] sql_transformer_logger - SqlServ_views_demo_output.sql File is created successfully ...
[2025-04-29 08:51:05] [INFO] sql_transformer_logger - SQ_SRV_tables_demo (3).sql file read successfully ...
[2025-04-29 08:51:05] [INFO] sql_transformer_logger - SQ_SRV_tables_demo (3).sql File is created successfully ...
[2025-04-29 08:53:48] [INFO] sql_transformer_logger - successfully read json data ...
[2025-04-29 08:53:48] [INFO] sql_transformer_logger - Dataframe is created successfully ...
[2025-04-29 08:53:48] [INFO] sql_transformer_logger - successfully read json data ...
[2025-04-29 08:53:48] [INFO] sql_transformer_logger - Dataframe is created successfully ...
[2025-04-29 08:53:53] [INFO] sql_transformer_logger - input2_oltpdb_functions_output.sql file read successfully ...
[2025-04-29 08:53:53] [INFO] sql_transformer_logger - input2_oltpdb_functions_output.sql File is created successfully ...
[2025-04-29 08:53:53] [INFO] sql_transformer_logger - input2_oltpdb_proc_output.sql file read successfully ...
[2025-04-29 08:53:53] [INFO] sql_transformer_logger - input2_oltpdb_proc_output.sql File is created successfully ...
[2025-04-29 08:53:53] [INFO] sql_transformer_logger - input2_oltpdb_views_output.sql file read successfully ...
[2025-04-29 08:53:53] [INFO] sql_transformer_logger - input2_oltpdb_views_output.sql File is created successfully ...
[2025-04-29 08:53:53] [INFO] sql_transformer_logger - input_functions_sf.sql file read successfully ...
[2025-04-29 08:53:53] [INFO] sql_transformer_logger - input_functions_sf.sql File is created successfully ...
[2025-04-29 08:53:53] [INFO] sql_transformer_logger - input_tables_sf.sql file read successfully ...
[2025-04-29 08:53:53] [INFO] sql_transformer_logger - input_tables_sf.sql File is created successfully ...
[2025-04-29 08:53:53] [INFO] sql_transformer_logger - json.sql file read successfully ...
[2025-04-29 08:53:53] [INFO] sql_transformer_logger - json.sql File is created successfully ...
[2025-04-29 08:53:53] [INFO] sql_transformer_logger - oltpdb_proc_error_message.sql file read successfully ...
[2025-04-29 08:53:53] [INFO] sql_transformer_logger - oltpdb_proc_error_message.sql File is created successfully ...
[2025-04-29 08:53:53] [INFO] sql_transformer_logger - sample.sql file read successfully ...
[2025-04-29 08:53:53] [INFO] sql_transformer_logger - sample.sql File is created successfully ...
[2025-04-29 08:53:53] [INFO] sql_transformer_logger - SqlServ_functions_demo_output.sql file read successfully ...
[2025-04-29 08:53:53] [INFO] sql_transformer_logger - SqlServ_functions_demo_output.sql File is created successfully ...
[2025-04-29 08:53:53] [INFO] sql_transformer_logger - SqlServ_procedures_demo_output.sql file read successfully ...
[2025-04-29 08:53:53] [INFO] sql_transformer_logger - SqlServ_procedures_demo_output.sql File is created successfully ...
[2025-04-29 08:53:53] [INFO] sql_transformer_logger - SqlServ_tables_demo_output.sql file read successfully ...
[2025-04-29 08:53:53] [INFO] sql_transformer_logger - SqlServ_tables_demo_output.sql File is created successfully ...
[2025-04-29 08:53:53] [INFO] sql_transformer_logger - SqlServ_views_demo_output.sql file read successfully ...
[2025-04-29 08:53:53] [INFO] sql_transformer_logger - SqlServ_views_demo_output.sql File is created successfully ...
[2025-04-29 08:53:53] [INFO] sql_transformer_logger - SQ_SRV_tables_demo (3).sql file read successfully ...
[2025-04-29 08:53:53] [INFO] sql_transformer_logger - SQ_SRV_tables_demo (3).sql File is created successfully ...
[2025-04-29 08:58:08] [INFO] sql_transformer_logger - successfully read json data ...
[2025-04-29 08:58:08] [INFO] sql_transformer_logger - Dataframe is created successfully ...
[2025-04-29 08:58:08] [INFO] sql_transformer_logger - successfully read json data ...
[2025-04-29 08:58:08] [INFO] sql_transformer_logger - Dataframe is created successfully ...
[2025-04-29 08:58:16] [INFO] sql_transformer_logger - input2_oltpdb_functions_output.sql file read successfully ...
[2025-04-29 08:58:16] [INFO] sql_transformer_logger - input2_oltpdb_functions_output.sql File is created successfully ...
[2025-04-29 08:58:16] [INFO] sql_transformer_logger - input2_oltpdb_proc_output.sql file read successfully ...
[2025-04-29 08:58:16] [INFO] sql_transformer_logger - input2_oltpdb_proc_output.sql File is created successfully ...
[2025-04-29 08:58:16] [INFO] sql_transformer_logger - input2_oltpdb_views_output.sql file read successfully ...
[2025-04-29 08:58:16] [INFO] sql_transformer_logger - input2_oltpdb_views_output.sql File is created successfully ...
[2025-04-29 08:58:16] [INFO] sql_transformer_logger - input_functions_sf.sql file read successfully ...
[2025-04-29 08:58:16] [INFO] sql_transformer_logger - input_functions_sf.sql File is created successfully ...
[2025-04-29 08:58:16] [INFO] sql_transformer_logger - input_tables_sf.sql file read successfully ...
[2025-04-29 08:58:16] [INFO] sql_transformer_logger - input_tables_sf.sql File is created successfully ...
[2025-04-29 08:58:16] [INFO] sql_transformer_logger - json.sql file read successfully ...
[2025-04-29 08:58:16] [INFO] sql_transformer_logger - json.sql File is created successfully ...
[2025-04-29 08:58:16] [INFO] sql_transformer_logger - oltpdb_proc_error_message.sql file read successfully ...
[2025-04-29 08:58:16] [INFO] sql_transformer_logger - oltpdb_proc_error_message.sql File is created successfully ...
[2025-04-29 08:58:16] [INFO] sql_transformer_logger - sample.sql file read successfully ...
[2025-04-29 08:58:16] [INFO] sql_transformer_logger - sample.sql File is created successfully ...
[2025-04-29 08:58:16] [INFO] sql_transformer_logger - SqlServ_functions_demo_output.sql file read successfully ...
[2025-04-29 08:58:16] [INFO] sql_transformer_logger - SqlServ_functions_demo_output.sql File is created successfully ...
[2025-04-29 08:58:16] [INFO] sql_transformer_logger - SqlServ_procedures_demo_output.sql file read successfully ...
[2025-04-29 08:58:16] [INFO] sql_transformer_logger - SqlServ_procedures_demo_output.sql File is created successfully ...
[2025-04-29 08:58:16] [INFO] sql_transformer_logger - SqlServ_tables_demo_output.sql file read successfully ...
[2025-04-29 08:58:16] [INFO] sql_transformer_logger - SqlServ_tables_demo_output.sql File is created successfully ...
[2025-04-29 08:58:16] [INFO] sql_transformer_logger - SqlServ_views_demo_output.sql file read successfully ...
[2025-04-29 08:58:16] [INFO] sql_transformer_logger - SqlServ_views_demo_output.sql File is created successfully ...
[2025-04-29 08:58:16] [INFO] sql_transformer_logger - SQ_SRV_tables_demo (3).sql file read successfully ...
[2025-04-29 08:58:16] [INFO] sql_transformer_logger - SQ_SRV_tables_demo (3).sql File is created successfully ...
[2025-04-29 09:00:02] [INFO] sql_transformer_logger - successfully read json data ...
[2025-04-29 09:00:02] [INFO] sql_transformer_logger - Dataframe is created successfully ...
[2025-04-29 09:00:02] [INFO] sql_transformer_logger - successfully read json data ...
[2025-04-29 09:00:02] [INFO] sql_transformer_logger - Dataframe is created successfully ...
[2025-04-29 09:00:07] [INFO] sql_transformer_logger - input2_oltpdb_functions_output.sql file read successfully ...
[2025-04-29 09:00:07] [INFO] sql_transformer_logger - input2_oltpdb_functions_output.sql File is created successfully ...
[2025-04-29 09:00:07] [INFO] sql_transformer_logger - input2_oltpdb_proc_output.sql file read successfully ...
[2025-04-29 09:00:07] [INFO] sql_transformer_logger - input2_oltpdb_proc_output.sql File is created successfully ...
[2025-04-29 09:00:07] [INFO] sql_transformer_logger - input2_oltpdb_views_output.sql file read successfully ...
[2025-04-29 09:00:07] [INFO] sql_transformer_logger - input2_oltpdb_views_output.sql File is created successfully ...
[2025-04-29 09:00:07] [INFO] sql_transformer_logger - input_functions_sf.sql file read successfully ...
[2025-04-29 09:00:07] [INFO] sql_transformer_logger - input_functions_sf.sql File is created successfully ...
[2025-04-29 09:00:07] [INFO] sql_transformer_logger - input_tables_sf.sql file read successfully ...
[2025-04-29 09:00:07] [INFO] sql_transformer_logger - input_tables_sf.sql File is created successfully ...
[2025-04-29 09:00:07] [INFO] sql_transformer_logger - json.sql file read successfully ...
[2025-04-29 09:00:07] [INFO] sql_transformer_logger - json.sql File is created successfully ...
[2025-04-29 09:00:07] [INFO] sql_transformer_logger - oltpdb_proc_error_message.sql file read successfully ...
[2025-04-29 09:00:07] [INFO] sql_transformer_logger - oltpdb_proc_error_message.sql File is created successfully ...
[2025-04-29 09:00:07] [INFO] sql_transformer_logger - sample.sql file read successfully ...
[2025-04-29 09:00:07] [INFO] sql_transformer_logger - sample.sql File is created successfully ...
[2025-04-29 09:00:07] [INFO] sql_transformer_logger - SqlServ_functions_demo_output.sql file read successfully ...
[2025-04-29 09:00:07] [INFO] sql_transformer_logger - SqlServ_functions_demo_output.sql File is created successfully ...
[2025-04-29 09:00:07] [INFO] sql_transformer_logger - SqlServ_procedures_demo_output.sql file read successfully ...
[2025-04-29 09:00:07] [INFO] sql_transformer_logger - SqlServ_procedures_demo_output.sql File is created successfully ...
[2025-04-29 09:00:07] [INFO] sql_transformer_logger - SqlServ_tables_demo_output.sql file read successfully ...
[2025-04-29 09:00:07] [INFO] sql_transformer_logger - SqlServ_tables_demo_output.sql File is created successfully ...
[2025-04-29 09:00:07] [INFO] sql_transformer_logger - SqlServ_views_demo_output.sql file read successfully ...
[2025-04-29 09:00:07] [INFO] sql_transformer_logger - SqlServ_views_demo_output.sql File is created successfully ...
[2025-04-29 09:00:07] [INFO] sql_transformer_logger - SQ_SRV_tables_demo (3).sql file read successfully ...
[2025-04-29 09:00:07] [INFO] sql_transformer_logger - SQ_SRV_tables_demo (3).sql File is created successfully ...
[2025-04-29 09:18:13] [INFO] sql_transformer_logger - successfully read json data ...
[2025-04-29 09:18:13] [INFO] sql_transformer_logger - Dataframe is created successfully ...
[2025-04-29 09:18:13] [INFO] sql_transformer_logger - successfully read json data ...
[2025-04-29 09:18:13] [INFO] sql_transformer_logger - Dataframe is created successfully ...
[2025-04-29 09:19:27] [INFO] sql_transformer_logger - input2_oltpdb_functions_output.sql file read successfully ...
[2025-04-29 09:19:27] [INFO] sql_transformer_logger - input2_oltpdb_functions_output.sql File is created successfully ...
[2025-04-29 09:19:27] [INFO] sql_transformer_logger - input2_oltpdb_proc_output.sql file read successfully ...
[2025-04-29 09:19:27] [INFO] sql_transformer_logger - input2_oltpdb_proc_output.sql File is created successfully ...
[2025-04-29 09:19:27] [INFO] sql_transformer_logger - input2_oltpdb_views_output.sql file read successfully ...
[2025-04-29 09:19:27] [INFO] sql_transformer_logger - input2_oltpdb_views_output.sql File is created successfully ...
[2025-04-29 09:19:27] [INFO] sql_transformer_logger - input_functions_sf.sql file read successfully ...
[2025-04-29 09:19:27] [INFO] sql_transformer_logger - input_functions_sf.sql File is created successfully ...
[2025-04-29 09:19:27] [INFO] sql_transformer_logger - input_tables_sf.sql file read successfully ...
[2025-04-29 09:19:28] [INFO] sql_transformer_logger - input_tables_sf.sql File is created successfully ...
[2025-04-29 09:19:28] [INFO] sql_transformer_logger - json.sql file read successfully ...
[2025-04-29 09:19:28] [INFO] sql_transformer_logger - json.sql File is created successfully ...
[2025-04-29 09:19:28] [INFO] sql_transformer_logger - oltpdb_proc_error_message.sql file read successfully ...
[2025-04-29 09:19:28] [INFO] sql_transformer_logger - oltpdb_proc_error_message.sql File is created successfully ...
[2025-04-29 09:19:28] [INFO] sql_transformer_logger - sample.sql file read successfully ...
[2025-04-29 09:19:28] [INFO] sql_transformer_logger - sample.sql File is created successfully ...
[2025-04-29 09:19:28] [INFO] sql_transformer_logger - SqlServ_functions_demo_output.sql file read successfully ...
[2025-04-29 09:19:28] [INFO] sql_transformer_logger - SqlServ_functions_demo_output.sql File is created successfully ...
[2025-04-29 09:19:28] [INFO] sql_transformer_logger - SqlServ_procedures_demo_output.sql file read successfully ...
[2025-04-29 09:19:28] [INFO] sql_transformer_logger - SqlServ_procedures_demo_output.sql File is created successfully ...
[2025-04-29 09:19:28] [INFO] sql_transformer_logger - SqlServ_tables_demo_output.sql file read successfully ...
[2025-04-29 09:19:28] [INFO] sql_transformer_logger - SqlServ_tables_demo_output.sql File is created successfully ...
[2025-04-29 09:19:28] [INFO] sql_transformer_logger - SqlServ_views_demo_output.sql file read successfully ...
[2025-04-29 09:19:28] [INFO] sql_transformer_logger - SqlServ_views_demo_output.sql File is created successfully ...
[2025-04-29 09:19:28] [INFO] sql_transformer_logger - SQ_SRV_tables_demo (3).sql file read successfully ...
[2025-04-29 09:19:28] [INFO] sql_transformer_logger - SQ_SRV_tables_demo (3).sql File is created successfully ...
[2025-04-29 09:23:50] [INFO] sql_transformer_logger - successfully read json data ...
[2025-04-29 09:23:50] [INFO] sql_transformer_logger - Dataframe is created successfully ...
[2025-04-29 09:23:50] [INFO] sql_transformer_logger - successfully read json data ...
[2025-04-29 09:23:50] [INFO] sql_transformer_logger - Dataframe is created successfully ...
[2025-04-29 09:24:40] [INFO] sql_transformer_logger - input2_oltpdb_functions_output.sql file read successfully ...
[2025-04-29 09:24:40] [INFO] sql_transformer_logger - input2_oltpdb_functions_output.sql File is created successfully ...
[2025-04-29 09:24:40] [INFO] sql_transformer_logger - input2_oltpdb_proc_output.sql file read successfully ...
[2025-04-29 09:24:40] [INFO] sql_transformer_logger - input2_oltpdb_proc_output.sql File is created successfully ...
[2025-04-29 09:24:40] [INFO] sql_transformer_logger - input2_oltpdb_views_output.sql file read successfully ...
[2025-04-29 09:24:40] [INFO] sql_transformer_logger - input2_oltpdb_views_output.sql File is created successfully ...
[2025-04-29 09:24:40] [INFO] sql_transformer_logger - input_functions_sf.sql file read successfully ...
[2025-04-29 09:24:40] [INFO] sql_transformer_logger - input_functions_sf.sql File is created successfully ...
[2025-04-29 09:24:40] [INFO] sql_transformer_logger - input_tables_sf.sql file read successfully ...
[2025-04-29 09:24:40] [INFO] sql_transformer_logger - input_tables_sf.sql File is created successfully ...
[2025-04-29 09:24:40] [INFO] sql_transformer_logger - json.sql file read successfully ...
[2025-04-29 09:24:40] [INFO] sql_transformer_logger - json.sql File is created successfully ...
[2025-04-29 09:24:40] [INFO] sql_transformer_logger - oltpdb_proc_error_message.sql file read successfully ...
[2025-04-29 09:24:40] [INFO] sql_transformer_logger - oltpdb_proc_error_message.sql File is created successfully ...
[2025-04-29 09:24:40] [INFO] sql_transformer_logger - sample.sql file read successfully ...
[2025-04-29 09:24:40] [INFO] sql_transformer_logger - sample.sql File is created successfully ...
[2025-04-29 09:24:40] [INFO] sql_transformer_logger - SqlServ_functions_demo_output.sql file read successfully ...
[2025-04-29 09:24:40] [INFO] sql_transformer_logger - SqlServ_functions_demo_output.sql File is created successfully ...
[2025-04-29 09:24:40] [INFO] sql_transformer_logger - SqlServ_procedures_demo_output.sql file read successfully ...
[2025-04-29 09:24:40] [INFO] sql_transformer_logger - SqlServ_procedures_demo_output.sql File is created successfully ...
[2025-04-29 09:24:40] [INFO] sql_transformer_logger - SqlServ_tables_demo_output.sql file read successfully ...
[2025-04-29 09:24:40] [INFO] sql_transformer_logger - SqlServ_tables_demo_output.sql File is created successfully ...
[2025-04-29 09:24:40] [INFO] sql_transformer_logger - SqlServ_views_demo_output.sql file read successfully ...
[2025-04-29 09:24:40] [INFO] sql_transformer_logger - SqlServ_views_demo_output.sql File is created successfully ...
[2025-04-29 09:24:40] [INFO] sql_transformer_logger - SQ_SRV_tables_demo (3).sql file read successfully ...
[2025-04-29 09:24:40] [INFO] sql_transformer_logger - SQ_SRV_tables_demo (3).sql File is created successfully ...
[2025-04-29 13:33:15] [INFO] sql_transformer_logger - successfully read json data ...
[2025-04-29 13:33:15] [INFO] sql_transformer_logger - Dataframe is created successfully ...
[2025-04-29 13:33:15] [INFO] sql_transformer_logger - successfully read json data ...
[2025-04-29 13:33:15] [INFO] sql_transformer_logger - Dataframe is created successfully ...
[2025-04-29 13:33:15] [ERROR] sql_transformer_logger - Configuration file not found: C:\Users\suvam.ghosh\Downloads\sqlserver_to_snowflake-20250425_SG\sqlserver_to_snowflake-20250425_SG_NEW\config\batch_config.json
[2025-04-29 13:35:36] [INFO] sql_transformer_logger - successfully read json data ...
[2025-04-29 13:35:36] [INFO] sql_transformer_logger - Dataframe is created successfully ...
[2025-04-29 13:35:36] [INFO] sql_transformer_logger - successfully read json data ...
[2025-04-29 13:35:36] [INFO] sql_transformer_logger - Dataframe is created successfully ...
[2025-04-29 13:35:36] [ERROR] sql_transformer_logger - Configuration file not found: C:\Users\suvam.ghosh\Downloads\sqlserver_to_snowflake-20250425_SG\sqlserver_to_snowflake-20250425_SG_NEW\config\batch_config.json
[2025-04-29 13:35:36] [INFO] sql_transformer_logger - input2_oltpdb_functions_output.sql file read successfully ...
[2025-04-29 13:35:36] [INFO] sql_transformer_logger - input2_oltpdb_functions_output.sql File is created successfully ...
[2025-04-29 13:35:36] [INFO] sql_transformer_logger - input2_oltpdb_proc_output.sql file read successfully ...
[2025-04-29 13:35:36] [INFO] sql_transformer_logger - input2_oltpdb_proc_output.sql File is created successfully ...
[2025-04-29 13:35:36] [INFO] sql_transformer_logger - input2_oltpdb_views_output.sql file read successfully ...
[2025-04-29 13:35:36] [INFO] sql_transformer_logger - input2_oltpdb_views_output.sql File is created successfully ...
[2025-04-29 13:35:36] [INFO] sql_transformer_logger - input_functions_sf.sql file read successfully ...
[2025-04-29 13:35:36] [INFO] sql_transformer_logger - input_functions_sf.sql File is created successfully ...
[2025-04-29 13:35:36] [INFO] sql_transformer_logger - input_tables_sf.sql file read successfully ...
[2025-04-29 13:35:36] [INFO] sql_transformer_logger - input_tables_sf.sql File is created successfully ...
[2025-04-29 13:35:36] [INFO] sql_transformer_logger - json.sql file read successfully ...
[2025-04-29 13:35:36] [INFO] sql_transformer_logger - json.sql File is created successfully ...
[2025-04-29 13:35:36] [INFO] sql_transformer_logger - oltpdb_proc_error_message.sql file read successfully ...
[2025-04-29 13:35:37] [INFO] sql_transformer_logger - oltpdb_proc_error_message.sql File is created successfully ...
[2025-04-29 13:35:37] [INFO] sql_transformer_logger - sample.sql file read successfully ...
[2025-04-29 13:35:37] [INFO] sql_transformer_logger - sample.sql File is created successfully ...
[2025-04-29 13:35:37] [INFO] sql_transformer_logger - SqlServ_functions_demo_output.sql file read successfully ...
[2025-04-29 13:35:37] [INFO] sql_transformer_logger - SqlServ_functions_demo_output.sql File is created successfully ...
[2025-04-29 13:35:37] [INFO] sql_transformer_logger - SqlServ_procedures_demo_output.sql file read successfully ...
[2025-04-29 13:35:37] [INFO] sql_transformer_logger - SqlServ_procedures_demo_output.sql File is created successfully ...
[2025-04-29 13:35:37] [INFO] sql_transformer_logger - SqlServ_tables_demo_output.sql file read successfully ...
[2025-04-29 13:35:37] [INFO] sql_transformer_logger - SqlServ_tables_demo_output.sql File is created successfully ...
[2025-04-29 13:35:37] [INFO] sql_transformer_logger - SqlServ_views_demo_output.sql file read successfully ...
[2025-04-29 13:35:37] [INFO] sql_transformer_logger - SqlServ_views_demo_output.sql File is created successfully ...
[2025-04-29 13:35:37] [INFO] sql_transformer_logger - SQ_SRV_tables_demo (3).sql file read successfully ...
[2025-04-29 13:35:37] [INFO] sql_transformer_logger - SQ_SRV_tables_demo (3).sql File is created successfully ...
[2025-04-29 14:01:17] [INFO] sql_transformer_logger - successfully read json data ...
[2025-04-29 14:01:17] [INFO] sql_transformer_logger - Dataframe is created successfully ...
[2025-04-29 14:01:17] [INFO] sql_transformer_logger - successfully read json data ...
[2025-04-29 14:01:17] [INFO] sql_transformer_logger - Dataframe is created successfully ...
[2025-04-29 14:01:17] [ERROR] sql_transformer_logger - Configuration file not found: C:\Users\suvam.ghosh\Downloads\sqlserver_to_snowflake-20250425_SG\sqlserver_to_snowflake-20250425_SG_NEW\config\batch_config.json
[2025-04-29 14:03:51] [INFO] sql_transformer_logger - successfully read json data ...
[2025-04-29 14:03:51] [INFO] sql_transformer_logger - Dataframe is created successfully ...
[2025-04-29 14:03:51] [INFO] sql_transformer_logger - successfully read json data ...
[2025-04-29 14:03:51] [INFO] sql_transformer_logger - Dataframe is created successfully ...
[2025-04-29 14:06:11] [INFO] sql_transformer_logger - successfully read json data ...
[2025-04-29 14:06:11] [INFO] sql_transformer_logger - Dataframe is created successfully ...
[2025-04-29 14:06:11] [INFO] sql_transformer_logger - successfully read json data ...
[2025-04-29 14:06:11] [INFO] sql_transformer_logger - Dataframe is created successfully ...
[2025-04-29 14:18:12] [INFO] sql_transformer_logger - successfully read json data ...
[2025-04-29 14:18:12] [INFO] sql_transformer_logger - Dataframe is created successfully ...
[2025-04-29 14:18:12] [INFO] sql_transformer_logger - successfully read json data ...
[2025-04-29 14:18:12] [INFO] sql_transformer_logger - Dataframe is created successfully ...
[2025-04-29 15:01:12] [INFO] sql_transformer_logger - successfully read json data ...
[2025-04-29 15:01:12] [INFO] sql_transformer_logger - Dataframe is created successfully ...
[2025-04-29 15:01:12] [INFO] sql_transformer_logger - successfully read json data ...
[2025-04-29 15:01:12] [INFO] sql_transformer_logger - Dataframe is created successfully ...
[2025-04-29 15:07:19] [INFO] sql_transformer_logger - successfully read json data ...
[2025-04-29 15:07:19] [INFO] sql_transformer_logger - Dataframe is created successfully ...
[2025-04-29 15:07:19] [INFO] sql_transformer_logger - successfully read json data ...
[2025-04-29 15:07:19] [INFO] sql_transformer_logger - Dataframe is created successfully ...
[2025-04-29 15:17:17] [INFO] sql_transformer_logger - successfully read json data ...
[2025-04-29 15:17:17] [INFO] sql_transformer_logger - Dataframe is created successfully ...
[2025-04-29 15:17:17] [INFO] sql_transformer_logger - successfully read json data ...
[2025-04-29 15:17:17] [INFO] sql_transformer_logger - Dataframe is created successfully ...
[2025-04-29 15:19:03] [INFO] sql_transformer_logger - successfully read json data ...
[2025-04-29 15:19:03] [INFO] sql_transformer_logger - Dataframe is created successfully ...
[2025-04-29 15:19:03] [INFO] sql_transformer_logger - successfully read json data ...
[2025-04-29 15:19:03] [INFO] sql_transformer_logger - Dataframe is created successfully ...
[2025-04-29 15:22:47] [INFO] sql_transformer_logger - successfully read json data ...
[2025-04-29 15:22:47] [INFO] sql_transformer_logger - Dataframe is created successfully ...
[2025-04-29 15:22:47] [INFO] sql_transformer_logger - successfully read json data ...
[2025-04-29 15:22:47] [INFO] sql_transformer_logger - Dataframe is created successfully ...
[2025-04-29 23:01:09] [INFO] sql_transformer_logger - successfully read json data ...
[2025-04-29 23:01:09] [INFO] sql_transformer_logger - Dataframe is created successfully ...
[2025-04-29 23:01:09] [INFO] sql_transformer_logger - successfully read json data ...
[2025-04-29 23:01:09] [INFO] sql_transformer_logger - Dataframe is created successfully ...
[2025-04-29 23:11:46] [INFO] sql_transformer_logger - successfully read json data ...
[2025-04-29 23:11:46] [INFO] sql_transformer_logger - Dataframe is created successfully ...
[2025-04-29 23:11:46] [INFO] sql_transformer_logger - successfully read json data ...
[2025-04-29 23:11:46] [INFO] sql_transformer_logger - Dataframe is created successfully ...
[2025-04-29 23:17:23] [INFO] sql_transformer_logger - successfully read json data ...
[2025-04-29 23:17:23] [INFO] sql_transformer_logger - Dataframe is created successfully ...
[2025-04-29 23:17:23] [INFO] sql_transformer_logger - successfully read json data ...
[2025-04-29 23:17:23] [INFO] sql_transformer_logger - Dataframe is created successfully ...
[2025-04-29 23:19:26] [INFO] sql_transformer_logger - successfully read json data ...
[2025-04-29 23:19:26] [INFO] sql_transformer_logger - Dataframe is created successfully ...
[2025-04-29 23:19:26] [INFO] sql_transformer_logger - successfully read json data ...
[2025-04-29 23:19:26] [INFO] sql_transformer_logger - Dataframe is created successfully ...
[2025-04-29 23:20:23] [INFO] sql_transformer_logger - successfully read json data ...
[2025-04-29 23:20:23] [INFO] sql_transformer_logger - Dataframe is created successfully ...
[2025-04-29 23:20:23] [INFO] sql_transformer_logger - successfully read json data ...
[2025-04-29 23:20:23] [INFO] sql_transformer_logger - Dataframe is created successfully ...
[2025-04-29 23:21:56] [INFO] sql_transformer_logger - successfully read json data ...
[2025-04-29 23:21:56] [INFO] sql_transformer_logger - Dataframe is created successfully ...
[2025-04-29 23:21:56] [INFO] sql_transformer_logger - successfully read json data ...
[2025-04-29 23:21:56] [INFO] sql_transformer_logger - Dataframe is created successfully ...
[2025-04-29 23:25:19] [INFO] sql_transformer_logger - successfully read json data ...
[2025-04-29 23:25:19] [INFO] sql_transformer_logger - Dataframe is created successfully ...
[2025-04-29 23:25:19] [INFO] sql_transformer_logger - successfully read json data ...
[2025-04-29 23:25:19] [INFO] sql_transformer_logger - Dataframe is created successfully ...
[2025-04-29 23:27:57] [INFO] sql_transformer_logger - successfully read json data ...
[2025-04-29 23:27:57] [INFO] sql_transformer_logger - Dataframe is created successfully ...
[2025-04-29 23:27:57] [INFO] sql_transformer_logger - successfully read json data ...
[2025-04-29 23:27:57] [INFO] sql_transformer_logger - Dataframe is created successfully ...
[2025-04-29 23:28:59] [INFO] sql_transformer_logger - successfully read json data ...
[2025-04-29 23:28:59] [INFO] sql_transformer_logger - Dataframe is created successfully ...
[2025-04-29 23:28:59] [INFO] sql_transformer_logger - successfully read json data ...
[2025-04-29 23:28:59] [INFO] sql_transformer_logger - Dataframe is created successfully ...
[2025-04-29 23:30:08] [INFO] sql_transformer_logger - successfully read json data ...
[2025-04-29 23:30:08] [INFO] sql_transformer_logger - Dataframe is created successfully ...
[2025-04-29 23:30:08] [INFO] sql_transformer_logger - successfully read json data ...
[2025-04-29 23:30:08] [INFO] sql_transformer_logger - Dataframe is created successfully ...
[2025-04-29 23:30:51] [INFO] sql_transformer_logger - successfully read json data ...
[2025-04-29 23:30:51] [INFO] sql_transformer_logger - Dataframe is created successfully ...
[2025-04-29 23:30:51] [INFO] sql_transformer_logger - successfully read json data ...
[2025-04-29 23:30:51] [INFO] sql_transformer_logger - Dataframe is created successfully ...
[2025-04-29 23:31:54] [INFO] sql_transformer_logger - successfully read json data ...
[2025-04-29 23:31:54] [INFO] sql_transformer_logger - Dataframe is created successfully ...
[2025-04-29 23:31:54] [INFO] sql_transformer_logger - successfully read json data ...
[2025-04-29 23:31:54] [INFO] sql_transformer_logger - Dataframe is created successfully ...
[2025-04-29 23:32:47] [INFO] sql_transformer_logger - successfully read json data ...
[2025-04-29 23:32:47] [INFO] sql_transformer_logger - Dataframe is created successfully ...
[2025-04-29 23:32:47] [INFO] sql_transformer_logger - successfully read json data ...
[2025-04-29 23:32:47] [INFO] sql_transformer_logger - Dataframe is created successfully ...
[2025-04-29 23:52:12] [INFO] sql_transformer_logger - successfully read json data ...
[2025-04-29 23:52:12] [INFO] sql_transformer_logger - Dataframe is created successfully ...
[2025-04-29 23:52:12] [INFO] sql_transformer_logger - successfully read json data ...
[2025-04-29 23:52:12] [INFO] sql_transformer_logger - Dataframe is created successfully ...
[2025-04-29 23:52:44] [INFO] sql_transformer_logger - input_mssql_functions.sql file read successfully ...
[2025-04-29 23:52:44] [INFO] sql_transformer_logger - input_mssql_functions.sql File is created successfully ...
[2025-04-29 23:52:44] [INFO] sql_transformer_logger - input_mssql_procedures.sql file read successfully ...
[2025-04-29 23:52:44] [INFO] sql_transformer_logger - input_mssql_procedures.sql File is created successfully ...
[2025-04-29 23:52:44] [INFO] sql_transformer_logger - input_mssql_tables.sql file read successfully ...
[2025-04-29 23:52:44] [INFO] sql_transformer_logger - input_mssql_tables.sql File is created successfully ...
[2025-04-29 23:52:44] [INFO] sql_transformer_logger - input_mssql_views.sql file read successfully ...
[2025-04-29 23:52:44] [INFO] sql_transformer_logger - input_mssql_views.sql File is created successfully ...
[2025-04-29 23:52:44] [INFO] sql_transformer_logger - SP_ADDEXTENDEDPROPERTY_UDP.sql file read successfully ...
[2025-04-29 23:52:44] [INFO] sql_transformer_logger - SP_ADDEXTENDEDPROPERTY_UDP.sql File is created successfully ...
