[2025-05-11 10:42:51] [INFO] sql_transformer_logger - successfully read json data ...
[2025-05-11 10:42:51] [INFO] sql_transformer_logger - Dataframe is created successfully ...
[2025-05-11 10:42:51] [INFO] sql_transformer_logger - successfully read json data ...
[2025-05-11 10:42:51] [INFO] sql_transformer_logger - Dataframe is created successfully ...
[2025-05-11 10:44:27] [INFO] sql_transformer_logger - SqlServ_triggers_demo.sql File is created successfully ...
[2025-05-11 10:44:27] [INFO] sql_transformer_logger - SQ_SRV_etl_demo.sql File is created successfully ...
[2025-05-11 10:44:27] [INFO] sql_transformer_logger - SQ_SRV_function1_demo.sql File is created successfully ...
[2025-05-11 10:44:27] [INFO] sql_transformer_logger - SQ_SRV_function2_demo.sql File is created successfully ...
[2025-05-11 10:44:27] [INFO] sql_transformer_logger - SQ_SRV_function3_demo.sql File is created successfully ...
[2025-05-11 10:44:27] [INFO] sql_transformer_logger - SQ_SRV_function4_demo.sql File is created successfully ...
[2025-05-11 10:44:27] [INFO] sql_transformer_logger - SQ_SRV_functions_demo.sql File is created successfully ...
[2025-05-11 10:44:27] [INFO] sql_transformer_logger - SQ_SRV_procedure10_demo.sql File is created successfully ...
[2025-05-11 10:44:27] [INFO] sql_transformer_logger - SQ_SRV_procedure11_demo.sql File is created successfully ...
[2025-05-11 10:44:27] [INFO] sql_transformer_logger - SQ_SRV_procedure12_demo.sql File is created successfully ...
[2025-05-11 10:44:28] [INFO] sql_transformer_logger - SQ_SRV_procedure1_demo.sql File is created successfully ...
[2025-05-11 10:44:28] [INFO] sql_transformer_logger - SQ_SRV_procedure2_demo.sql File is created successfully ...
[2025-05-11 10:44:28] [INFO] sql_transformer_logger - SQ_SRV_procedure3_demo.sql File is created successfully ...
[2025-05-11 10:44:28] [INFO] sql_transformer_logger - SQ_SRV_procedure4_demo.sql File is created successfully ...
[2025-05-11 10:44:28] [INFO] sql_transformer_logger - SQ_SRV_procedure5_demo.sql File is created successfully ...
[2025-05-11 10:44:28] [INFO] sql_transformer_logger - SQ_SRV_procedure6_demo.sql File is created successfully ...
[2025-05-11 10:44:28] [INFO] sql_transformer_logger - SQ_SRV_procedure7_demo.sql File is created successfully ...
[2025-05-11 10:44:28] [INFO] sql_transformer_logger - SQ_SRV_procedure8_demo.sql File is created successfully ...
[2025-05-11 10:44:28] [INFO] sql_transformer_logger - SQ_SRV_procedure9_demo.sql File is created successfully ...
[2025-05-11 10:44:28] [INFO] sql_transformer_logger - SQ_SRV_procedures_demo.sql File is created successfully ...
[2025-05-11 10:44:28] [INFO] sql_transformer_logger - SQ_SRV_tables_demo.sql File is created successfully ...
[2025-05-11 10:44:28] [INFO] sql_transformer_logger - SQ_SRV_triggers_demo.sql File is created successfully ...
[2025-05-11 10:44:28] [INFO] sql_transformer_logger - SQ_SRV_views_demo.sql File is created successfully ...
[2025-05-11 10:44:28] [INFO] sql_transformer_logger - RAISERROR_UDF.sql File is created successfully ...
[2025-05-11 10:47:13] [ERROR] sql_transformer_logger -  Snowflake connection failed: 000504: HTTP 504: Gateway Timeout
[2025-05-11 10:47:14] [ERROR] sql_transformer_logger - 'NoneType' object has no attribute 'execute'
[2025-05-11 10:47:14] [INFO] sql_transformer_logger - C:\Users\jayaprasanna.gan\Desktop\snowconvert_automation\scripts\SnowflakeFinalConvertOutput\RAISERROR_UDF.sql File is created successfully ...
[2025-05-11 10:49:09] [ERROR] sql_transformer_logger -  Snowflake connection failed: 250001 (08001): Failed to connect to DB: HDFEYMR-TIGERANALYTICS_PARTNER.snowflakecomputing.com:443. User is locked from Duo Security. Contact your local system administrator.
[2025-05-11 10:49:09] [INFO] sql_transformer_logger - C:\Users\jayaprasanna.gan\Desktop\snowconvert_automation\scripts\SnowflakeFinalConvertOutput\SqlServ_triggers_demo.sql File is created successfully ...
[2025-05-11 10:49:10] [ERROR] sql_transformer_logger -  Snowflake connection failed: 250001 (08001): Failed to connect to DB: HDFEYMR-TIGERANALYTICS_PARTNER.snowflakecomputing.com:443. User is locked from Duo Security. Contact your local system administrator.
[2025-05-11 10:49:10] [INFO] sql_transformer_logger - C:\Users\jayaprasanna.gan\Desktop\snowconvert_automation\scripts\SnowflakeFinalConvertOutput\SQ_SRV_etl_demo.sql File is created successfully ...
[2025-05-11 10:49:12] [ERROR] sql_transformer_logger -  Snowflake connection failed: 250001 (08001): Failed to connect to DB: HDFEYMR-TIGERANALYTICS_PARTNER.snowflakecomputing.com:443. User is locked from Duo Security. Contact your local system administrator.
[2025-05-11 10:49:12] [ERROR] sql_transformer_logger - 'NoneType' object has no attribute 'execute'
[2025-05-11 10:49:12] [INFO] sql_transformer_logger - C:\Users\jayaprasanna.gan\Desktop\snowconvert_automation\scripts\SnowflakeFinalConvertOutput\SQ_SRV_function1_demo.sql File is created successfully ...
[2025-05-11 10:49:13] [ERROR] sql_transformer_logger -  Snowflake connection failed: 250001 (08001): Failed to connect to DB: HDFEYMR-TIGERANALYTICS_PARTNER.snowflakecomputing.com:443. User is locked from Duo Security. Contact your local system administrator.
[2025-05-11 10:49:13] [ERROR] sql_transformer_logger - 'NoneType' object has no attribute 'execute'
[2025-05-11 10:49:13] [INFO] sql_transformer_logger - C:\Users\jayaprasanna.gan\Desktop\snowconvert_automation\scripts\SnowflakeFinalConvertOutput\SQ_SRV_function2_demo.sql File is created successfully ...
[2025-05-11 10:49:14] [ERROR] sql_transformer_logger -  Snowflake connection failed: 250001 (08001): Failed to connect to DB: HDFEYMR-TIGERANALYTICS_PARTNER.snowflakecomputing.com:443. User is locked from Duo Security. Contact your local system administrator.
[2025-05-11 10:49:14] [ERROR] sql_transformer_logger - 'NoneType' object has no attribute 'execute'
[2025-05-11 10:49:14] [INFO] sql_transformer_logger - C:\Users\jayaprasanna.gan\Desktop\snowconvert_automation\scripts\SnowflakeFinalConvertOutput\SQ_SRV_function3_demo.sql File is created successfully ...
[2025-05-11 10:49:15] [ERROR] sql_transformer_logger -  Snowflake connection failed: 250001 (08001): Failed to connect to DB: HDFEYMR-TIGERANALYTICS_PARTNER.snowflakecomputing.com:443. User is locked from Duo Security. Contact your local system administrator.
[2025-05-11 10:49:15] [ERROR] sql_transformer_logger - 'NoneType' object has no attribute 'execute'
[2025-05-11 10:49:15] [INFO] sql_transformer_logger - C:\Users\jayaprasanna.gan\Desktop\snowconvert_automation\scripts\SnowflakeFinalConvertOutput\SQ_SRV_function4_demo.sql File is created successfully ...
[2025-05-11 10:49:16] [ERROR] sql_transformer_logger -  Snowflake connection failed: 250001 (08001): Failed to connect to DB: HDFEYMR-TIGERANALYTICS_PARTNER.snowflakecomputing.com:443. User is locked from Duo Security. Contact your local system administrator.
[2025-05-11 10:49:17] [ERROR] sql_transformer_logger - 'NoneType' object has no attribute 'execute'
[2025-05-11 10:49:17] [INFO] sql_transformer_logger - C:\Users\jayaprasanna.gan\Desktop\snowconvert_automation\scripts\SnowflakeFinalConvertOutput\SQ_SRV_functions_demo.sql File is created successfully ...
[2025-05-11 10:49:18] [ERROR] sql_transformer_logger -  Snowflake connection failed: 250001 (08001): Failed to connect to DB: HDFEYMR-TIGERANALYTICS_PARTNER.snowflakecomputing.com:443. User is locked from Duo Security. Contact your local system administrator.
[2025-05-11 10:49:18] [ERROR] sql_transformer_logger - 'NoneType' object has no attribute 'execute'
[2025-05-11 10:49:18] [INFO] sql_transformer_logger - C:\Users\jayaprasanna.gan\Desktop\snowconvert_automation\scripts\SnowflakeFinalConvertOutput\SQ_SRV_procedure10_demo.sql File is created successfully ...
[2025-05-11 10:49:19] [ERROR] sql_transformer_logger -  Snowflake connection failed: 250001 (08001): Failed to connect to DB: HDFEYMR-TIGERANALYTICS_PARTNER.snowflakecomputing.com:443. User is locked from Duo Security. Contact your local system administrator.
[2025-05-11 10:49:19] [ERROR] sql_transformer_logger - 'NoneType' object has no attribute 'execute'
[2025-05-11 10:49:19] [INFO] sql_transformer_logger - C:\Users\jayaprasanna.gan\Desktop\snowconvert_automation\scripts\SnowflakeFinalConvertOutput\SQ_SRV_procedure11_demo.sql File is created successfully ...
[2025-05-11 10:49:20] [ERROR] sql_transformer_logger -  Snowflake connection failed: 250001 (08001): Failed to connect to DB: HDFEYMR-TIGERANALYTICS_PARTNER.snowflakecomputing.com:443. User is locked from Duo Security. Contact your local system administrator.
[2025-05-11 10:49:20] [ERROR] sql_transformer_logger - 'NoneType' object has no attribute 'execute'
[2025-05-11 10:49:20] [INFO] sql_transformer_logger - C:\Users\jayaprasanna.gan\Desktop\snowconvert_automation\scripts\SnowflakeFinalConvertOutput\SQ_SRV_procedure12_demo.sql File is created successfully ...
[2025-05-11 10:49:21] [ERROR] sql_transformer_logger -  Snowflake connection failed: 250001 (08001): Failed to connect to DB: HDFEYMR-TIGERANALYTICS_PARTNER.snowflakecomputing.com:443. User is locked from Duo Security. Contact your local system administrator.
[2025-05-11 10:49:21] [ERROR] sql_transformer_logger - 'NoneType' object has no attribute 'execute'
[2025-05-11 10:49:21] [INFO] sql_transformer_logger - C:\Users\jayaprasanna.gan\Desktop\snowconvert_automation\scripts\SnowflakeFinalConvertOutput\SQ_SRV_procedure1_demo.sql File is created successfully ...
[2025-05-11 10:49:22] [ERROR] sql_transformer_logger -  Snowflake connection failed: 250001 (08001): Failed to connect to DB: HDFEYMR-TIGERANALYTICS_PARTNER.snowflakecomputing.com:443. User is locked from Duo Security. Contact your local system administrator.
[2025-05-11 10:49:22] [ERROR] sql_transformer_logger - 'NoneType' object has no attribute 'execute'
[2025-05-11 10:49:22] [INFO] sql_transformer_logger - C:\Users\jayaprasanna.gan\Desktop\snowconvert_automation\scripts\SnowflakeFinalConvertOutput\SQ_SRV_procedure2_demo.sql File is created successfully ...
[2025-05-11 10:49:23] [ERROR] sql_transformer_logger -  Snowflake connection failed: 250001 (08001): Failed to connect to DB: HDFEYMR-TIGERANALYTICS_PARTNER.snowflakecomputing.com:443. User is locked from Duo Security. Contact your local system administrator.
[2025-05-11 10:49:24] [ERROR] sql_transformer_logger - 'NoneType' object has no attribute 'execute'
[2025-05-11 10:49:24] [INFO] sql_transformer_logger - C:\Users\jayaprasanna.gan\Desktop\snowconvert_automation\scripts\SnowflakeFinalConvertOutput\SQ_SRV_procedure3_demo.sql File is created successfully ...
[2025-05-11 10:49:25] [ERROR] sql_transformer_logger -  Snowflake connection failed: 250001 (08001): Failed to connect to DB: HDFEYMR-TIGERANALYTICS_PARTNER.snowflakecomputing.com:443. User is locked from Duo Security. Contact your local system administrator.
[2025-05-11 10:49:25] [ERROR] sql_transformer_logger - 'NoneType' object has no attribute 'execute'
[2025-05-11 10:49:25] [INFO] sql_transformer_logger - C:\Users\jayaprasanna.gan\Desktop\snowconvert_automation\scripts\SnowflakeFinalConvertOutput\SQ_SRV_procedure4_demo.sql File is created successfully ...
[2025-05-11 10:49:26] [ERROR] sql_transformer_logger -  Snowflake connection failed: 250001 (08001): Failed to connect to DB: HDFEYMR-TIGERANALYTICS_PARTNER.snowflakecomputing.com:443. User is locked from Duo Security. Contact your local system administrator.
[2025-05-11 10:49:26] [ERROR] sql_transformer_logger - 'NoneType' object has no attribute 'execute'
[2025-05-11 10:49:26] [INFO] sql_transformer_logger - C:\Users\jayaprasanna.gan\Desktop\snowconvert_automation\scripts\SnowflakeFinalConvertOutput\SQ_SRV_procedure5_demo.sql File is created successfully ...
[2025-05-11 10:49:27] [ERROR] sql_transformer_logger -  Snowflake connection failed: 250001 (08001): Failed to connect to DB: HDFEYMR-TIGERANALYTICS_PARTNER.snowflakecomputing.com:443. User is locked from Duo Security. Contact your local system administrator.
[2025-05-11 10:49:27] [ERROR] sql_transformer_logger - 'NoneType' object has no attribute 'execute'
[2025-05-11 10:49:27] [INFO] sql_transformer_logger - C:\Users\jayaprasanna.gan\Desktop\snowconvert_automation\scripts\SnowflakeFinalConvertOutput\SQ_SRV_procedure6_demo.sql File is created successfully ...
[2025-05-11 10:49:28] [ERROR] sql_transformer_logger -  Snowflake connection failed: 250001 (08001): Failed to connect to DB: HDFEYMR-TIGERANALYTICS_PARTNER.snowflakecomputing.com:443. User is locked from Duo Security. Contact your local system administrator.
[2025-05-11 10:49:28] [ERROR] sql_transformer_logger - 'NoneType' object has no attribute 'execute'
[2025-05-11 10:49:28] [INFO] sql_transformer_logger - C:\Users\jayaprasanna.gan\Desktop\snowconvert_automation\scripts\SnowflakeFinalConvertOutput\SQ_SRV_procedure7_demo.sql File is created successfully ...
[2025-05-11 10:49:30] [ERROR] sql_transformer_logger -  Snowflake connection failed: 250001 (08001): Failed to connect to DB: HDFEYMR-TIGERANALYTICS_PARTNER.snowflakecomputing.com:443. User is locked from Duo Security. Contact your local system administrator.
[2025-05-11 10:49:30] [ERROR] sql_transformer_logger - 'NoneType' object has no attribute 'execute'
[2025-05-11 10:49:30] [INFO] sql_transformer_logger - C:\Users\jayaprasanna.gan\Desktop\snowconvert_automation\scripts\SnowflakeFinalConvertOutput\SQ_SRV_procedure8_demo.sql File is created successfully ...
[2025-05-11 10:49:31] [ERROR] sql_transformer_logger -  Snowflake connection failed: 250001 (08001): Failed to connect to DB: HDFEYMR-TIGERANALYTICS_PARTNER.snowflakecomputing.com:443. User is locked from Duo Security. Contact your local system administrator.
[2025-05-11 10:49:31] [ERROR] sql_transformer_logger - 'NoneType' object has no attribute 'execute'
[2025-05-11 10:49:31] [INFO] sql_transformer_logger - C:\Users\jayaprasanna.gan\Desktop\snowconvert_automation\scripts\SnowflakeFinalConvertOutput\SQ_SRV_procedure9_demo.sql File is created successfully ...
[2025-05-11 10:49:32] [ERROR] sql_transformer_logger -  Snowflake connection failed: 250001 (08001): Failed to connect to DB: HDFEYMR-TIGERANALYTICS_PARTNER.snowflakecomputing.com:443. User is locked from Duo Security. Contact your local system administrator.
[2025-05-11 10:49:32] [ERROR] sql_transformer_logger - 'NoneType' object has no attribute 'execute'
[2025-05-11 10:49:32] [INFO] sql_transformer_logger - C:\Users\jayaprasanna.gan\Desktop\snowconvert_automation\scripts\SnowflakeFinalConvertOutput\SQ_SRV_procedures_demo.sql File is created successfully ...
[2025-05-11 10:49:33] [ERROR] sql_transformer_logger -  Snowflake connection failed: 250001 (08001): Failed to connect to DB: HDFEYMR-TIGERANALYTICS_PARTNER.snowflakecomputing.com:443. User is locked from Duo Security. Contact your local system administrator.
[2025-05-11 10:49:33] [ERROR] sql_transformer_logger - 'NoneType' object has no attribute 'execute'
[2025-05-11 10:49:33] [INFO] sql_transformer_logger - C:\Users\jayaprasanna.gan\Desktop\snowconvert_automation\scripts\SnowflakeFinalConvertOutput\SQ_SRV_tables_demo.sql File is created successfully ...
[2025-05-11 10:49:34] [ERROR] sql_transformer_logger -  Snowflake connection failed: 250001 (08001): Failed to connect to DB: HDFEYMR-TIGERANALYTICS_PARTNER.snowflakecomputing.com:443. User is locked from Duo Security. Contact your local system administrator.
[2025-05-11 10:49:34] [INFO] sql_transformer_logger - C:\Users\jayaprasanna.gan\Desktop\snowconvert_automation\scripts\SnowflakeFinalConvertOutput\SQ_SRV_triggers_demo.sql File is created successfully ...
[2025-05-11 10:49:35] [ERROR] sql_transformer_logger -  Snowflake connection failed: 250001 (08001): Failed to connect to DB: HDFEYMR-TIGERANALYTICS_PARTNER.snowflakecomputing.com:443. User is locked from Duo Security. Contact your local system administrator.
[2025-05-11 10:49:35] [ERROR] sql_transformer_logger - 'NoneType' object has no attribute 'execute'
[2025-05-11 10:49:35] [INFO] sql_transformer_logger - C:\Users\jayaprasanna.gan\Desktop\snowconvert_automation\scripts\SnowflakeFinalConvertOutput\SQ_SRV_views_demo.sql File is created successfully ...
