[2025-04-24 12:25:05] [INFO] sql_transformer_logger - successfully read json data ...
[2025-04-24 12:25:05] [INFO] sql_transformer_logger - Dataframe is created successfully ...
[2025-04-24 12:25:05] [INFO] sql_transformer_logger - successfully read json data ...
[2025-04-24 12:25:05] [INFO] sql_transformer_logger - Dataframe is created successfully ...
[2025-04-24 12:25:05] [INFO] sql_transformer_logger - input2_oltpdb_functions_output.sql file read successfully ...
[2025-04-24 12:25:37] [INFO] sql_transformer_logger - successfully read json data ...
[2025-04-24 12:25:37] [INFO] sql_transformer_logger - Dataframe is created successfully ...
[2025-04-24 12:25:37] [INFO] sql_transformer_logger - successfully read json data ...
[2025-04-24 12:25:37] [INFO] sql_transformer_logger - Dataframe is created successfully ...
[2025-04-24 12:25:37] [INFO] sql_transformer_logger - input2_oltpdb_functions_output.sql file read successfully ...
[2025-04-24 12:26:06] [INFO] sql_transformer_logger - successfully read json data ...
[2025-04-24 12:26:06] [INFO] sql_transformer_logger - Dataframe is created successfully ...
[2025-04-24 12:26:06] [INFO] sql_transformer_logger - successfully read json data ...
[2025-04-24 12:26:06] [INFO] sql_transformer_logger - Dataframe is created successfully ...
[2025-04-24 12:26:06] [INFO] sql_transformer_logger - input2_oltpdb_functions_output.sql file read successfully ...
[2025-04-24 12:26:06] [INFO] sql_transformer_logger - input2_oltpdb_functions_output.sql File is created successfully ...
[2025-04-24 12:26:06] [INFO] sql_transformer_logger - input2_oltpdb_proc_output.sql file read successfully ...
[2025-04-24 12:26:06] [INFO] sql_transformer_logger - input2_oltpdb_proc_output.sql File is created successfully ...
[2025-04-24 12:26:06] [INFO] sql_transformer_logger - input2_oltpdb_views_output.sql file read successfully ...
[2025-04-24 12:26:06] [INFO] sql_transformer_logger - input2_oltpdb_views_output.sql File is created successfully ...
[2025-04-24 12:26:06] [INFO] sql_transformer_logger - json.sql file read successfully ...
[2025-04-24 12:26:06] [INFO] sql_transformer_logger - json.sql File is created successfully ...
[2025-04-24 12:26:06] [INFO] sql_transformer_logger - oltpdb_proc_error_message.sql file read successfully ...
[2025-04-24 12:26:06] [INFO] sql_transformer_logger - oltpdb_proc_error_message.sql File is created successfully ...
[2025-04-24 12:26:06] [INFO] sql_transformer_logger - sample.sql file read successfully ...
[2025-04-24 12:26:06] [INFO] sql_transformer_logger - sample.sql File is created successfully ...
[2025-04-24 12:26:06] [INFO] sql_transformer_logger - SqlServ_functions_demo_output.sql file read successfully ...
[2025-04-24 12:26:06] [INFO] sql_transformer_logger - SqlServ_functions_demo_output.sql File is created successfully ...
[2025-04-24 12:26:06] [INFO] sql_transformer_logger - SqlServ_procedures_demo_output.sql file read successfully ...
[2025-04-24 12:26:07] [INFO] sql_transformer_logger - SqlServ_procedures_demo_output.sql File is created successfully ...
[2025-04-24 12:26:07] [INFO] sql_transformer_logger - SqlServ_tables_demo_output.sql file read successfully ...
[2025-04-24 12:26:07] [INFO] sql_transformer_logger - SqlServ_tables_demo_output.sql File is created successfully ...
[2025-04-24 12:26:07] [INFO] sql_transformer_logger - SqlServ_views_demo_output.sql file read successfully ...
[2025-04-24 12:26:07] [INFO] sql_transformer_logger - SqlServ_views_demo_output.sql File is created successfully ...
[2025-04-24 12:26:07] [INFO] sql_transformer_logger - SQ_SRV_tables_demo (3).sql file read successfully ...
[2025-04-24 12:26:07] [INFO] sql_transformer_logger - SQ_SRV_tables_demo (3).sql File is created successfully ...
[2025-04-24 12:27:26] [INFO] sql_transformer_logger - successfully read json data ...
[2025-04-24 12:27:26] [INFO] sql_transformer_logger - Dataframe is created successfully ...
[2025-04-24 12:27:26] [INFO] sql_transformer_logger - successfully read json data ...
[2025-04-24 12:27:26] [INFO] sql_transformer_logger - Dataframe is created successfully ...
[2025-04-24 12:27:26] [INFO] sql_transformer_logger - input2_oltpdb_functions_output.sql file read successfully ...
[2025-04-24 12:27:26] [INFO] sql_transformer_logger - input2_oltpdb_functions_output.sql File is created successfully ...
[2025-04-24 12:27:26] [INFO] sql_transformer_logger - input2_oltpdb_proc_output.sql file read successfully ...
[2025-04-24 12:27:26] [INFO] sql_transformer_logger - input2_oltpdb_proc_output.sql File is created successfully ...
[2025-04-24 12:27:26] [INFO] sql_transformer_logger - input2_oltpdb_views_output.sql file read successfully ...
[2025-04-24 12:27:26] [INFO] sql_transformer_logger - input2_oltpdb_views_output.sql File is created successfully ...
[2025-04-24 12:27:26] [INFO] sql_transformer_logger - json.sql file read successfully ...
[2025-04-24 12:27:26] [INFO] sql_transformer_logger - json.sql File is created successfully ...
[2025-04-24 12:27:26] [INFO] sql_transformer_logger - oltpdb_proc_error_message.sql file read successfully ...
[2025-04-24 12:27:26] [INFO] sql_transformer_logger - oltpdb_proc_error_message.sql File is created successfully ...
[2025-04-24 12:27:26] [INFO] sql_transformer_logger - sample.sql file read successfully ...
[2025-04-24 12:27:26] [INFO] sql_transformer_logger - sample.sql File is created successfully ...
[2025-04-24 12:27:26] [INFO] sql_transformer_logger - SqlServ_functions_demo_output.sql file read successfully ...
[2025-04-24 12:27:26] [INFO] sql_transformer_logger - SqlServ_functions_demo_output.sql File is created successfully ...
[2025-04-24 12:27:26] [INFO] sql_transformer_logger - SqlServ_procedures_demo_output.sql file read successfully ...
[2025-04-24 12:27:26] [INFO] sql_transformer_logger - SqlServ_procedures_demo_output.sql File is created successfully ...
[2025-04-24 12:27:26] [INFO] sql_transformer_logger - SqlServ_tables_demo_output.sql file read successfully ...
[2025-04-24 12:27:26] [INFO] sql_transformer_logger - SqlServ_tables_demo_output.sql File is created successfully ...
[2025-04-24 12:27:26] [INFO] sql_transformer_logger - SqlServ_views_demo_output.sql file read successfully ...
[2025-04-24 12:27:26] [INFO] sql_transformer_logger - SqlServ_views_demo_output.sql File is created successfully ...
[2025-04-24 12:27:26] [INFO] sql_transformer_logger - SQ_SRV_tables_demo (3).sql file read successfully ...
[2025-04-24 12:27:26] [INFO] sql_transformer_logger - SQ_SRV_tables_demo (3).sql File is created successfully ...
[2025-04-24 12:33:50] [INFO] sql_transformer_logger - successfully read json data ...
[2025-04-24 12:33:50] [INFO] sql_transformer_logger - Dataframe is created successfully ...
[2025-04-24 12:33:50] [INFO] sql_transformer_logger - successfully read json data ...
[2025-04-24 12:33:50] [INFO] sql_transformer_logger - Dataframe is created successfully ...
[2025-04-24 12:33:50] [INFO] sql_transformer_logger - input2_oltpdb_functions_output.sql file read successfully ...
[2025-04-24 12:33:50] [INFO] sql_transformer_logger - input2_oltpdb_functions_output.sql File is created successfully ...
[2025-04-24 12:33:50] [INFO] sql_transformer_logger - input2_oltpdb_proc_output.sql file read successfully ...
[2025-04-24 12:33:50] [INFO] sql_transformer_logger - input2_oltpdb_proc_output.sql File is created successfully ...
[2025-04-24 12:33:50] [INFO] sql_transformer_logger - input2_oltpdb_views_output.sql file read successfully ...
[2025-04-24 12:33:50] [INFO] sql_transformer_logger - input2_oltpdb_views_output.sql File is created successfully ...
[2025-04-24 12:33:50] [INFO] sql_transformer_logger - json.sql file read successfully ...
[2025-04-24 12:33:50] [INFO] sql_transformer_logger - json.sql File is created successfully ...
[2025-04-24 12:33:50] [INFO] sql_transformer_logger - oltpdb_proc_error_message.sql file read successfully ...
[2025-04-24 12:33:50] [INFO] sql_transformer_logger - oltpdb_proc_error_message.sql File is created successfully ...
[2025-04-24 12:33:50] [INFO] sql_transformer_logger - sample.sql file read successfully ...
[2025-04-24 12:33:50] [INFO] sql_transformer_logger - sample.sql File is created successfully ...
[2025-04-24 12:33:50] [INFO] sql_transformer_logger - SqlServ_functions_demo_output.sql file read successfully ...
[2025-04-24 12:33:50] [INFO] sql_transformer_logger - SqlServ_functions_demo_output.sql File is created successfully ...
[2025-04-24 12:33:50] [INFO] sql_transformer_logger - SqlServ_procedures_demo_output.sql file read successfully ...
[2025-04-24 12:33:50] [INFO] sql_transformer_logger - SqlServ_procedures_demo_output.sql File is created successfully ...
[2025-04-24 12:33:50] [INFO] sql_transformer_logger - SqlServ_tables_demo_output.sql file read successfully ...
[2025-04-24 12:33:50] [INFO] sql_transformer_logger - SqlServ_tables_demo_output.sql File is created successfully ...
[2025-04-24 12:33:50] [INFO] sql_transformer_logger - SqlServ_views_demo_output.sql file read successfully ...
[2025-04-24 12:33:50] [INFO] sql_transformer_logger - SqlServ_views_demo_output.sql File is created successfully ...
[2025-04-24 12:33:50] [INFO] sql_transformer_logger - SQ_SRV_tables_demo (3).sql file read successfully ...
[2025-04-24 12:33:50] [INFO] sql_transformer_logger - SQ_SRV_tables_demo (3).sql File is created successfully ...
[2025-04-24 12:35:06] [INFO] sql_transformer_logger - successfully read json data ...
[2025-04-24 12:35:06] [INFO] sql_transformer_logger - Dataframe is created successfully ...
[2025-04-24 12:35:06] [INFO] sql_transformer_logger - successfully read json data ...
[2025-04-24 12:35:06] [INFO] sql_transformer_logger - Dataframe is created successfully ...
[2025-04-24 12:35:06] [INFO] sql_transformer_logger - input2_oltpdb_functions_output.sql file read successfully ...
[2025-04-24 12:35:06] [INFO] sql_transformer_logger - input2_oltpdb_functions_output.sql File is created successfully ...
[2025-04-24 12:35:06] [INFO] sql_transformer_logger - input2_oltpdb_proc_output.sql file read successfully ...
[2025-04-24 12:35:06] [INFO] sql_transformer_logger - input2_oltpdb_proc_output.sql File is created successfully ...
[2025-04-24 12:35:06] [INFO] sql_transformer_logger - input2_oltpdb_views_output.sql file read successfully ...
[2025-04-24 12:35:06] [INFO] sql_transformer_logger - input2_oltpdb_views_output.sql File is created successfully ...
[2025-04-24 12:35:06] [INFO] sql_transformer_logger - json.sql file read successfully ...
[2025-04-24 12:35:06] [INFO] sql_transformer_logger - json.sql File is created successfully ...
[2025-04-24 12:35:06] [INFO] sql_transformer_logger - oltpdb_proc_error_message.sql file read successfully ...
[2025-04-24 12:35:06] [INFO] sql_transformer_logger - oltpdb_proc_error_message.sql File is created successfully ...
[2025-04-24 12:35:06] [INFO] sql_transformer_logger - sample.sql file read successfully ...
[2025-04-24 12:35:06] [INFO] sql_transformer_logger - sample.sql File is created successfully ...
[2025-04-24 12:35:06] [INFO] sql_transformer_logger - SqlServ_functions_demo_output.sql file read successfully ...
[2025-04-24 12:35:06] [INFO] sql_transformer_logger - SqlServ_functions_demo_output.sql File is created successfully ...
[2025-04-24 12:35:06] [INFO] sql_transformer_logger - SqlServ_procedures_demo_output.sql file read successfully ...
[2025-04-24 12:35:06] [INFO] sql_transformer_logger - SqlServ_procedures_demo_output.sql File is created successfully ...
[2025-04-24 12:35:06] [INFO] sql_transformer_logger - SqlServ_tables_demo_output.sql file read successfully ...
[2025-04-24 12:35:06] [INFO] sql_transformer_logger - SqlServ_tables_demo_output.sql File is created successfully ...
[2025-04-24 12:35:06] [INFO] sql_transformer_logger - SqlServ_views_demo_output.sql file read successfully ...
[2025-04-24 12:35:06] [INFO] sql_transformer_logger - SqlServ_views_demo_output.sql File is created successfully ...
[2025-04-24 12:35:06] [INFO] sql_transformer_logger - SQ_SRV_tables_demo (3).sql file read successfully ...
[2025-04-24 12:35:06] [INFO] sql_transformer_logger - SQ_SRV_tables_demo (3).sql File is created successfully ...
[2025-04-24 12:38:39] [INFO] sql_transformer_logger - successfully read json data ...
[2025-04-24 12:38:39] [INFO] sql_transformer_logger - Dataframe is created successfully ...
[2025-04-24 12:38:39] [INFO] sql_transformer_logger - successfully read json data ...
[2025-04-24 12:38:39] [INFO] sql_transformer_logger - Dataframe is created successfully ...
[2025-04-24 12:38:39] [INFO] sql_transformer_logger - input2_oltpdb_functions_output.sql file read successfully ...
[2025-04-24 12:38:39] [INFO] sql_transformer_logger - input2_oltpdb_functions_output.sql File is created successfully ...
[2025-04-24 12:38:39] [INFO] sql_transformer_logger - input2_oltpdb_proc_output.sql file read successfully ...
[2025-04-24 12:38:39] [INFO] sql_transformer_logger - input2_oltpdb_proc_output.sql File is created successfully ...
[2025-04-24 12:38:39] [INFO] sql_transformer_logger - input2_oltpdb_views_output.sql file read successfully ...
[2025-04-24 12:38:39] [INFO] sql_transformer_logger - input2_oltpdb_views_output.sql File is created successfully ...
[2025-04-24 12:38:39] [INFO] sql_transformer_logger - json.sql file read successfully ...
[2025-04-24 12:38:39] [INFO] sql_transformer_logger - json.sql File is created successfully ...
[2025-04-24 12:38:39] [INFO] sql_transformer_logger - oltpdb_proc_error_message.sql file read successfully ...
[2025-04-24 12:38:39] [INFO] sql_transformer_logger - oltpdb_proc_error_message.sql File is created successfully ...
[2025-04-24 12:38:39] [INFO] sql_transformer_logger - sample.sql file read successfully ...
[2025-04-24 12:38:39] [INFO] sql_transformer_logger - sample.sql File is created successfully ...
[2025-04-24 12:38:39] [INFO] sql_transformer_logger - SqlServ_functions_demo_output.sql file read successfully ...
[2025-04-24 12:38:39] [INFO] sql_transformer_logger - SqlServ_functions_demo_output.sql File is created successfully ...
[2025-04-24 12:38:39] [INFO] sql_transformer_logger - SqlServ_procedures_demo_output.sql file read successfully ...
[2025-04-24 12:38:39] [INFO] sql_transformer_logger - SqlServ_procedures_demo_output.sql File is created successfully ...
[2025-04-24 12:38:39] [INFO] sql_transformer_logger - SqlServ_tables_demo_output.sql file read successfully ...
[2025-04-24 12:38:39] [INFO] sql_transformer_logger - SqlServ_tables_demo_output.sql File is created successfully ...
[2025-04-24 12:38:39] [INFO] sql_transformer_logger - SqlServ_views_demo_output.sql file read successfully ...
[2025-04-24 12:38:39] [INFO] sql_transformer_logger - SqlServ_views_demo_output.sql File is created successfully ...
[2025-04-24 12:38:39] [INFO] sql_transformer_logger - SQ_SRV_tables_demo (3).sql file read successfully ...
[2025-04-24 12:38:39] [INFO] sql_transformer_logger - SQ_SRV_tables_demo (3).sql File is created successfully ...
[2025-04-24 13:41:18] [INFO] sql_transformer_logger - successfully read json data ...
[2025-04-24 13:41:18] [INFO] sql_transformer_logger - Dataframe is created successfully ...
[2025-04-24 13:41:18] [INFO] sql_transformer_logger - successfully read json data ...
[2025-04-24 13:41:18] [INFO] sql_transformer_logger - Dataframe is created successfully ...
[2025-04-24 13:41:18] [INFO] sql_transformer_logger - input2_oltpdb_functions_output.sql file read successfully ...
[2025-04-24 13:41:18] [INFO] sql_transformer_logger - input2_oltpdb_functions_output.sql File is created successfully ...
[2025-04-24 13:41:18] [INFO] sql_transformer_logger - input2_oltpdb_proc_output.sql file read successfully ...
[2025-04-24 13:41:18] [INFO] sql_transformer_logger - input2_oltpdb_proc_output.sql File is created successfully ...
[2025-04-24 13:41:18] [INFO] sql_transformer_logger - input2_oltpdb_views_output.sql file read successfully ...
[2025-04-24 13:41:18] [INFO] sql_transformer_logger - input2_oltpdb_views_output.sql File is created successfully ...
[2025-04-24 13:41:18] [INFO] sql_transformer_logger - json.sql file read successfully ...
[2025-04-24 13:41:18] [INFO] sql_transformer_logger - json.sql File is created successfully ...
[2025-04-24 13:41:18] [INFO] sql_transformer_logger - oltpdb_proc_error_message.sql file read successfully ...
[2025-04-24 13:41:18] [INFO] sql_transformer_logger - oltpdb_proc_error_message.sql File is created successfully ...
[2025-04-24 13:41:18] [INFO] sql_transformer_logger - sample.sql file read successfully ...
[2025-04-24 13:41:18] [INFO] sql_transformer_logger - sample.sql File is created successfully ...
[2025-04-24 13:41:18] [INFO] sql_transformer_logger - SqlServ_functions_demo_output.sql file read successfully ...
[2025-04-24 13:41:18] [INFO] sql_transformer_logger - SqlServ_functions_demo_output.sql File is created successfully ...
[2025-04-24 13:41:18] [INFO] sql_transformer_logger - SqlServ_procedures_demo_output.sql file read successfully ...
[2025-04-24 13:41:18] [INFO] sql_transformer_logger - SqlServ_procedures_demo_output.sql File is created successfully ...
[2025-04-24 13:41:18] [INFO] sql_transformer_logger - SqlServ_tables_demo_output.sql file read successfully ...
[2025-04-24 13:41:18] [INFO] sql_transformer_logger - SqlServ_tables_demo_output.sql File is created successfully ...
[2025-04-24 13:41:18] [INFO] sql_transformer_logger - SqlServ_views_demo_output.sql file read successfully ...
[2025-04-24 13:41:18] [INFO] sql_transformer_logger - SqlServ_views_demo_output.sql File is created successfully ...
[2025-04-24 13:41:18] [INFO] sql_transformer_logger - SQ_SRV_tables_demo (3).sql file read successfully ...
[2025-04-24 13:41:18] [INFO] sql_transformer_logger - SQ_SRV_tables_demo (3).sql File is created successfully ...
[2025-04-24 14:48:20] [INFO] sql_transformer_logger - successfully read json data ...
[2025-04-24 14:48:20] [INFO] sql_transformer_logger - Dataframe is created successfully ...
[2025-04-24 14:48:20] [INFO] sql_transformer_logger - successfully read json data ...
[2025-04-24 14:48:20] [INFO] sql_transformer_logger - Dataframe is created successfully ...
[2025-04-24 14:48:20] [INFO] sql_transformer_logger - input2_oltpdb_functions_output.sql file read successfully ...
[2025-04-24 14:48:20] [INFO] sql_transformer_logger - input2_oltpdb_functions_output.sql File is created successfully ...
[2025-04-24 14:48:20] [INFO] sql_transformer_logger - input2_oltpdb_proc_output.sql file read successfully ...
[2025-04-24 14:48:20] [INFO] sql_transformer_logger - input2_oltpdb_proc_output.sql File is created successfully ...
[2025-04-24 14:48:20] [INFO] sql_transformer_logger - input2_oltpdb_views_output.sql file read successfully ...
[2025-04-24 14:48:20] [INFO] sql_transformer_logger - input2_oltpdb_views_output.sql File is created successfully ...
[2025-04-24 14:48:20] [INFO] sql_transformer_logger - input_functions_sf.sql file read successfully ...
[2025-04-24 14:48:20] [INFO] sql_transformer_logger - input_functions_sf.sql File is created successfully ...
[2025-04-24 14:48:20] [INFO] sql_transformer_logger - json.sql file read successfully ...
[2025-04-24 14:48:20] [INFO] sql_transformer_logger - json.sql File is created successfully ...
[2025-04-24 14:48:20] [INFO] sql_transformer_logger - oltpdb_proc_error_message.sql file read successfully ...
[2025-04-24 14:48:20] [INFO] sql_transformer_logger - oltpdb_proc_error_message.sql File is created successfully ...
[2025-04-24 14:48:20] [INFO] sql_transformer_logger - sample.sql file read successfully ...
[2025-04-24 14:48:20] [INFO] sql_transformer_logger - sample.sql File is created successfully ...
[2025-04-24 14:48:20] [INFO] sql_transformer_logger - SqlServ_functions_demo_output.sql file read successfully ...
[2025-04-24 14:48:20] [INFO] sql_transformer_logger - SqlServ_functions_demo_output.sql File is created successfully ...
[2025-04-24 14:48:20] [INFO] sql_transformer_logger - SqlServ_procedures_demo_output.sql file read successfully ...
[2025-04-24 14:48:20] [INFO] sql_transformer_logger - SqlServ_procedures_demo_output.sql File is created successfully ...
[2025-04-24 14:48:20] [INFO] sql_transformer_logger - SqlServ_tables_demo_output.sql file read successfully ...
[2025-04-24 14:48:20] [INFO] sql_transformer_logger - SqlServ_tables_demo_output.sql File is created successfully ...
[2025-04-24 14:48:20] [INFO] sql_transformer_logger - SqlServ_views_demo_output.sql file read successfully ...
[2025-04-24 14:48:20] [INFO] sql_transformer_logger - SqlServ_views_demo_output.sql File is created successfully ...
[2025-04-24 14:48:20] [INFO] sql_transformer_logger - SQ_SRV_tables_demo (3).sql file read successfully ...
[2025-04-24 14:48:20] [INFO] sql_transformer_logger - SQ_SRV_tables_demo (3).sql File is created successfully ...
[2025-04-24 14:53:24] [INFO] sql_transformer_logger - successfully read json data ...
[2025-04-24 14:53:24] [INFO] sql_transformer_logger - Dataframe is created successfully ...
[2025-04-24 14:53:24] [INFO] sql_transformer_logger - successfully read json data ...
[2025-04-24 14:53:24] [INFO] sql_transformer_logger - Dataframe is created successfully ...
[2025-04-24 14:53:24] [INFO] sql_transformer_logger - input2_oltpdb_functions_output.sql file read successfully ...
[2025-04-24 14:53:24] [INFO] sql_transformer_logger - input2_oltpdb_functions_output.sql File is created successfully ...
[2025-04-24 14:53:24] [INFO] sql_transformer_logger - input2_oltpdb_proc_output.sql file read successfully ...
[2025-04-24 14:53:24] [INFO] sql_transformer_logger - input2_oltpdb_proc_output.sql File is created successfully ...
[2025-04-24 14:53:24] [INFO] sql_transformer_logger - input2_oltpdb_views_output.sql file read successfully ...
[2025-04-24 14:53:24] [INFO] sql_transformer_logger - input2_oltpdb_views_output.sql File is created successfully ...
[2025-04-24 14:53:24] [INFO] sql_transformer_logger - input_functions_sf.sql file read successfully ...
[2025-04-24 14:53:24] [INFO] sql_transformer_logger - input_functions_sf.sql File is created successfully ...
[2025-04-24 14:53:24] [INFO] sql_transformer_logger - json.sql file read successfully ...
[2025-04-24 14:53:24] [INFO] sql_transformer_logger - json.sql File is created successfully ...
[2025-04-24 14:53:24] [INFO] sql_transformer_logger - oltpdb_proc_error_message.sql file read successfully ...
[2025-04-24 14:53:24] [INFO] sql_transformer_logger - oltpdb_proc_error_message.sql File is created successfully ...
[2025-04-24 14:53:24] [INFO] sql_transformer_logger - sample.sql file read successfully ...
[2025-04-24 14:53:24] [INFO] sql_transformer_logger - sample.sql File is created successfully ...
[2025-04-24 14:53:24] [INFO] sql_transformer_logger - SqlServ_functions_demo_output.sql file read successfully ...
[2025-04-24 14:53:24] [INFO] sql_transformer_logger - SqlServ_functions_demo_output.sql File is created successfully ...
[2025-04-24 14:53:24] [INFO] sql_transformer_logger - SqlServ_procedures_demo_output.sql file read successfully ...
[2025-04-24 14:53:24] [INFO] sql_transformer_logger - SqlServ_procedures_demo_output.sql File is created successfully ...
[2025-04-24 14:53:24] [INFO] sql_transformer_logger - SqlServ_tables_demo_output.sql file read successfully ...
[2025-04-24 14:53:24] [INFO] sql_transformer_logger - SqlServ_tables_demo_output.sql File is created successfully ...
[2025-04-24 14:53:24] [INFO] sql_transformer_logger - SqlServ_views_demo_output.sql file read successfully ...
[2025-04-24 14:53:24] [INFO] sql_transformer_logger - SqlServ_views_demo_output.sql File is created successfully ...
[2025-04-24 14:53:24] [INFO] sql_transformer_logger - SQ_SRV_tables_demo (3).sql file read successfully ...
[2025-04-24 14:53:24] [INFO] sql_transformer_logger - SQ_SRV_tables_demo (3).sql File is created successfully ...
[2025-04-24 14:56:46] [INFO] sql_transformer_logger - successfully read json data ...
[2025-04-24 14:56:46] [INFO] sql_transformer_logger - Dataframe is created successfully ...
[2025-04-24 14:56:46] [INFO] sql_transformer_logger - successfully read json data ...
[2025-04-24 14:56:46] [INFO] sql_transformer_logger - Dataframe is created successfully ...
[2025-04-24 14:56:46] [INFO] sql_transformer_logger - input2_oltpdb_functions_output.sql file read successfully ...
[2025-04-24 14:56:46] [INFO] sql_transformer_logger - input2_oltpdb_functions_output.sql File is created successfully ...
[2025-04-24 14:56:46] [INFO] sql_transformer_logger - input2_oltpdb_proc_output.sql file read successfully ...
[2025-04-24 14:56:46] [INFO] sql_transformer_logger - input2_oltpdb_proc_output.sql File is created successfully ...
[2025-04-24 14:56:46] [INFO] sql_transformer_logger - input2_oltpdb_views_output.sql file read successfully ...
[2025-04-24 14:56:46] [INFO] sql_transformer_logger - input2_oltpdb_views_output.sql File is created successfully ...
[2025-04-24 14:56:46] [INFO] sql_transformer_logger - input_functions_sf.sql file read successfully ...
[2025-04-24 14:56:46] [INFO] sql_transformer_logger - input_functions_sf.sql File is created successfully ...
[2025-04-24 14:56:46] [INFO] sql_transformer_logger - json.sql file read successfully ...
[2025-04-24 14:56:46] [INFO] sql_transformer_logger - json.sql File is created successfully ...
[2025-04-24 14:56:46] [INFO] sql_transformer_logger - oltpdb_proc_error_message.sql file read successfully ...
[2025-04-24 14:56:46] [INFO] sql_transformer_logger - oltpdb_proc_error_message.sql File is created successfully ...
[2025-04-24 14:56:46] [INFO] sql_transformer_logger - sample.sql file read successfully ...
[2025-04-24 14:56:46] [INFO] sql_transformer_logger - sample.sql File is created successfully ...
[2025-04-24 14:56:46] [INFO] sql_transformer_logger - SqlServ_functions_demo_output.sql file read successfully ...
[2025-04-24 14:56:46] [INFO] sql_transformer_logger - SqlServ_functions_demo_output.sql File is created successfully ...
[2025-04-24 14:56:46] [INFO] sql_transformer_logger - SqlServ_procedures_demo_output.sql file read successfully ...
[2025-04-24 14:56:46] [INFO] sql_transformer_logger - SqlServ_procedures_demo_output.sql File is created successfully ...
[2025-04-24 14:56:46] [INFO] sql_transformer_logger - SqlServ_tables_demo_output.sql file read successfully ...
[2025-04-24 14:56:46] [INFO] sql_transformer_logger - SqlServ_tables_demo_output.sql File is created successfully ...
[2025-04-24 14:56:46] [INFO] sql_transformer_logger - SqlServ_views_demo_output.sql file read successfully ...
[2025-04-24 14:56:46] [INFO] sql_transformer_logger - SqlServ_views_demo_output.sql File is created successfully ...
[2025-04-24 14:56:46] [INFO] sql_transformer_logger - SQ_SRV_tables_demo (3).sql file read successfully ...
[2025-04-24 14:56:46] [INFO] sql_transformer_logger - SQ_SRV_tables_demo (3).sql File is created successfully ...
[2025-04-24 15:01:08] [INFO] sql_transformer_logger - successfully read json data ...
[2025-04-24 15:01:08] [INFO] sql_transformer_logger - Dataframe is created successfully ...
[2025-04-24 15:01:08] [INFO] sql_transformer_logger - successfully read json data ...
[2025-04-24 15:01:08] [INFO] sql_transformer_logger - Dataframe is created successfully ...
[2025-04-24 15:01:08] [INFO] sql_transformer_logger - input2_oltpdb_functions_output.sql file read successfully ...
[2025-04-24 15:01:08] [INFO] sql_transformer_logger - input2_oltpdb_functions_output.sql File is created successfully ...
[2025-04-24 15:01:08] [INFO] sql_transformer_logger - input2_oltpdb_proc_output.sql file read successfully ...
[2025-04-24 15:01:08] [INFO] sql_transformer_logger - input2_oltpdb_proc_output.sql File is created successfully ...
[2025-04-24 15:01:08] [INFO] sql_transformer_logger - input2_oltpdb_views_output.sql file read successfully ...
[2025-04-24 15:01:08] [INFO] sql_transformer_logger - input2_oltpdb_views_output.sql File is created successfully ...
[2025-04-24 15:01:08] [INFO] sql_transformer_logger - input_functions_sf.sql file read successfully ...
[2025-04-24 15:01:08] [INFO] sql_transformer_logger - input_functions_sf.sql File is created successfully ...
[2025-04-24 15:01:08] [INFO] sql_transformer_logger - json.sql file read successfully ...
[2025-04-24 15:01:08] [INFO] sql_transformer_logger - json.sql File is created successfully ...
[2025-04-24 15:01:08] [INFO] sql_transformer_logger - oltpdb_proc_error_message.sql file read successfully ...
[2025-04-24 15:01:08] [INFO] sql_transformer_logger - oltpdb_proc_error_message.sql File is created successfully ...
[2025-04-24 15:01:08] [INFO] sql_transformer_logger - sample.sql file read successfully ...
[2025-04-24 15:01:08] [INFO] sql_transformer_logger - sample.sql File is created successfully ...
[2025-04-24 15:01:08] [INFO] sql_transformer_logger - SqlServ_functions_demo_output.sql file read successfully ...
[2025-04-24 15:01:08] [INFO] sql_transformer_logger - SqlServ_functions_demo_output.sql File is created successfully ...
[2025-04-24 15:01:08] [INFO] sql_transformer_logger - SqlServ_procedures_demo_output.sql file read successfully ...
[2025-04-24 15:01:08] [INFO] sql_transformer_logger - SqlServ_procedures_demo_output.sql File is created successfully ...
[2025-04-24 15:01:08] [INFO] sql_transformer_logger - SqlServ_tables_demo_output.sql file read successfully ...
[2025-04-24 15:01:08] [INFO] sql_transformer_logger - SqlServ_tables_demo_output.sql File is created successfully ...
[2025-04-24 15:01:08] [INFO] sql_transformer_logger - SqlServ_views_demo_output.sql file read successfully ...
[2025-04-24 15:01:08] [INFO] sql_transformer_logger - SqlServ_views_demo_output.sql File is created successfully ...
[2025-04-24 15:01:08] [INFO] sql_transformer_logger - SQ_SRV_tables_demo (3).sql file read successfully ...
[2025-04-24 15:01:08] [INFO] sql_transformer_logger - SQ_SRV_tables_demo (3).sql File is created successfully ...
[2025-04-24 15:01:18] [INFO] sql_transformer_logger - successfully read json data ...
[2025-04-24 15:01:18] [INFO] sql_transformer_logger - Dataframe is created successfully ...
[2025-04-24 15:01:18] [INFO] sql_transformer_logger - successfully read json data ...
[2025-04-24 15:01:18] [INFO] sql_transformer_logger - Dataframe is created successfully ...
[2025-04-24 15:01:18] [INFO] sql_transformer_logger - input2_oltpdb_functions_output.sql file read successfully ...
[2025-04-24 15:01:18] [INFO] sql_transformer_logger - input2_oltpdb_functions_output.sql File is created successfully ...
[2025-04-24 15:01:18] [INFO] sql_transformer_logger - input2_oltpdb_proc_output.sql file read successfully ...
[2025-04-24 15:01:18] [INFO] sql_transformer_logger - input2_oltpdb_proc_output.sql File is created successfully ...
[2025-04-24 15:01:18] [INFO] sql_transformer_logger - input2_oltpdb_views_output.sql file read successfully ...
[2025-04-24 15:01:18] [INFO] sql_transformer_logger - input2_oltpdb_views_output.sql File is created successfully ...
[2025-04-24 15:01:18] [INFO] sql_transformer_logger - input_functions_sf.sql file read successfully ...
[2025-04-24 15:01:18] [INFO] sql_transformer_logger - input_functions_sf.sql File is created successfully ...
[2025-04-24 15:01:18] [INFO] sql_transformer_logger - json.sql file read successfully ...
[2025-04-24 15:01:18] [INFO] sql_transformer_logger - json.sql File is created successfully ...
[2025-04-24 15:01:18] [INFO] sql_transformer_logger - oltpdb_proc_error_message.sql file read successfully ...
[2025-04-24 15:01:18] [INFO] sql_transformer_logger - oltpdb_proc_error_message.sql File is created successfully ...
[2025-04-24 15:01:18] [INFO] sql_transformer_logger - sample.sql file read successfully ...
[2025-04-24 15:01:18] [INFO] sql_transformer_logger - sample.sql File is created successfully ...
[2025-04-24 15:01:18] [INFO] sql_transformer_logger - SqlServ_functions_demo_output.sql file read successfully ...
[2025-04-24 15:01:18] [INFO] sql_transformer_logger - SqlServ_functions_demo_output.sql File is created successfully ...
[2025-04-24 15:01:18] [INFO] sql_transformer_logger - SqlServ_procedures_demo_output.sql file read successfully ...
[2025-04-24 15:01:18] [INFO] sql_transformer_logger - SqlServ_procedures_demo_output.sql File is created successfully ...
[2025-04-24 15:01:18] [INFO] sql_transformer_logger - SqlServ_tables_demo_output.sql file read successfully ...
[2025-04-24 15:01:18] [INFO] sql_transformer_logger - SqlServ_tables_demo_output.sql File is created successfully ...
[2025-04-24 15:01:18] [INFO] sql_transformer_logger - SqlServ_views_demo_output.sql file read successfully ...
[2025-04-24 15:01:18] [INFO] sql_transformer_logger - SqlServ_views_demo_output.sql File is created successfully ...
[2025-04-24 15:01:18] [INFO] sql_transformer_logger - SQ_SRV_tables_demo (3).sql file read successfully ...
[2025-04-24 15:01:18] [INFO] sql_transformer_logger - SQ_SRV_tables_demo (3).sql File is created successfully ...
[2025-04-24 15:03:05] [INFO] sql_transformer_logger - successfully read json data ...
[2025-04-24 15:03:05] [INFO] sql_transformer_logger - Dataframe is created successfully ...
[2025-04-24 15:03:05] [INFO] sql_transformer_logger - successfully read json data ...
[2025-04-24 15:03:05] [INFO] sql_transformer_logger - Dataframe is created successfully ...
[2025-04-24 15:03:05] [INFO] sql_transformer_logger - input2_oltpdb_functions_output.sql file read successfully ...
[2025-04-24 15:03:05] [INFO] sql_transformer_logger - input2_oltpdb_functions_output.sql File is created successfully ...
[2025-04-24 15:03:05] [INFO] sql_transformer_logger - input2_oltpdb_proc_output.sql file read successfully ...
[2025-04-24 15:03:05] [INFO] sql_transformer_logger - input2_oltpdb_proc_output.sql File is created successfully ...
[2025-04-24 15:03:05] [INFO] sql_transformer_logger - input2_oltpdb_views_output.sql file read successfully ...
[2025-04-24 15:03:05] [INFO] sql_transformer_logger - input2_oltpdb_views_output.sql File is created successfully ...
[2025-04-24 15:03:05] [INFO] sql_transformer_logger - input_functions_sf.sql file read successfully ...
[2025-04-24 15:03:05] [INFO] sql_transformer_logger - input_functions_sf.sql File is created successfully ...
[2025-04-24 15:03:05] [INFO] sql_transformer_logger - json.sql file read successfully ...
[2025-04-24 15:03:05] [INFO] sql_transformer_logger - json.sql File is created successfully ...
[2025-04-24 15:03:05] [INFO] sql_transformer_logger - oltpdb_proc_error_message.sql file read successfully ...
[2025-04-24 15:03:05] [INFO] sql_transformer_logger - oltpdb_proc_error_message.sql File is created successfully ...
[2025-04-24 15:03:05] [INFO] sql_transformer_logger - sample.sql file read successfully ...
[2025-04-24 15:03:05] [INFO] sql_transformer_logger - sample.sql File is created successfully ...
[2025-04-24 15:03:05] [INFO] sql_transformer_logger - SqlServ_functions_demo_output.sql file read successfully ...
[2025-04-24 15:03:05] [INFO] sql_transformer_logger - SqlServ_functions_demo_output.sql File is created successfully ...
[2025-04-24 15:03:05] [INFO] sql_transformer_logger - SqlServ_procedures_demo_output.sql file read successfully ...
[2025-04-24 15:03:05] [INFO] sql_transformer_logger - SqlServ_procedures_demo_output.sql File is created successfully ...
[2025-04-24 15:03:05] [INFO] sql_transformer_logger - SqlServ_tables_demo_output.sql file read successfully ...
[2025-04-24 15:03:05] [INFO] sql_transformer_logger - SqlServ_tables_demo_output.sql File is created successfully ...
[2025-04-24 15:03:05] [INFO] sql_transformer_logger - SqlServ_views_demo_output.sql file read successfully ...
[2025-04-24 15:03:05] [INFO] sql_transformer_logger - SqlServ_views_demo_output.sql File is created successfully ...
[2025-04-24 15:03:05] [INFO] sql_transformer_logger - SQ_SRV_tables_demo (3).sql file read successfully ...
[2025-04-24 15:03:05] [INFO] sql_transformer_logger - SQ_SRV_tables_demo (3).sql File is created successfully ...
[2025-04-24 15:03:53] [INFO] sql_transformer_logger - successfully read json data ...
[2025-04-24 15:03:53] [INFO] sql_transformer_logger - Dataframe is created successfully ...
[2025-04-24 15:03:53] [INFO] sql_transformer_logger - successfully read json data ...
[2025-04-24 15:03:53] [INFO] sql_transformer_logger - Dataframe is created successfully ...
[2025-04-24 15:03:53] [INFO] sql_transformer_logger - input2_oltpdb_functions_output.sql file read successfully ...
[2025-04-24 15:05:13] [INFO] sql_transformer_logger - successfully read json data ...
[2025-04-24 15:05:13] [INFO] sql_transformer_logger - Dataframe is created successfully ...
[2025-04-24 15:05:13] [INFO] sql_transformer_logger - successfully read json data ...
[2025-04-24 15:05:13] [INFO] sql_transformer_logger - Dataframe is created successfully ...
[2025-04-24 15:05:13] [INFO] sql_transformer_logger - input2_oltpdb_functions_output.sql file read successfully ...
[2025-04-24 15:05:48] [INFO] sql_transformer_logger - successfully read json data ...
[2025-04-24 15:05:48] [INFO] sql_transformer_logger - Dataframe is created successfully ...
[2025-04-24 15:05:48] [INFO] sql_transformer_logger - successfully read json data ...
[2025-04-24 15:05:48] [INFO] sql_transformer_logger - Dataframe is created successfully ...
[2025-04-24 15:05:48] [INFO] sql_transformer_logger - input2_oltpdb_functions_output.sql file read successfully ...
[2025-04-24 15:05:48] [INFO] sql_transformer_logger - input2_oltpdb_functions_output.sql File is created successfully ...
[2025-04-24 15:05:48] [INFO] sql_transformer_logger - input2_oltpdb_proc_output.sql file read successfully ...
[2025-04-24 15:05:48] [INFO] sql_transformer_logger - input2_oltpdb_proc_output.sql File is created successfully ...
[2025-04-24 15:05:48] [INFO] sql_transformer_logger - input2_oltpdb_views_output.sql file read successfully ...
[2025-04-24 15:05:48] [INFO] sql_transformer_logger - input2_oltpdb_views_output.sql File is created successfully ...
[2025-04-24 15:05:48] [INFO] sql_transformer_logger - input_functions_sf.sql file read successfully ...
[2025-04-24 15:05:48] [INFO] sql_transformer_logger - input_functions_sf.sql File is created successfully ...
[2025-04-24 15:05:48] [INFO] sql_transformer_logger - json.sql file read successfully ...
[2025-04-24 15:05:48] [INFO] sql_transformer_logger - json.sql File is created successfully ...
[2025-04-24 15:05:48] [INFO] sql_transformer_logger - oltpdb_proc_error_message.sql file read successfully ...
[2025-04-24 15:05:48] [INFO] sql_transformer_logger - oltpdb_proc_error_message.sql File is created successfully ...
[2025-04-24 15:05:48] [INFO] sql_transformer_logger - sample.sql file read successfully ...
[2025-04-24 15:05:48] [INFO] sql_transformer_logger - sample.sql File is created successfully ...
[2025-04-24 15:05:48] [INFO] sql_transformer_logger - SqlServ_functions_demo_output.sql file read successfully ...
[2025-04-24 15:05:48] [INFO] sql_transformer_logger - SqlServ_functions_demo_output.sql File is created successfully ...
[2025-04-24 15:05:48] [INFO] sql_transformer_logger - SqlServ_procedures_demo_output.sql file read successfully ...
[2025-04-24 15:05:48] [INFO] sql_transformer_logger - SqlServ_procedures_demo_output.sql File is created successfully ...
[2025-04-24 15:05:48] [INFO] sql_transformer_logger - SqlServ_tables_demo_output.sql file read successfully ...
[2025-04-24 15:05:48] [INFO] sql_transformer_logger - SqlServ_tables_demo_output.sql File is created successfully ...
[2025-04-24 15:05:48] [INFO] sql_transformer_logger - SqlServ_views_demo_output.sql file read successfully ...
[2025-04-24 15:05:48] [INFO] sql_transformer_logger - SqlServ_views_demo_output.sql File is created successfully ...
[2025-04-24 15:05:48] [INFO] sql_transformer_logger - SQ_SRV_tables_demo (3).sql file read successfully ...
[2025-04-24 15:05:48] [INFO] sql_transformer_logger - SQ_SRV_tables_demo (3).sql File is created successfully ...
[2025-04-24 15:08:25] [INFO] sql_transformer_logger - successfully read json data ...
[2025-04-24 15:08:25] [INFO] sql_transformer_logger - Dataframe is created successfully ...
[2025-04-24 15:08:25] [INFO] sql_transformer_logger - successfully read json data ...
[2025-04-24 15:08:25] [INFO] sql_transformer_logger - Dataframe is created successfully ...
[2025-04-24 15:08:25] [INFO] sql_transformer_logger - input2_oltpdb_functions_output.sql file read successfully ...
[2025-04-24 15:08:25] [INFO] sql_transformer_logger - input2_oltpdb_functions_output.sql File is created successfully ...
[2025-04-24 15:08:25] [INFO] sql_transformer_logger - input2_oltpdb_proc_output.sql file read successfully ...
[2025-04-24 15:08:25] [INFO] sql_transformer_logger - input2_oltpdb_proc_output.sql File is created successfully ...
[2025-04-24 15:08:25] [INFO] sql_transformer_logger - input2_oltpdb_views_output.sql file read successfully ...
[2025-04-24 15:08:25] [INFO] sql_transformer_logger - input2_oltpdb_views_output.sql File is created successfully ...
[2025-04-24 15:08:25] [INFO] sql_transformer_logger - input_functions_sf.sql file read successfully ...
[2025-04-24 15:08:25] [INFO] sql_transformer_logger - input_functions_sf.sql File is created successfully ...
[2025-04-24 15:08:25] [INFO] sql_transformer_logger - json.sql file read successfully ...
[2025-04-24 15:08:25] [INFO] sql_transformer_logger - json.sql File is created successfully ...
[2025-04-24 15:08:25] [INFO] sql_transformer_logger - oltpdb_proc_error_message.sql file read successfully ...
[2025-04-24 15:08:25] [INFO] sql_transformer_logger - oltpdb_proc_error_message.sql File is created successfully ...
[2025-04-24 15:08:25] [INFO] sql_transformer_logger - sample.sql file read successfully ...
[2025-04-24 15:08:25] [INFO] sql_transformer_logger - sample.sql File is created successfully ...
[2025-04-24 15:08:25] [INFO] sql_transformer_logger - SqlServ_functions_demo_output.sql file read successfully ...
[2025-04-24 15:08:25] [INFO] sql_transformer_logger - SqlServ_functions_demo_output.sql File is created successfully ...
[2025-04-24 15:08:25] [INFO] sql_transformer_logger - SqlServ_procedures_demo_output.sql file read successfully ...
[2025-04-24 15:08:25] [INFO] sql_transformer_logger - SqlServ_procedures_demo_output.sql File is created successfully ...
[2025-04-24 15:08:25] [INFO] sql_transformer_logger - SqlServ_tables_demo_output.sql file read successfully ...
[2025-04-24 15:08:25] [INFO] sql_transformer_logger - SqlServ_tables_demo_output.sql File is created successfully ...
[2025-04-24 15:08:25] [INFO] sql_transformer_logger - SqlServ_views_demo_output.sql file read successfully ...
[2025-04-24 15:08:25] [INFO] sql_transformer_logger - SqlServ_views_demo_output.sql File is created successfully ...
[2025-04-24 15:08:25] [INFO] sql_transformer_logger - SQ_SRV_tables_demo (3).sql file read successfully ...
[2025-04-24 15:08:25] [INFO] sql_transformer_logger - SQ_SRV_tables_demo (3).sql File is created successfully ...
[2025-04-24 15:19:04] [INFO] sql_transformer_logger - successfully read json data ...
[2025-04-24 15:19:04] [INFO] sql_transformer_logger - Dataframe is created successfully ...
[2025-04-24 15:19:04] [INFO] sql_transformer_logger - successfully read json data ...
[2025-04-24 15:19:04] [INFO] sql_transformer_logger - Dataframe is created successfully ...
[2025-04-24 15:19:04] [INFO] sql_transformer_logger - input2_oltpdb_functions_output.sql file read successfully ...
[2025-04-24 15:19:04] [INFO] sql_transformer_logger - input2_oltpdb_functions_output.sql File is created successfully ...
[2025-04-24 15:19:04] [INFO] sql_transformer_logger - input2_oltpdb_proc_output.sql file read successfully ...
[2025-04-24 15:19:04] [INFO] sql_transformer_logger - input2_oltpdb_proc_output.sql File is created successfully ...
[2025-04-24 15:19:04] [INFO] sql_transformer_logger - input2_oltpdb_views_output.sql file read successfully ...
[2025-04-24 15:19:04] [INFO] sql_transformer_logger - input2_oltpdb_views_output.sql File is created successfully ...
[2025-04-24 15:19:04] [INFO] sql_transformer_logger - input_functions_sf.sql file read successfully ...
[2025-04-24 15:19:04] [INFO] sql_transformer_logger - input_functions_sf.sql File is created successfully ...
[2025-04-24 15:19:04] [INFO] sql_transformer_logger - json.sql file read successfully ...
[2025-04-24 15:19:04] [INFO] sql_transformer_logger - json.sql File is created successfully ...
[2025-04-24 15:19:04] [INFO] sql_transformer_logger - oltpdb_proc_error_message.sql file read successfully ...
[2025-04-24 15:19:04] [INFO] sql_transformer_logger - oltpdb_proc_error_message.sql File is created successfully ...
[2025-04-24 15:19:04] [INFO] sql_transformer_logger - sample.sql file read successfully ...
[2025-04-24 15:19:04] [INFO] sql_transformer_logger - sample.sql File is created successfully ...
[2025-04-24 15:19:04] [INFO] sql_transformer_logger - SqlServ_functions_demo_output.sql file read successfully ...
[2025-04-24 15:19:04] [INFO] sql_transformer_logger - SqlServ_functions_demo_output.sql File is created successfully ...
[2025-04-24 15:19:04] [INFO] sql_transformer_logger - SqlServ_procedures_demo_output.sql file read successfully ...
[2025-04-24 15:19:04] [INFO] sql_transformer_logger - SqlServ_procedures_demo_output.sql File is created successfully ...
[2025-04-24 15:19:04] [INFO] sql_transformer_logger - SqlServ_tables_demo_output.sql file read successfully ...
[2025-04-24 15:19:04] [INFO] sql_transformer_logger - SqlServ_tables_demo_output.sql File is created successfully ...
[2025-04-24 15:19:04] [INFO] sql_transformer_logger - SqlServ_views_demo_output.sql file read successfully ...
[2025-04-24 15:19:04] [INFO] sql_transformer_logger - SqlServ_views_demo_output.sql File is created successfully ...
[2025-04-24 15:19:04] [INFO] sql_transformer_logger - SQ_SRV_tables_demo (3).sql file read successfully ...
[2025-04-24 15:19:04] [INFO] sql_transformer_logger - SQ_SRV_tables_demo (3).sql File is created successfully ...
[2025-04-24 15:26:46] [INFO] sql_transformer_logger - successfully read json data ...
[2025-04-24 15:26:46] [INFO] sql_transformer_logger - Dataframe is created successfully ...
[2025-04-24 15:26:46] [INFO] sql_transformer_logger - successfully read json data ...
[2025-04-24 15:26:46] [INFO] sql_transformer_logger - Dataframe is created successfully ...
[2025-04-24 15:26:46] [INFO] sql_transformer_logger - input2_oltpdb_functions_output.sql file read successfully ...
[2025-04-24 15:26:46] [INFO] sql_transformer_logger - input2_oltpdb_functions_output.sql File is created successfully ...
[2025-04-24 15:26:46] [INFO] sql_transformer_logger - input2_oltpdb_proc_output.sql file read successfully ...
[2025-04-24 15:26:46] [INFO] sql_transformer_logger - input2_oltpdb_proc_output.sql File is created successfully ...
[2025-04-24 15:26:46] [INFO] sql_transformer_logger - input2_oltpdb_views_output.sql file read successfully ...
[2025-04-24 15:26:46] [INFO] sql_transformer_logger - input2_oltpdb_views_output.sql File is created successfully ...
[2025-04-24 15:26:46] [INFO] sql_transformer_logger - input_functions_sf.sql file read successfully ...
[2025-04-24 15:26:46] [INFO] sql_transformer_logger - input_functions_sf.sql File is created successfully ...
[2025-04-24 15:26:46] [INFO] sql_transformer_logger - json.sql file read successfully ...
[2025-04-24 15:26:46] [INFO] sql_transformer_logger - json.sql File is created successfully ...
[2025-04-24 15:26:46] [INFO] sql_transformer_logger - oltpdb_proc_error_message.sql file read successfully ...
[2025-04-24 15:26:46] [INFO] sql_transformer_logger - oltpdb_proc_error_message.sql File is created successfully ...
[2025-04-24 15:26:46] [INFO] sql_transformer_logger - sample.sql file read successfully ...
[2025-04-24 15:26:46] [INFO] sql_transformer_logger - sample.sql File is created successfully ...
[2025-04-24 15:26:46] [INFO] sql_transformer_logger - SqlServ_functions_demo_output.sql file read successfully ...
[2025-04-24 15:26:46] [INFO] sql_transformer_logger - SqlServ_functions_demo_output.sql File is created successfully ...
[2025-04-24 15:26:46] [INFO] sql_transformer_logger - SqlServ_procedures_demo_output.sql file read successfully ...
[2025-04-24 15:26:46] [INFO] sql_transformer_logger - SqlServ_procedures_demo_output.sql File is created successfully ...
[2025-04-24 15:26:46] [INFO] sql_transformer_logger - SqlServ_tables_demo_output.sql file read successfully ...
[2025-04-24 15:26:46] [INFO] sql_transformer_logger - SqlServ_tables_demo_output.sql File is created successfully ...
[2025-04-24 15:26:46] [INFO] sql_transformer_logger - SqlServ_views_demo_output.sql file read successfully ...
[2025-04-24 15:26:46] [INFO] sql_transformer_logger - SqlServ_views_demo_output.sql File is created successfully ...
[2025-04-24 15:26:46] [INFO] sql_transformer_logger - SQ_SRV_tables_demo (3).sql file read successfully ...
[2025-04-24 15:26:46] [INFO] sql_transformer_logger - SQ_SRV_tables_demo (3).sql File is created successfully ...
[2025-04-24 15:40:06] [INFO] sql_transformer_logger - successfully read json data ...
[2025-04-24 15:40:06] [INFO] sql_transformer_logger - Dataframe is created successfully ...
[2025-04-24 15:40:06] [INFO] sql_transformer_logger - successfully read json data ...
[2025-04-24 15:40:06] [INFO] sql_transformer_logger - Dataframe is created successfully ...
[2025-04-24 15:40:06] [INFO] sql_transformer_logger - input2_oltpdb_functions_output.sql file read successfully ...
[2025-04-24 15:40:06] [INFO] sql_transformer_logger - input2_oltpdb_functions_output.sql File is created successfully ...
[2025-04-24 15:40:06] [INFO] sql_transformer_logger - input2_oltpdb_proc_output.sql file read successfully ...
[2025-04-24 15:40:06] [INFO] sql_transformer_logger - input2_oltpdb_proc_output.sql File is created successfully ...
[2025-04-24 15:40:06] [INFO] sql_transformer_logger - input2_oltpdb_views_output.sql file read successfully ...
[2025-04-24 15:40:06] [INFO] sql_transformer_logger - input2_oltpdb_views_output.sql File is created successfully ...
[2025-04-24 15:40:06] [INFO] sql_transformer_logger - input_functions_sf.sql file read successfully ...
[2025-04-24 15:40:06] [INFO] sql_transformer_logger - input_functions_sf.sql File is created successfully ...
[2025-04-24 15:40:06] [INFO] sql_transformer_logger - json.sql file read successfully ...
[2025-04-24 15:40:06] [INFO] sql_transformer_logger - json.sql File is created successfully ...
[2025-04-24 15:40:06] [INFO] sql_transformer_logger - oltpdb_proc_error_message.sql file read successfully ...
[2025-04-24 15:40:06] [INFO] sql_transformer_logger - oltpdb_proc_error_message.sql File is created successfully ...
[2025-04-24 15:40:06] [INFO] sql_transformer_logger - sample.sql file read successfully ...
[2025-04-24 15:40:06] [INFO] sql_transformer_logger - sample.sql File is created successfully ...
[2025-04-24 15:40:06] [INFO] sql_transformer_logger - SqlServ_functions_demo_output.sql file read successfully ...
[2025-04-24 15:40:06] [INFO] sql_transformer_logger - SqlServ_functions_demo_output.sql File is created successfully ...
[2025-04-24 15:40:06] [INFO] sql_transformer_logger - SqlServ_procedures_demo_output.sql file read successfully ...
[2025-04-24 15:40:06] [INFO] sql_transformer_logger - SqlServ_procedures_demo_output.sql File is created successfully ...
[2025-04-24 15:40:06] [INFO] sql_transformer_logger - SqlServ_tables_demo_output.sql file read successfully ...
[2025-04-24 15:40:06] [INFO] sql_transformer_logger - SqlServ_tables_demo_output.sql File is created successfully ...
[2025-04-24 15:40:06] [INFO] sql_transformer_logger - SqlServ_views_demo_output.sql file read successfully ...
[2025-04-24 15:40:06] [INFO] sql_transformer_logger - SqlServ_views_demo_output.sql File is created successfully ...
[2025-04-24 15:40:06] [INFO] sql_transformer_logger - SQ_SRV_tables_demo (3).sql file read successfully ...
[2025-04-24 15:40:06] [INFO] sql_transformer_logger - SQ_SRV_tables_demo (3).sql File is created successfully ...
[2025-04-24 15:45:43] [INFO] sql_transformer_logger - successfully read json data ...
[2025-04-24 15:45:43] [INFO] sql_transformer_logger - Dataframe is created successfully ...
[2025-04-24 15:45:43] [INFO] sql_transformer_logger - successfully read json data ...
[2025-04-24 15:45:43] [INFO] sql_transformer_logger - Dataframe is created successfully ...
[2025-04-24 15:45:43] [INFO] sql_transformer_logger - input2_oltpdb_functions_output.sql file read successfully ...
[2025-04-24 15:45:44] [INFO] sql_transformer_logger - input2_oltpdb_functions_output.sql File is created successfully ...
[2025-04-24 15:45:44] [INFO] sql_transformer_logger - input2_oltpdb_proc_output.sql file read successfully ...
[2025-04-24 15:45:44] [INFO] sql_transformer_logger - input2_oltpdb_proc_output.sql File is created successfully ...
[2025-04-24 15:45:44] [INFO] sql_transformer_logger - input2_oltpdb_views_output.sql file read successfully ...
[2025-04-24 15:45:44] [INFO] sql_transformer_logger - input2_oltpdb_views_output.sql File is created successfully ...
[2025-04-24 15:45:44] [INFO] sql_transformer_logger - input_functions_sf.sql file read successfully ...
[2025-04-24 15:45:44] [INFO] sql_transformer_logger - input_functions_sf.sql File is created successfully ...
[2025-04-24 15:45:44] [INFO] sql_transformer_logger - json.sql file read successfully ...
[2025-04-24 15:45:44] [INFO] sql_transformer_logger - json.sql File is created successfully ...
[2025-04-24 15:45:44] [INFO] sql_transformer_logger - oltpdb_proc_error_message.sql file read successfully ...
[2025-04-24 15:45:44] [INFO] sql_transformer_logger - oltpdb_proc_error_message.sql File is created successfully ...
[2025-04-24 15:45:44] [INFO] sql_transformer_logger - sample.sql file read successfully ...
[2025-04-24 15:45:44] [INFO] sql_transformer_logger - sample.sql File is created successfully ...
[2025-04-24 15:45:44] [INFO] sql_transformer_logger - SqlServ_functions_demo_output.sql file read successfully ...
[2025-04-24 15:45:44] [INFO] sql_transformer_logger - SqlServ_functions_demo_output.sql File is created successfully ...
[2025-04-24 15:45:44] [INFO] sql_transformer_logger - SqlServ_procedures_demo_output.sql file read successfully ...
[2025-04-24 15:45:44] [INFO] sql_transformer_logger - SqlServ_procedures_demo_output.sql File is created successfully ...
[2025-04-24 15:45:44] [INFO] sql_transformer_logger - SqlServ_tables_demo_output.sql file read successfully ...
[2025-04-24 15:45:44] [INFO] sql_transformer_logger - SqlServ_tables_demo_output.sql File is created successfully ...
[2025-04-24 15:45:44] [INFO] sql_transformer_logger - SqlServ_views_demo_output.sql file read successfully ...
[2025-04-24 15:45:44] [INFO] sql_transformer_logger - SqlServ_views_demo_output.sql File is created successfully ...
[2025-04-24 15:45:44] [INFO] sql_transformer_logger - SQ_SRV_tables_demo (3).sql file read successfully ...
[2025-04-24 15:45:44] [INFO] sql_transformer_logger - SQ_SRV_tables_demo (3).sql File is created successfully ...
[2025-04-24 15:46:25] [INFO] sql_transformer_logger - successfully read json data ...
[2025-04-24 15:46:25] [INFO] sql_transformer_logger - Dataframe is created successfully ...
[2025-04-24 15:46:25] [INFO] sql_transformer_logger - successfully read json data ...
[2025-04-24 15:46:25] [INFO] sql_transformer_logger - Dataframe is created successfully ...
[2025-04-24 15:46:25] [INFO] sql_transformer_logger - input2_oltpdb_functions_output.sql file read successfully ...
[2025-04-24 15:46:25] [INFO] sql_transformer_logger - input2_oltpdb_functions_output.sql File is created successfully ...
[2025-04-24 15:46:25] [INFO] sql_transformer_logger - input2_oltpdb_proc_output.sql file read successfully ...
[2025-04-24 15:46:25] [INFO] sql_transformer_logger - input2_oltpdb_proc_output.sql File is created successfully ...
[2025-04-24 15:46:25] [INFO] sql_transformer_logger - input2_oltpdb_views_output.sql file read successfully ...
[2025-04-24 15:46:26] [INFO] sql_transformer_logger - input2_oltpdb_views_output.sql File is created successfully ...
[2025-04-24 15:46:26] [INFO] sql_transformer_logger - input_functions_sf.sql file read successfully ...
[2025-04-24 15:46:26] [INFO] sql_transformer_logger - input_functions_sf.sql File is created successfully ...
[2025-04-24 15:46:26] [INFO] sql_transformer_logger - json.sql file read successfully ...
[2025-04-24 15:46:26] [INFO] sql_transformer_logger - json.sql File is created successfully ...
[2025-04-24 15:46:26] [INFO] sql_transformer_logger - oltpdb_proc_error_message.sql file read successfully ...
[2025-04-24 15:46:26] [INFO] sql_transformer_logger - oltpdb_proc_error_message.sql File is created successfully ...
[2025-04-24 15:46:26] [INFO] sql_transformer_logger - sample.sql file read successfully ...
[2025-04-24 15:46:26] [INFO] sql_transformer_logger - sample.sql File is created successfully ...
[2025-04-24 15:46:26] [INFO] sql_transformer_logger - SqlServ_functions_demo_output.sql file read successfully ...
[2025-04-24 15:46:26] [INFO] sql_transformer_logger - SqlServ_functions_demo_output.sql File is created successfully ...
[2025-04-24 15:46:26] [INFO] sql_transformer_logger - SqlServ_procedures_demo_output.sql file read successfully ...
[2025-04-24 15:46:26] [INFO] sql_transformer_logger - SqlServ_procedures_demo_output.sql File is created successfully ...
[2025-04-24 15:46:26] [INFO] sql_transformer_logger - SqlServ_tables_demo_output.sql file read successfully ...
[2025-04-24 15:46:26] [INFO] sql_transformer_logger - SqlServ_tables_demo_output.sql File is created successfully ...
[2025-04-24 15:46:26] [INFO] sql_transformer_logger - SqlServ_views_demo_output.sql file read successfully ...
[2025-04-24 15:46:26] [INFO] sql_transformer_logger - SqlServ_views_demo_output.sql File is created successfully ...
[2025-04-24 15:46:26] [INFO] sql_transformer_logger - SQ_SRV_tables_demo (3).sql file read successfully ...
[2025-04-24 15:46:26] [INFO] sql_transformer_logger - SQ_SRV_tables_demo (3).sql File is created successfully ...
[2025-04-24 15:49:11] [INFO] sql_transformer_logger - successfully read json data ...
[2025-04-24 15:49:11] [INFO] sql_transformer_logger - Dataframe is created successfully ...
[2025-04-24 15:49:11] [INFO] sql_transformer_logger - successfully read json data ...
[2025-04-24 15:49:11] [INFO] sql_transformer_logger - Dataframe is created successfully ...
[2025-04-24 15:49:11] [INFO] sql_transformer_logger - input2_oltpdb_functions_output.sql file read successfully ...
[2025-04-24 15:49:11] [INFO] sql_transformer_logger - input2_oltpdb_functions_output.sql File is created successfully ...
[2025-04-24 15:49:11] [INFO] sql_transformer_logger - input2_oltpdb_proc_output.sql file read successfully ...
[2025-04-24 15:49:11] [INFO] sql_transformer_logger - input2_oltpdb_proc_output.sql File is created successfully ...
[2025-04-24 15:49:11] [INFO] sql_transformer_logger - input2_oltpdb_views_output.sql file read successfully ...
[2025-04-24 15:49:11] [INFO] sql_transformer_logger - input2_oltpdb_views_output.sql File is created successfully ...
[2025-04-24 15:49:11] [INFO] sql_transformer_logger - input_functions_sf.sql file read successfully ...
[2025-04-24 15:49:11] [INFO] sql_transformer_logger - input_functions_sf.sql File is created successfully ...
[2025-04-24 15:49:11] [INFO] sql_transformer_logger - json.sql file read successfully ...
[2025-04-24 15:49:11] [INFO] sql_transformer_logger - json.sql File is created successfully ...
[2025-04-24 15:49:11] [INFO] sql_transformer_logger - oltpdb_proc_error_message.sql file read successfully ...
[2025-04-24 15:49:11] [INFO] sql_transformer_logger - oltpdb_proc_error_message.sql File is created successfully ...
[2025-04-24 15:49:11] [INFO] sql_transformer_logger - sample.sql file read successfully ...
[2025-04-24 15:49:11] [INFO] sql_transformer_logger - sample.sql File is created successfully ...
[2025-04-24 15:49:11] [INFO] sql_transformer_logger - SqlServ_functions_demo_output.sql file read successfully ...
[2025-04-24 15:49:11] [INFO] sql_transformer_logger - SqlServ_functions_demo_output.sql File is created successfully ...
[2025-04-24 15:49:11] [INFO] sql_transformer_logger - SqlServ_procedures_demo_output.sql file read successfully ...
[2025-04-24 15:49:11] [INFO] sql_transformer_logger - SqlServ_procedures_demo_output.sql File is created successfully ...
[2025-04-24 15:49:11] [INFO] sql_transformer_logger - SqlServ_tables_demo_output.sql file read successfully ...
[2025-04-24 15:49:11] [INFO] sql_transformer_logger - SqlServ_tables_demo_output.sql File is created successfully ...
[2025-04-24 15:49:11] [INFO] sql_transformer_logger - SqlServ_views_demo_output.sql file read successfully ...
[2025-04-24 15:49:11] [INFO] sql_transformer_logger - SqlServ_views_demo_output.sql File is created successfully ...
[2025-04-24 15:49:11] [INFO] sql_transformer_logger - SQ_SRV_tables_demo (3).sql file read successfully ...
[2025-04-24 15:49:11] [INFO] sql_transformer_logger - SQ_SRV_tables_demo (3).sql File is created successfully ...
[2025-04-24 15:49:41] [INFO] sql_transformer_logger - successfully read json data ...
[2025-04-24 15:49:41] [INFO] sql_transformer_logger - Dataframe is created successfully ...
[2025-04-24 15:49:41] [INFO] sql_transformer_logger - successfully read json data ...
[2025-04-24 15:49:41] [INFO] sql_transformer_logger - Dataframe is created successfully ...
[2025-04-24 15:49:41] [INFO] sql_transformer_logger - input2_oltpdb_functions_output.sql file read successfully ...
[2025-04-24 15:49:41] [INFO] sql_transformer_logger - input2_oltpdb_functions_output.sql File is created successfully ...
[2025-04-24 15:49:41] [INFO] sql_transformer_logger - input2_oltpdb_proc_output.sql file read successfully ...
[2025-04-24 15:49:41] [INFO] sql_transformer_logger - input2_oltpdb_proc_output.sql File is created successfully ...
[2025-04-24 15:49:41] [INFO] sql_transformer_logger - input2_oltpdb_views_output.sql file read successfully ...
[2025-04-24 15:49:41] [INFO] sql_transformer_logger - input2_oltpdb_views_output.sql File is created successfully ...
[2025-04-24 15:49:41] [INFO] sql_transformer_logger - input_functions_sf.sql file read successfully ...
[2025-04-24 15:49:41] [INFO] sql_transformer_logger - input_functions_sf.sql File is created successfully ...
[2025-04-24 15:49:41] [INFO] sql_transformer_logger - json.sql file read successfully ...
[2025-04-24 15:49:41] [INFO] sql_transformer_logger - json.sql File is created successfully ...
[2025-04-24 15:49:41] [INFO] sql_transformer_logger - oltpdb_proc_error_message.sql file read successfully ...
[2025-04-24 15:49:41] [INFO] sql_transformer_logger - oltpdb_proc_error_message.sql File is created successfully ...
[2025-04-24 15:49:41] [INFO] sql_transformer_logger - sample.sql file read successfully ...
[2025-04-24 15:49:41] [INFO] sql_transformer_logger - sample.sql File is created successfully ...
[2025-04-24 15:49:41] [INFO] sql_transformer_logger - SqlServ_functions_demo_output.sql file read successfully ...
[2025-04-24 15:49:41] [INFO] sql_transformer_logger - SqlServ_functions_demo_output.sql File is created successfully ...
[2025-04-24 15:49:41] [INFO] sql_transformer_logger - SqlServ_procedures_demo_output.sql file read successfully ...
[2025-04-24 15:49:41] [INFO] sql_transformer_logger - SqlServ_procedures_demo_output.sql File is created successfully ...
[2025-04-24 15:49:41] [INFO] sql_transformer_logger - SqlServ_tables_demo_output.sql file read successfully ...
[2025-04-24 15:49:41] [INFO] sql_transformer_logger - SqlServ_tables_demo_output.sql File is created successfully ...
[2025-04-24 15:49:41] [INFO] sql_transformer_logger - SqlServ_views_demo_output.sql file read successfully ...
[2025-04-24 15:49:41] [INFO] sql_transformer_logger - SqlServ_views_demo_output.sql File is created successfully ...
[2025-04-24 15:49:41] [INFO] sql_transformer_logger - SQ_SRV_tables_demo (3).sql file read successfully ...
[2025-04-24 15:49:41] [INFO] sql_transformer_logger - SQ_SRV_tables_demo (3).sql File is created successfully ...
[2025-04-24 16:18:52] [INFO] sql_transformer_logger - successfully read json data ...
[2025-04-24 16:18:53] [INFO] sql_transformer_logger - Dataframe is created successfully ...
[2025-04-24 16:18:53] [INFO] sql_transformer_logger - successfully read json data ...
[2025-04-24 16:18:53] [INFO] sql_transformer_logger - Dataframe is created successfully ...
[2025-04-24 16:18:53] [INFO] sql_transformer_logger - input2_oltpdb_functions_output.sql file read successfully ...
[2025-04-24 16:18:53] [INFO] sql_transformer_logger - input2_oltpdb_functions_output.sql File is created successfully ...
[2025-04-24 16:18:53] [INFO] sql_transformer_logger - input2_oltpdb_proc_output.sql file read successfully ...
[2025-04-24 16:18:53] [INFO] sql_transformer_logger - input2_oltpdb_proc_output.sql File is created successfully ...
[2025-04-24 16:18:53] [INFO] sql_transformer_logger - input2_oltpdb_views_output.sql file read successfully ...
[2025-04-24 16:18:53] [INFO] sql_transformer_logger - input2_oltpdb_views_output.sql File is created successfully ...
[2025-04-24 16:18:53] [INFO] sql_transformer_logger - input_functions_sf.sql file read successfully ...
[2025-04-24 16:18:53] [INFO] sql_transformer_logger - input_functions_sf.sql File is created successfully ...
[2025-04-24 16:18:53] [INFO] sql_transformer_logger - json.sql file read successfully ...
[2025-04-24 16:18:53] [INFO] sql_transformer_logger - json.sql File is created successfully ...
[2025-04-24 16:18:53] [INFO] sql_transformer_logger - oltpdb_proc_error_message.sql file read successfully ...
[2025-04-24 16:18:53] [INFO] sql_transformer_logger - oltpdb_proc_error_message.sql File is created successfully ...
[2025-04-24 16:18:53] [INFO] sql_transformer_logger - sample.sql file read successfully ...
[2025-04-24 16:18:53] [INFO] sql_transformer_logger - sample.sql File is created successfully ...
[2025-04-24 16:18:53] [INFO] sql_transformer_logger - SqlServ_functions_demo_output.sql file read successfully ...
[2025-04-24 16:18:53] [INFO] sql_transformer_logger - SqlServ_functions_demo_output.sql File is created successfully ...
[2025-04-24 16:18:53] [INFO] sql_transformer_logger - SqlServ_procedures_demo_output.sql file read successfully ...
[2025-04-24 16:18:53] [INFO] sql_transformer_logger - SqlServ_procedures_demo_output.sql File is created successfully ...
[2025-04-24 16:18:53] [INFO] sql_transformer_logger - SqlServ_tables_demo_output.sql file read successfully ...
[2025-04-24 16:18:53] [INFO] sql_transformer_logger - SqlServ_tables_demo_output.sql File is created successfully ...
[2025-04-24 16:18:53] [INFO] sql_transformer_logger - SqlServ_views_demo_output.sql file read successfully ...
[2025-04-24 16:18:53] [INFO] sql_transformer_logger - SqlServ_views_demo_output.sql File is created successfully ...
[2025-04-24 16:18:53] [INFO] sql_transformer_logger - SQ_SRV_tables_demo (3).sql file read successfully ...
[2025-04-24 16:18:53] [INFO] sql_transformer_logger - SQ_SRV_tables_demo (3).sql File is created successfully ...
[2025-04-24 16:29:35] [INFO] sql_transformer_logger - successfully read json data ...
[2025-04-24 16:29:35] [INFO] sql_transformer_logger - Dataframe is created successfully ...
[2025-04-24 16:29:35] [INFO] sql_transformer_logger - successfully read json data ...
[2025-04-24 16:29:35] [INFO] sql_transformer_logger - Dataframe is created successfully ...
[2025-04-24 16:29:35] [INFO] sql_transformer_logger - input2_oltpdb_functions_output.sql file read successfully ...
[2025-04-24 16:29:35] [INFO] sql_transformer_logger - input2_oltpdb_functions_output.sql File is created successfully ...
[2025-04-24 16:29:35] [INFO] sql_transformer_logger - input2_oltpdb_proc_output.sql file read successfully ...
[2025-04-24 16:29:35] [INFO] sql_transformer_logger - input2_oltpdb_proc_output.sql File is created successfully ...
[2025-04-24 16:29:35] [INFO] sql_transformer_logger - input2_oltpdb_views_output.sql file read successfully ...
[2025-04-24 16:29:35] [INFO] sql_transformer_logger - input2_oltpdb_views_output.sql File is created successfully ...
[2025-04-24 16:29:35] [INFO] sql_transformer_logger - input_functions_sf.sql file read successfully ...
[2025-04-24 16:29:35] [INFO] sql_transformer_logger - input_functions_sf.sql File is created successfully ...
[2025-04-24 16:29:35] [INFO] sql_transformer_logger - json.sql file read successfully ...
[2025-04-24 16:29:35] [INFO] sql_transformer_logger - json.sql File is created successfully ...
[2025-04-24 16:29:35] [INFO] sql_transformer_logger - oltpdb_proc_error_message.sql file read successfully ...
[2025-04-24 16:29:35] [INFO] sql_transformer_logger - oltpdb_proc_error_message.sql File is created successfully ...
[2025-04-24 16:29:35] [INFO] sql_transformer_logger - sample.sql file read successfully ...
[2025-04-24 16:29:35] [INFO] sql_transformer_logger - sample.sql File is created successfully ...
[2025-04-24 16:29:35] [INFO] sql_transformer_logger - SqlServ_functions_demo_output.sql file read successfully ...
[2025-04-24 16:29:35] [INFO] sql_transformer_logger - SqlServ_functions_demo_output.sql File is created successfully ...
[2025-04-24 16:29:35] [INFO] sql_transformer_logger - SqlServ_procedures_demo_output.sql file read successfully ...
[2025-04-24 16:29:35] [INFO] sql_transformer_logger - SqlServ_procedures_demo_output.sql File is created successfully ...
[2025-04-24 16:29:35] [INFO] sql_transformer_logger - SqlServ_tables_demo_output.sql file read successfully ...
[2025-04-24 16:29:35] [INFO] sql_transformer_logger - SqlServ_tables_demo_output.sql File is created successfully ...
[2025-04-24 16:29:35] [INFO] sql_transformer_logger - SqlServ_views_demo_output.sql file read successfully ...
[2025-04-24 16:29:35] [INFO] sql_transformer_logger - SqlServ_views_demo_output.sql File is created successfully ...
[2025-04-24 16:29:35] [INFO] sql_transformer_logger - SQ_SRV_tables_demo (3).sql file read successfully ...
[2025-04-24 16:29:35] [INFO] sql_transformer_logger - SQ_SRV_tables_demo (3).sql File is created successfully ...
[2025-04-24 16:33:01] [INFO] sql_transformer_logger - successfully read json data ...
[2025-04-24 16:33:01] [INFO] sql_transformer_logger - Dataframe is created successfully ...
[2025-04-24 16:33:01] [INFO] sql_transformer_logger - successfully read json data ...
[2025-04-24 16:33:01] [INFO] sql_transformer_logger - Dataframe is created successfully ...
[2025-04-24 16:33:01] [INFO] sql_transformer_logger - input2_oltpdb_functions_output.sql file read successfully ...
[2025-04-24 16:33:01] [INFO] sql_transformer_logger - input2_oltpdb_functions_output.sql File is created successfully ...
[2025-04-24 16:33:01] [INFO] sql_transformer_logger - input2_oltpdb_proc_output.sql file read successfully ...
[2025-04-24 16:33:01] [INFO] sql_transformer_logger - input2_oltpdb_proc_output.sql File is created successfully ...
[2025-04-24 16:33:01] [INFO] sql_transformer_logger - input2_oltpdb_views_output.sql file read successfully ...
[2025-04-24 16:33:01] [INFO] sql_transformer_logger - input2_oltpdb_views_output.sql File is created successfully ...
[2025-04-24 16:33:01] [INFO] sql_transformer_logger - input_functions_sf.sql file read successfully ...
[2025-04-24 16:33:01] [INFO] sql_transformer_logger - input_functions_sf.sql File is created successfully ...
[2025-04-24 16:33:01] [INFO] sql_transformer_logger - input_tables_sf.sql file read successfully ...
[2025-04-24 16:33:01] [INFO] sql_transformer_logger - input_tables_sf.sql File is created successfully ...
[2025-04-24 16:33:01] [INFO] sql_transformer_logger - json.sql file read successfully ...
[2025-04-24 16:33:01] [INFO] sql_transformer_logger - json.sql File is created successfully ...
[2025-04-24 16:33:01] [INFO] sql_transformer_logger - oltpdb_proc_error_message.sql file read successfully ...
[2025-04-24 16:33:01] [INFO] sql_transformer_logger - oltpdb_proc_error_message.sql File is created successfully ...
[2025-04-24 16:33:01] [INFO] sql_transformer_logger - sample.sql file read successfully ...
[2025-04-24 16:33:01] [INFO] sql_transformer_logger - sample.sql File is created successfully ...
[2025-04-24 16:33:01] [INFO] sql_transformer_logger - SqlServ_functions_demo_output.sql file read successfully ...
[2025-04-24 16:33:01] [INFO] sql_transformer_logger - SqlServ_functions_demo_output.sql File is created successfully ...
[2025-04-24 16:33:01] [INFO] sql_transformer_logger - SqlServ_procedures_demo_output.sql file read successfully ...
[2025-04-24 16:33:01] [INFO] sql_transformer_logger - SqlServ_procedures_demo_output.sql File is created successfully ...
[2025-04-24 16:33:01] [INFO] sql_transformer_logger - SqlServ_tables_demo_output.sql file read successfully ...
[2025-04-24 16:33:01] [INFO] sql_transformer_logger - SqlServ_tables_demo_output.sql File is created successfully ...
[2025-04-24 16:33:01] [INFO] sql_transformer_logger - SqlServ_views_demo_output.sql file read successfully ...
[2025-04-24 16:33:01] [INFO] sql_transformer_logger - SqlServ_views_demo_output.sql File is created successfully ...
[2025-04-24 16:33:01] [INFO] sql_transformer_logger - SQ_SRV_tables_demo (3).sql file read successfully ...
[2025-04-24 16:33:01] [INFO] sql_transformer_logger - SQ_SRV_tables_demo (3).sql File is created successfully ...
[2025-04-24 16:58:49] [INFO] sql_transformer_logger - successfully read json data ...
[2025-04-24 16:58:49] [INFO] sql_transformer_logger - Dataframe is created successfully ...
[2025-04-24 16:58:49] [INFO] sql_transformer_logger - successfully read json data ...
[2025-04-24 16:58:49] [INFO] sql_transformer_logger - Dataframe is created successfully ...
[2025-04-24 16:58:49] [INFO] sql_transformer_logger - input2_oltpdb_functions_output.sql file read successfully ...
[2025-04-24 16:58:49] [INFO] sql_transformer_logger - input2_oltpdb_functions_output.sql File is created successfully ...
[2025-04-24 16:58:49] [INFO] sql_transformer_logger - input2_oltpdb_proc_output.sql file read successfully ...
[2025-04-24 16:58:49] [INFO] sql_transformer_logger - input2_oltpdb_proc_output.sql File is created successfully ...
[2025-04-24 16:58:49] [INFO] sql_transformer_logger - input2_oltpdb_views_output.sql file read successfully ...
[2025-04-24 16:58:49] [INFO] sql_transformer_logger - input2_oltpdb_views_output.sql File is created successfully ...
[2025-04-24 16:58:49] [INFO] sql_transformer_logger - input_functions_sf.sql file read successfully ...
[2025-04-24 16:58:49] [INFO] sql_transformer_logger - input_functions_sf.sql File is created successfully ...
[2025-04-24 16:58:49] [INFO] sql_transformer_logger - input_tables_sf.sql file read successfully ...
[2025-04-24 16:58:49] [INFO] sql_transformer_logger - input_tables_sf.sql File is created successfully ...
[2025-04-24 16:58:49] [INFO] sql_transformer_logger - json.sql file read successfully ...
[2025-04-24 16:58:49] [INFO] sql_transformer_logger - json.sql File is created successfully ...
[2025-04-24 16:58:49] [INFO] sql_transformer_logger - oltpdb_proc_error_message.sql file read successfully ...
[2025-04-24 16:58:49] [INFO] sql_transformer_logger - oltpdb_proc_error_message.sql File is created successfully ...
[2025-04-24 16:58:49] [INFO] sql_transformer_logger - sample.sql file read successfully ...
[2025-04-24 16:58:49] [INFO] sql_transformer_logger - sample.sql File is created successfully ...
[2025-04-24 16:58:49] [INFO] sql_transformer_logger - SqlServ_functions_demo_output.sql file read successfully ...
[2025-04-24 16:58:49] [INFO] sql_transformer_logger - SqlServ_functions_demo_output.sql File is created successfully ...
[2025-04-24 16:58:49] [INFO] sql_transformer_logger - SqlServ_procedures_demo_output.sql file read successfully ...
[2025-04-24 16:58:49] [INFO] sql_transformer_logger - SqlServ_procedures_demo_output.sql File is created successfully ...
[2025-04-24 16:58:49] [INFO] sql_transformer_logger - SqlServ_tables_demo_output.sql file read successfully ...
[2025-04-24 16:58:49] [INFO] sql_transformer_logger - SqlServ_tables_demo_output.sql File is created successfully ...
[2025-04-24 16:58:49] [INFO] sql_transformer_logger - SqlServ_views_demo_output.sql file read successfully ...
[2025-04-24 16:58:49] [INFO] sql_transformer_logger - SqlServ_views_demo_output.sql File is created successfully ...
[2025-04-24 16:58:49] [INFO] sql_transformer_logger - SQ_SRV_tables_demo (3).sql file read successfully ...
[2025-04-24 16:58:49] [INFO] sql_transformer_logger - SQ_SRV_tables_demo (3).sql File is created successfully ...
[2025-04-24 16:59:59] [INFO] sql_transformer_logger - successfully read json data ...
[2025-04-24 16:59:59] [INFO] sql_transformer_logger - Dataframe is created successfully ...
[2025-04-24 16:59:59] [INFO] sql_transformer_logger - successfully read json data ...
[2025-04-24 16:59:59] [INFO] sql_transformer_logger - Dataframe is created successfully ...
[2025-04-24 16:59:59] [INFO] sql_transformer_logger - input2_oltpdb_functions_output.sql file read successfully ...
[2025-04-24 16:59:59] [INFO] sql_transformer_logger - input2_oltpdb_functions_output.sql File is created successfully ...
[2025-04-24 16:59:59] [INFO] sql_transformer_logger - input2_oltpdb_proc_output.sql file read successfully ...
[2025-04-24 16:59:59] [INFO] sql_transformer_logger - input2_oltpdb_proc_output.sql File is created successfully ...
[2025-04-24 16:59:59] [INFO] sql_transformer_logger - input2_oltpdb_views_output.sql file read successfully ...
[2025-04-24 16:59:59] [INFO] sql_transformer_logger - input2_oltpdb_views_output.sql File is created successfully ...
[2025-04-24 16:59:59] [INFO] sql_transformer_logger - input_functions_sf.sql file read successfully ...
[2025-04-24 16:59:59] [INFO] sql_transformer_logger - input_functions_sf.sql File is created successfully ...
[2025-04-24 16:59:59] [INFO] sql_transformer_logger - input_tables_sf.sql file read successfully ...
[2025-04-24 16:59:59] [INFO] sql_transformer_logger - input_tables_sf.sql File is created successfully ...
[2025-04-24 16:59:59] [INFO] sql_transformer_logger - json.sql file read successfully ...
[2025-04-24 16:59:59] [INFO] sql_transformer_logger - json.sql File is created successfully ...
[2025-04-24 16:59:59] [INFO] sql_transformer_logger - oltpdb_proc_error_message.sql file read successfully ...
[2025-04-24 16:59:59] [INFO] sql_transformer_logger - oltpdb_proc_error_message.sql File is created successfully ...
[2025-04-24 16:59:59] [INFO] sql_transformer_logger - sample.sql file read successfully ...
[2025-04-24 16:59:59] [INFO] sql_transformer_logger - sample.sql File is created successfully ...
[2025-04-24 16:59:59] [INFO] sql_transformer_logger - SqlServ_functions_demo_output.sql file read successfully ...
[2025-04-24 16:59:59] [INFO] sql_transformer_logger - SqlServ_functions_demo_output.sql File is created successfully ...
[2025-04-24 16:59:59] [INFO] sql_transformer_logger - SqlServ_procedures_demo_output.sql file read successfully ...
[2025-04-24 16:59:59] [INFO] sql_transformer_logger - SqlServ_procedures_demo_output.sql File is created successfully ...
[2025-04-24 16:59:59] [INFO] sql_transformer_logger - SqlServ_tables_demo_output.sql file read successfully ...
[2025-04-24 16:59:59] [INFO] sql_transformer_logger - SqlServ_tables_demo_output.sql File is created successfully ...
[2025-04-24 16:59:59] [INFO] sql_transformer_logger - SqlServ_views_demo_output.sql file read successfully ...
[2025-04-24 16:59:59] [INFO] sql_transformer_logger - SqlServ_views_demo_output.sql File is created successfully ...
[2025-04-24 16:59:59] [INFO] sql_transformer_logger - SQ_SRV_tables_demo (3).sql file read successfully ...
[2025-04-24 16:59:59] [INFO] sql_transformer_logger - SQ_SRV_tables_demo (3).sql File is created successfully ...
[2025-04-24 17:00:32] [INFO] sql_transformer_logger - successfully read json data ...
[2025-04-24 17:00:32] [INFO] sql_transformer_logger - Dataframe is created successfully ...
[2025-04-24 17:00:32] [INFO] sql_transformer_logger - successfully read json data ...
[2025-04-24 17:00:32] [INFO] sql_transformer_logger - Dataframe is created successfully ...
[2025-04-24 17:00:32] [INFO] sql_transformer_logger - input2_oltpdb_functions_output.sql file read successfully ...
[2025-04-24 17:00:32] [INFO] sql_transformer_logger - input2_oltpdb_functions_output.sql File is created successfully ...
[2025-04-24 17:00:32] [INFO] sql_transformer_logger - input2_oltpdb_proc_output.sql file read successfully ...
[2025-04-24 17:00:32] [INFO] sql_transformer_logger - input2_oltpdb_proc_output.sql File is created successfully ...
[2025-04-24 17:00:32] [INFO] sql_transformer_logger - input2_oltpdb_views_output.sql file read successfully ...
[2025-04-24 17:00:32] [INFO] sql_transformer_logger - input2_oltpdb_views_output.sql File is created successfully ...
[2025-04-24 17:00:32] [INFO] sql_transformer_logger - input_functions_sf.sql file read successfully ...
[2025-04-24 17:00:32] [INFO] sql_transformer_logger - input_functions_sf.sql File is created successfully ...
[2025-04-24 17:00:32] [INFO] sql_transformer_logger - input_tables_sf.sql file read successfully ...
[2025-04-24 17:00:32] [INFO] sql_transformer_logger - input_tables_sf.sql File is created successfully ...
[2025-04-24 17:00:32] [INFO] sql_transformer_logger - json.sql file read successfully ...
[2025-04-24 17:00:32] [INFO] sql_transformer_logger - json.sql File is created successfully ...
[2025-04-24 17:00:32] [INFO] sql_transformer_logger - oltpdb_proc_error_message.sql file read successfully ...
[2025-04-24 17:00:32] [INFO] sql_transformer_logger - oltpdb_proc_error_message.sql File is created successfully ...
[2025-04-24 17:00:32] [INFO] sql_transformer_logger - sample.sql file read successfully ...
[2025-04-24 17:00:32] [INFO] sql_transformer_logger - sample.sql File is created successfully ...
[2025-04-24 17:00:32] [INFO] sql_transformer_logger - SqlServ_functions_demo_output.sql file read successfully ...
[2025-04-24 17:00:32] [INFO] sql_transformer_logger - SqlServ_functions_demo_output.sql File is created successfully ...
[2025-04-24 17:00:32] [INFO] sql_transformer_logger - SqlServ_procedures_demo_output.sql file read successfully ...
[2025-04-24 17:00:32] [INFO] sql_transformer_logger - SqlServ_procedures_demo_output.sql File is created successfully ...
[2025-04-24 17:00:32] [INFO] sql_transformer_logger - SqlServ_tables_demo_output.sql file read successfully ...
[2025-04-24 17:00:32] [INFO] sql_transformer_logger - SqlServ_tables_demo_output.sql File is created successfully ...
[2025-04-24 17:00:32] [INFO] sql_transformer_logger - SqlServ_views_demo_output.sql file read successfully ...
[2025-04-24 17:00:32] [INFO] sql_transformer_logger - SqlServ_views_demo_output.sql File is created successfully ...
[2025-04-24 17:00:32] [INFO] sql_transformer_logger - SQ_SRV_tables_demo (3).sql file read successfully ...
[2025-04-24 17:00:32] [INFO] sql_transformer_logger - SQ_SRV_tables_demo (3).sql File is created successfully ...
[2025-04-24 17:09:30] [INFO] sql_transformer_logger - successfully read json data ...
[2025-04-24 17:09:30] [INFO] sql_transformer_logger - Dataframe is created successfully ...
[2025-04-24 17:09:30] [INFO] sql_transformer_logger - successfully read json data ...
[2025-04-24 17:09:30] [INFO] sql_transformer_logger - Dataframe is created successfully ...
[2025-04-24 17:09:30] [INFO] sql_transformer_logger - input2_oltpdb_functions_output.sql file read successfully ...
[2025-04-24 17:09:30] [INFO] sql_transformer_logger - input2_oltpdb_functions_output.sql File is created successfully ...
[2025-04-24 17:09:30] [INFO] sql_transformer_logger - input2_oltpdb_proc_output.sql file read successfully ...
[2025-04-24 17:09:30] [INFO] sql_transformer_logger - input2_oltpdb_proc_output.sql File is created successfully ...
[2025-04-24 17:09:30] [INFO] sql_transformer_logger - input2_oltpdb_views_output.sql file read successfully ...
[2025-04-24 17:09:30] [INFO] sql_transformer_logger - input2_oltpdb_views_output.sql File is created successfully ...
[2025-04-24 17:09:30] [INFO] sql_transformer_logger - input_functions_sf.sql file read successfully ...
[2025-04-24 17:09:30] [INFO] sql_transformer_logger - input_functions_sf.sql File is created successfully ...
[2025-04-24 17:09:30] [INFO] sql_transformer_logger - input_tables_sf.sql file read successfully ...
[2025-04-24 17:09:30] [INFO] sql_transformer_logger - input_tables_sf.sql File is created successfully ...
[2025-04-24 17:09:30] [INFO] sql_transformer_logger - json.sql file read successfully ...
[2025-04-24 17:09:30] [INFO] sql_transformer_logger - json.sql File is created successfully ...
[2025-04-24 17:09:30] [INFO] sql_transformer_logger - oltpdb_proc_error_message.sql file read successfully ...
[2025-04-24 17:09:30] [INFO] sql_transformer_logger - oltpdb_proc_error_message.sql File is created successfully ...
[2025-04-24 17:09:30] [INFO] sql_transformer_logger - sample.sql file read successfully ...
[2025-04-24 17:09:30] [INFO] sql_transformer_logger - sample.sql File is created successfully ...
[2025-04-24 17:09:30] [INFO] sql_transformer_logger - SqlServ_functions_demo_output.sql file read successfully ...
[2025-04-24 17:09:30] [INFO] sql_transformer_logger - SqlServ_functions_demo_output.sql File is created successfully ...
[2025-04-24 17:09:30] [INFO] sql_transformer_logger - SqlServ_procedures_demo_output.sql file read successfully ...
[2025-04-24 17:09:30] [INFO] sql_transformer_logger - SqlServ_procedures_demo_output.sql File is created successfully ...
[2025-04-24 17:09:30] [INFO] sql_transformer_logger - SqlServ_tables_demo_output.sql file read successfully ...
[2025-04-24 17:09:30] [INFO] sql_transformer_logger - SqlServ_tables_demo_output.sql File is created successfully ...
[2025-04-24 17:09:30] [INFO] sql_transformer_logger - SqlServ_views_demo_output.sql file read successfully ...
[2025-04-24 17:09:30] [INFO] sql_transformer_logger - SqlServ_views_demo_output.sql File is created successfully ...
[2025-04-24 17:09:30] [INFO] sql_transformer_logger - SQ_SRV_tables_demo (3).sql file read successfully ...
[2025-04-24 17:09:30] [INFO] sql_transformer_logger - SQ_SRV_tables_demo (3).sql File is created successfully ...
