[2025-05-02 13:06:45] [INFO] sql_transformer_logger - successfully read json data ...
[2025-05-02 13:06:45] [INFO] sql_transformer_logger - Dataframe is created successfully ...
[2025-05-02 13:06:45] [INFO] sql_transformer_logger - successfully read json data ...
[2025-05-02 13:06:45] [INFO] sql_transformer_logger - Dataframe is created successfully ...
[2025-05-02 14:29:50] [INFO] sql_transformer_logger - successfully read json data ...
[2025-05-02 14:29:50] [INFO] sql_transformer_logger - Dataframe is created successfully ...
[2025-05-02 14:29:50] [INFO] sql_transformer_logger - successfully read json data ...
[2025-05-02 14:29:50] [INFO] sql_transformer_logger - Dataframe is created successfully ...
[2025-05-02 14:31:12] [INFO] sql_transformer_logger - successfully read json data ...
[2025-05-02 14:31:12] [INFO] sql_transformer_logger - Dataframe is created successfully ...
[2025-05-02 14:31:12] [INFO] sql_transformer_logger - successfully read json data ...
[2025-05-02 14:31:12] [INFO] sql_transformer_logger - Dataframe is created successfully ...
[2025-05-02 14:32:49] [INFO] sql_transformer_logger - successfully read json data ...
[2025-05-02 14:32:49] [INFO] sql_transformer_logger - Dataframe is created successfully ...
[2025-05-02 14:32:49] [INFO] sql_transformer_logger - successfully read json data ...
[2025-05-02 14:32:49] [INFO] sql_transformer_logger - Dataframe is created successfully ...
[2025-05-02 14:33:22] [INFO] sql_transformer_logger - successfully read json data ...
[2025-05-02 14:33:22] [INFO] sql_transformer_logger - Dataframe is created successfully ...
[2025-05-02 14:33:22] [INFO] sql_transformer_logger - successfully read json data ...
[2025-05-02 14:33:22] [INFO] sql_transformer_logger - Dataframe is created successfully ...
[2025-05-02 14:33:22] [INFO] sql_transformer_logger - input_mssql_functions.sql File is created successfully ...
[2025-05-02 14:33:22] [INFO] sql_transformer_logger - input_mssql_procedures.sql File is created successfully ...
[2025-05-02 14:33:22] [INFO] sql_transformer_logger - input_mssql_tables.sql File is created successfully ...
[2025-05-02 14:33:22] [INFO] sql_transformer_logger - input_mssql_views.sql File is created successfully ...
[2025-05-02 14:33:22] [INFO] sql_transformer_logger - SP_ADDEXTENDEDPROPERTY_UDP.sql File is created successfully ...
[2025-05-02 15:39:25] [INFO] sql_transformer_logger - successfully read json data ...
[2025-05-02 15:39:25] [INFO] sql_transformer_logger - Dataframe is created successfully ...
[2025-05-02 15:39:25] [INFO] sql_transformer_logger - successfully read json data ...
[2025-05-02 15:39:25] [INFO] sql_transformer_logger - Dataframe is created successfully ...
[2025-05-02 15:39:25] [INFO] sql_transformer_logger - input_mssql_functions.sql File is created successfully ...
[2025-05-02 15:39:25] [INFO] sql_transformer_logger - input_mssql_procedures.sql File is created successfully ...
[2025-05-02 15:39:25] [INFO] sql_transformer_logger - input_mssql_tables.sql File is created successfully ...
[2025-05-02 15:39:25] [INFO] sql_transformer_logger - input_mssql_views.sql File is created successfully ...
[2025-05-02 15:39:25] [INFO] sql_transformer_logger - SP_ADDEXTENDEDPROPERTY_UDP.sql File is created successfully ...
[2025-05-02 15:39:44] [INFO] sql_transformer_logger - C:\Users\suvam.ghosh\Desktop\snowconvertPython\scripts\SnowflakeFinalConvertOutput\input_mssql_functions.sql File is created successfully ...
[2025-05-02 15:39:55] [INFO] sql_transformer_logger - C:\Users\suvam.ghosh\Desktop\snowconvertPython\scripts\SnowflakeFinalConvertOutput\input_mssql_procedures.sql File is created successfully ...
[2025-05-02 15:41:02] [INFO] sql_transformer_logger - C:\Users\suvam.ghosh\Desktop\snowconvertPython\scripts\SnowflakeFinalConvertOutput\input_mssql_tables.sql File is created successfully ...
[2025-05-02 15:41:09] [INFO] sql_transformer_logger - C:\Users\suvam.ghosh\Desktop\snowconvertPython\scripts\SnowflakeFinalConvertOutput\input_mssql_views.sql File is created successfully ...
[2025-05-02 15:41:13] [INFO] sql_transformer_logger - C:\Users\suvam.ghosh\Desktop\snowconvertPython\scripts\SnowflakeFinalConvertOutput\SP_ADDEXTENDEDPROPERTY_UDP.sql File is created successfully ...
[2025-05-02 15:46:06] [INFO] sql_transformer_logger - successfully read json data ...
[2025-05-02 15:46:06] [INFO] sql_transformer_logger - Dataframe is created successfully ...
[2025-05-02 15:46:06] [INFO] sql_transformer_logger - successfully read json data ...
[2025-05-02 15:46:06] [INFO] sql_transformer_logger - Dataframe is created successfully ...
[2025-05-02 15:46:06] [INFO] sql_transformer_logger - input_mssql_functions.sql File is created successfully ...
[2025-05-02 15:46:06] [INFO] sql_transformer_logger - input_mssql_procedures.sql File is created successfully ...
[2025-05-02 15:46:06] [INFO] sql_transformer_logger - input_mssql_tables.sql File is created successfully ...
[2025-05-02 15:46:06] [INFO] sql_transformer_logger - input_mssql_views.sql File is created successfully ...
[2025-05-02 15:46:06] [INFO] sql_transformer_logger - SP_ADDEXTENDEDPROPERTY_UDP.sql File is created successfully ...
[2025-05-02 15:46:17] [INFO] sql_transformer_logger - C:\Users\suvam.ghosh\Desktop\snowconvertPython\scripts\SnowflakeFinalConvertOutput\input_mssql_functions.sql File is created successfully ...
[2025-05-02 15:46:30] [INFO] sql_transformer_logger - C:\Users\suvam.ghosh\Desktop\snowconvertPython\scripts\SnowflakeFinalConvertOutput\input_mssql_procedures.sql File is created successfully ...
[2025-05-02 15:47:33] [INFO] sql_transformer_logger - C:\Users\suvam.ghosh\Desktop\snowconvertPython\scripts\SnowflakeFinalConvertOutput\input_mssql_tables.sql File is created successfully ...
[2025-05-02 15:47:42] [INFO] sql_transformer_logger - C:\Users\suvam.ghosh\Desktop\snowconvertPython\scripts\SnowflakeFinalConvertOutput\input_mssql_views.sql File is created successfully ...
[2025-05-02 15:47:48] [INFO] sql_transformer_logger - C:\Users\suvam.ghosh\Desktop\snowconvertPython\scripts\SnowflakeFinalConvertOutput\SP_ADDEXTENDEDPROPERTY_UDP.sql File is created successfully ...
[2025-05-02 15:56:50] [INFO] sql_transformer_logger - successfully read json data ...
[2025-05-02 15:56:50] [INFO] sql_transformer_logger - Dataframe is created successfully ...
[2025-05-02 15:56:50] [INFO] sql_transformer_logger - successfully read json data ...
[2025-05-02 15:56:50] [INFO] sql_transformer_logger - Dataframe is created successfully ...
[2025-05-02 15:56:50] [INFO] sql_transformer_logger - input_mssql_functions.sql File is created successfully ...
[2025-05-02 15:56:50] [INFO] sql_transformer_logger - input_mssql_procedures.sql File is created successfully ...
[2025-05-02 15:56:50] [INFO] sql_transformer_logger - input_mssql_tables.sql File is created successfully ...
[2025-05-02 15:56:50] [INFO] sql_transformer_logger - input_mssql_views.sql File is created successfully ...
[2025-05-02 15:56:50] [INFO] sql_transformer_logger - SP_ADDEXTENDEDPROPERTY_UDP.sql File is created successfully ...
[2025-05-02 15:57:58] [INFO] sql_transformer_logger - C:\Users\suvam.ghosh\Desktop\snowconvertPython\scripts\SnowflakeFinalConvertOutput\input_mssql_functions.sql File is created successfully ...
[2025-05-02 15:58:09] [INFO] sql_transformer_logger - C:\Users\suvam.ghosh\Desktop\snowconvertPython\scripts\SnowflakeFinalConvertOutput\input_mssql_procedures.sql File is created successfully ...
[2025-05-02 15:59:22] [INFO] sql_transformer_logger - C:\Users\suvam.ghosh\Desktop\snowconvertPython\scripts\SnowflakeFinalConvertOutput\input_mssql_tables.sql File is created successfully ...
[2025-05-02 16:06:41] [INFO] sql_transformer_logger - successfully read json data ...
[2025-05-02 16:06:41] [INFO] sql_transformer_logger - Dataframe is created successfully ...
[2025-05-02 16:06:41] [INFO] sql_transformer_logger - successfully read json data ...
[2025-05-02 16:06:41] [INFO] sql_transformer_logger - Dataframe is created successfully ...
[2025-05-02 16:06:41] [INFO] sql_transformer_logger - input_mssql_functions.sql File is created successfully ...
[2025-05-02 16:06:41] [INFO] sql_transformer_logger - input_mssql_procedures.sql File is created successfully ...
[2025-05-02 16:06:41] [INFO] sql_transformer_logger - input_mssql_tables.sql File is created successfully ...
[2025-05-02 16:06:41] [INFO] sql_transformer_logger - input_mssql_views.sql File is created successfully ...
[2025-05-02 16:06:41] [INFO] sql_transformer_logger - SP_ADDEXTENDEDPROPERTY_UDP.sql File is created successfully ...
[2025-05-02 16:07:04] [INFO] sql_transformer_logger - C:\Users\suvam.ghosh\Desktop\snowconvertPython\scripts\SnowflakeFinalConvertOutput\input_mssql_functions.sql File is created successfully ...
[2025-05-02 16:08:33] [INFO] sql_transformer_logger - C:\Users\suvam.ghosh\Desktop\snowconvertPython\scripts\SnowflakeFinalConvertOutput\input_mssql_procedures.sql File is created successfully ...
[2025-05-02 16:09:38] [INFO] sql_transformer_logger - C:\Users\suvam.ghosh\Desktop\snowconvertPython\scripts\SnowflakeFinalConvertOutput\input_mssql_tables.sql File is created successfully ...
[2025-05-02 16:10:45] [INFO] sql_transformer_logger - C:\Users\suvam.ghosh\Desktop\snowconvertPython\scripts\SnowflakeFinalConvertOutput\input_mssql_views.sql File is created successfully ...
[2025-05-02 16:11:35] [INFO] sql_transformer_logger - C:\Users\suvam.ghosh\Desktop\snowconvertPython\scripts\SnowflakeFinalConvertOutput\SP_ADDEXTENDEDPROPERTY_UDP.sql File is created successfully ...
[2025-05-02 16:12:00] [INFO] sql_transformer_logger - successfully read json data ...
[2025-05-02 16:12:00] [INFO] sql_transformer_logger - Dataframe is created successfully ...
[2025-05-02 16:12:00] [INFO] sql_transformer_logger - successfully read json data ...
[2025-05-02 16:12:00] [INFO] sql_transformer_logger - Dataframe is created successfully ...
[2025-05-02 16:12:00] [INFO] sql_transformer_logger - input_mssql_functions.sql File is created successfully ...
[2025-05-02 16:12:00] [INFO] sql_transformer_logger - input_mssql_tables.sql File is created successfully ...
[2025-05-02 16:12:00] [INFO] sql_transformer_logger - input_mssql_views.sql File is created successfully ...
[2025-05-02 16:12:00] [INFO] sql_transformer_logger - SP_ADDEXTENDEDPROPERTY_UDP.sql File is created successfully ...
[2025-05-02 16:12:33] [INFO] sql_transformer_logger - C:\Users\suvam.ghosh\Desktop\snowconvertPython\scripts\SnowflakeFinalConvertOutput\input_mssql_functions.sql File is created successfully ...
[2025-05-02 16:12:45] [INFO] sql_transformer_logger - C:\Users\suvam.ghosh\Desktop\snowconvertPython\scripts\SnowflakeFinalConvertOutput\input_mssql_procedures.sql File is created successfully ...
[2025-05-02 16:14:51] [INFO] sql_transformer_logger - C:\Users\suvam.ghosh\Desktop\snowconvertPython\scripts\SnowflakeFinalConvertOutput\input_mssql_tables.sql File is created successfully ...
[2025-05-02 16:15:33] [INFO] sql_transformer_logger - C:\Users\suvam.ghosh\Desktop\snowconvertPython\scripts\SnowflakeFinalConvertOutput\input_mssql_views.sql File is created successfully ...
[2025-05-02 19:18:14] [INFO] sql_transformer_logger - successfully read json data ...
[2025-05-02 19:18:14] [INFO] sql_transformer_logger - Dataframe is created successfully ...
[2025-05-02 19:18:14] [INFO] sql_transformer_logger - successfully read json data ...
[2025-05-02 19:18:14] [INFO] sql_transformer_logger - Dataframe is created successfully ...
[2025-05-02 19:18:48] [INFO] sql_transformer_logger - input_mssql_functions.sql File is created successfully ...
[2025-05-02 19:18:48] [INFO] sql_transformer_logger - input_mssql_procedures.sql File is created successfully ...
[2025-05-02 19:18:48] [INFO] sql_transformer_logger - input_mssql_tables.sql File is created successfully ...
[2025-05-02 19:18:48] [INFO] sql_transformer_logger - input_mssql_views.sql File is created successfully ...
[2025-05-02 19:18:48] [INFO] sql_transformer_logger - input_mssql_functions.sql File is created successfully ...
[2025-05-02 19:18:48] [INFO] sql_transformer_logger - input_mssql_procedures.sql File is created successfully ...
[2025-05-02 19:18:48] [INFO] sql_transformer_logger - input_mssql_tables.sql File is created successfully ...
[2025-05-02 19:18:48] [INFO] sql_transformer_logger - input_mssql_views.sql File is created successfully ...
[2025-05-02 19:18:48] [INFO] sql_transformer_logger - SP_ADDEXTENDEDPROPERTY_UDP.sql File is created successfully ...
[2025-05-02 19:18:48] [INFO] sql_transformer_logger - SP_ADDEXTENDEDPROPERTY_UDP.sql File is created successfully ...
[2025-05-02 19:18:56] [INFO] sql_transformer_logger - C:\Users\suvam.ghosh\Desktop\snowconvertPython\scripts\SnowflakeFinalConvertOutput\input_mssql_functions.sql File is created successfully ...
[2025-05-02 19:19:06] [INFO] sql_transformer_logger - C:\Users\suvam.ghosh\Desktop\snowconvertPython\scripts\SnowflakeFinalConvertOutput\input_mssql_procedures.sql File is created successfully ...
[2025-05-02 19:20:14] [INFO] sql_transformer_logger - C:\Users\suvam.ghosh\Desktop\snowconvertPython\scripts\SnowflakeFinalConvertOutput\input_mssql_tables.sql File is created successfully ...
[2025-05-02 19:20:32] [INFO] sql_transformer_logger - C:\Users\suvam.ghosh\Desktop\snowconvertPython\scripts\SnowflakeFinalConvertOutput\input_mssql_views.sql File is created successfully ...
[2025-05-02 19:20:37] [INFO] sql_transformer_logger - C:\Users\suvam.ghosh\Desktop\snowconvertPython\scripts\SnowflakeFinalConvertOutput\SP_ADDEXTENDEDPROPERTY_UDP.sql File is created successfully ...
[2025-05-02 19:24:46] [INFO] sql_transformer_logger - successfully read json data ...
[2025-05-02 19:24:46] [INFO] sql_transformer_logger - Dataframe is created successfully ...
[2025-05-02 19:24:46] [INFO] sql_transformer_logger - successfully read json data ...
[2025-05-02 19:24:46] [INFO] sql_transformer_logger - Dataframe is created successfully ...
[2025-05-02 19:25:18] [INFO] sql_transformer_logger - input_mssql_functions.sql File is created successfully ...
[2025-05-02 19:25:18] [INFO] sql_transformer_logger - input_mssql_procedures.sql File is created successfully ...
[2025-05-02 19:25:18] [INFO] sql_transformer_logger - input_mssql_tables.sql File is created successfully ...
[2025-05-02 19:25:18] [INFO] sql_transformer_logger - input_mssql_views.sql File is created successfully ...
[2025-05-02 19:25:18] [INFO] sql_transformer_logger - SP_ADDEXTENDEDPROPERTY_UDP.sql File is created successfully ...
[2025-05-02 19:25:28] [INFO] sql_transformer_logger - C:\Users\suvam.ghosh\Desktop\snowconvertPython\scripts\SnowflakeFinalConvertOutput\input_mssql_functions.sql File is created successfully ...
[2025-05-02 19:25:37] [INFO] sql_transformer_logger - C:\Users\suvam.ghosh\Desktop\snowconvertPython\scripts\SnowflakeFinalConvertOutput\input_mssql_procedures.sql File is created successfully ...
[2025-05-02 19:26:41] [INFO] sql_transformer_logger - C:\Users\suvam.ghosh\Desktop\snowconvertPython\scripts\SnowflakeFinalConvertOutput\input_mssql_tables.sql File is created successfully ...
[2025-05-02 19:27:00] [INFO] sql_transformer_logger - C:\Users\suvam.ghosh\Desktop\snowconvertPython\scripts\SnowflakeFinalConvertOutput\input_mssql_views.sql File is created successfully ...
[2025-05-02 19:27:07] [INFO] sql_transformer_logger - C:\Users\suvam.ghosh\Desktop\snowconvertPython\scripts\SnowflakeFinalConvertOutput\SP_ADDEXTENDEDPROPERTY_UDP.sql File is created successfully ...
[2025-05-02 19:28:12] [INFO] sql_transformer_logger - successfully read json data ...
[2025-05-02 19:28:12] [INFO] sql_transformer_logger - Dataframe is created successfully ...
[2025-05-02 19:28:12] [INFO] sql_transformer_logger - successfully read json data ...
[2025-05-02 19:28:12] [INFO] sql_transformer_logger - Dataframe is created successfully ...
[2025-05-02 19:28:40] [INFO] sql_transformer_logger - input_mssql_functions.sql File is created successfully ...
[2025-05-02 19:28:40] [INFO] sql_transformer_logger - input_mssql_procedures.sql File is created successfully ...
[2025-05-02 19:28:40] [INFO] sql_transformer_logger - input_mssql_tables.sql File is created successfully ...
[2025-05-02 19:28:40] [INFO] sql_transformer_logger - input_mssql_views.sql File is created successfully ...
[2025-05-02 19:28:40] [INFO] sql_transformer_logger - SP_ADDEXTENDEDPROPERTY_UDP.sql File is created successfully ...
[2025-05-02 19:29:49] [INFO] sql_transformer_logger - C:\Users\suvam.ghosh\Desktop\snowconvertPython\scripts\SnowflakeFinalConvertOutput\input_mssql_functions.sql File is created successfully ...
[2025-05-02 19:29:57] [INFO] sql_transformer_logger - C:\Users\suvam.ghosh\Desktop\snowconvertPython\scripts\SnowflakeFinalConvertOutput\input_mssql_procedures.sql File is created successfully ...
[2025-05-02 19:31:07] [INFO] sql_transformer_logger - C:\Users\suvam.ghosh\Desktop\snowconvertPython\scripts\SnowflakeFinalConvertOutput\input_mssql_tables.sql File is created successfully ...
[2025-05-02 19:31:36] [INFO] sql_transformer_logger - C:\Users\suvam.ghosh\Desktop\snowconvertPython\scripts\SnowflakeFinalConvertOutput\input_mssql_views.sql File is created successfully ...
