[2025-04-28 11:47:43] [INFO] sql_transformer_logger - successfully read json data ...
[2025-04-28 11:47:43] [INFO] sql_transformer_logger - Dataframe is created successfully ...
[2025-04-28 11:47:43] [INFO] sql_transformer_logger - successfully read json data ...
[2025-04-28 11:47:43] [INFO] sql_transformer_logger - Dataframe is created successfully ...
[2025-04-28 11:50:09] [INFO] sql_transformer_logger - successfully read json data ...
[2025-04-28 11:50:09] [INFO] sql_transformer_logger - Dataframe is created successfully ...
[2025-04-28 11:50:09] [INFO] sql_transformer_logger - successfully read json data ...
[2025-04-28 11:50:09] [INFO] sql_transformer_logger - Dataframe is created successfully ...
[2025-04-28 11:51:34] [INFO] sql_transformer_logger - successfully read json data ...
[2025-04-28 11:51:34] [INFO] sql_transformer_logger - Dataframe is created successfully ...
[2025-04-28 11:51:34] [INFO] sql_transformer_logger - successfully read json data ...
[2025-04-28 11:51:34] [INFO] sql_transformer_logger - Dataframe is created successfully ...
[2025-04-28 11:52:34] [INFO] sql_transformer_logger - successfully read json data ...
[2025-04-28 11:52:34] [INFO] sql_transformer_logger - Dataframe is created successfully ...
[2025-04-28 11:52:34] [INFO] sql_transformer_logger - successfully read json data ...
[2025-04-28 11:52:34] [INFO] sql_transformer_logger - Dataframe is created successfully ...
[2025-04-28 11:57:16] [INFO] sql_transformer_logger - successfully read json data ...
[2025-04-28 11:57:16] [INFO] sql_transformer_logger - Dataframe is created successfully ...
[2025-04-28 11:57:16] [INFO] sql_transformer_logger - successfully read json data ...
[2025-04-28 11:57:16] [INFO] sql_transformer_logger - Dataframe is created successfully ...
[2025-04-28 12:00:02] [INFO] sql_transformer_logger - successfully read json data ...
[2025-04-28 12:00:02] [INFO] sql_transformer_logger - Dataframe is created successfully ...
[2025-04-28 12:00:02] [INFO] sql_transformer_logger - successfully read json data ...
[2025-04-28 12:00:02] [INFO] sql_transformer_logger - Dataframe is created successfully ...
[2025-04-28 12:03:13] [INFO] sql_transformer_logger - successfully read json data ...
[2025-04-28 12:03:14] [INFO] sql_transformer_logger - Dataframe is created successfully ...
[2025-04-28 12:03:14] [INFO] sql_transformer_logger - successfully read json data ...
[2025-04-28 12:03:14] [INFO] sql_transformer_logger - Dataframe is created successfully ...
[2025-04-28 12:04:23] [INFO] sql_transformer_logger - input2_oltpdb_functions_output.sql file read successfully ...
[2025-04-28 12:04:23] [INFO] sql_transformer_logger - input2_oltpdb_functions_output.sql File is created successfully ...
[2025-04-28 12:04:23] [INFO] sql_transformer_logger - input2_oltpdb_proc_output.sql file read successfully ...
[2025-04-28 12:04:23] [INFO] sql_transformer_logger - input2_oltpdb_proc_output.sql File is created successfully ...
[2025-04-28 12:04:23] [INFO] sql_transformer_logger - input2_oltpdb_views_output.sql file read successfully ...
[2025-04-28 12:04:23] [INFO] sql_transformer_logger - input2_oltpdb_views_output.sql File is created successfully ...
[2025-04-28 12:04:23] [INFO] sql_transformer_logger - input_functions_sf.sql file read successfully ...
[2025-04-28 12:04:24] [INFO] sql_transformer_logger - input_functions_sf.sql File is created successfully ...
[2025-04-28 12:04:24] [INFO] sql_transformer_logger - input_tables_sf.sql file read successfully ...
[2025-04-28 12:04:24] [INFO] sql_transformer_logger - input_tables_sf.sql File is created successfully ...
[2025-04-28 12:04:24] [INFO] sql_transformer_logger - json.sql file read successfully ...
[2025-04-28 12:04:24] [INFO] sql_transformer_logger - json.sql File is created successfully ...
[2025-04-28 12:04:24] [INFO] sql_transformer_logger - oltpdb_proc_error_message.sql file read successfully ...
[2025-04-28 12:04:24] [INFO] sql_transformer_logger - oltpdb_proc_error_message.sql File is created successfully ...
[2025-04-28 12:04:24] [INFO] sql_transformer_logger - sample.sql file read successfully ...
[2025-04-28 12:04:24] [INFO] sql_transformer_logger - sample.sql File is created successfully ...
[2025-04-28 12:04:24] [INFO] sql_transformer_logger - SqlServ_functions_demo_output.sql file read successfully ...
[2025-04-28 12:04:24] [INFO] sql_transformer_logger - SqlServ_functions_demo_output.sql File is created successfully ...
[2025-04-28 12:04:24] [INFO] sql_transformer_logger - SqlServ_procedures_demo_output.sql file read successfully ...
[2025-04-28 12:04:24] [INFO] sql_transformer_logger - SqlServ_procedures_demo_output.sql File is created successfully ...
[2025-04-28 12:04:24] [INFO] sql_transformer_logger - SqlServ_tables_demo_output.sql file read successfully ...
[2025-04-28 12:04:24] [INFO] sql_transformer_logger - SqlServ_tables_demo_output.sql File is created successfully ...
[2025-04-28 12:04:24] [INFO] sql_transformer_logger - SqlServ_views_demo_output.sql file read successfully ...
[2025-04-28 12:04:24] [INFO] sql_transformer_logger - SqlServ_views_demo_output.sql File is created successfully ...
[2025-04-28 12:04:24] [INFO] sql_transformer_logger - SQ_SRV_tables_demo (3).sql file read successfully ...
[2025-04-28 12:04:24] [INFO] sql_transformer_logger - SQ_SRV_tables_demo (3).sql File is created successfully ...
[2025-04-28 12:11:50] [INFO] sql_transformer_logger - successfully read json data ...
[2025-04-28 12:11:50] [INFO] sql_transformer_logger - Dataframe is created successfully ...
[2025-04-28 12:11:50] [INFO] sql_transformer_logger - successfully read json data ...
[2025-04-28 12:11:50] [INFO] sql_transformer_logger - Dataframe is created successfully ...
[2025-04-28 12:20:54] [INFO] sql_transformer_logger - successfully read json data ...
[2025-04-28 12:20:54] [INFO] sql_transformer_logger - Dataframe is created successfully ...
[2025-04-28 12:20:54] [INFO] sql_transformer_logger - successfully read json data ...
[2025-04-28 12:20:54] [INFO] sql_transformer_logger - Dataframe is created successfully ...
[2025-04-28 12:21:39] [INFO] sql_transformer_logger - input2_oltpdb_functions_output.sql file read successfully ...
[2025-04-28 12:21:39] [INFO] sql_transformer_logger - input2_oltpdb_functions_output.sql File is created successfully ...
[2025-04-28 12:21:39] [INFO] sql_transformer_logger - input2_oltpdb_proc_output.sql file read successfully ...
[2025-04-28 12:21:39] [INFO] sql_transformer_logger - input2_oltpdb_proc_output.sql File is created successfully ...
[2025-04-28 12:21:39] [INFO] sql_transformer_logger - input2_oltpdb_views_output.sql file read successfully ...
[2025-04-28 12:21:39] [INFO] sql_transformer_logger - input2_oltpdb_views_output.sql File is created successfully ...
[2025-04-28 12:21:39] [INFO] sql_transformer_logger - input_functions_sf.sql file read successfully ...
[2025-04-28 12:21:39] [INFO] sql_transformer_logger - input_functions_sf.sql File is created successfully ...
[2025-04-28 12:21:39] [INFO] sql_transformer_logger - input_tables_sf.sql file read successfully ...
[2025-04-28 12:21:39] [INFO] sql_transformer_logger - input_tables_sf.sql File is created successfully ...
[2025-04-28 12:21:39] [INFO] sql_transformer_logger - json.sql file read successfully ...
[2025-04-28 12:21:39] [INFO] sql_transformer_logger - json.sql File is created successfully ...
[2025-04-28 12:21:39] [INFO] sql_transformer_logger - oltpdb_proc_error_message.sql file read successfully ...
[2025-04-28 12:21:39] [INFO] sql_transformer_logger - oltpdb_proc_error_message.sql File is created successfully ...
[2025-04-28 12:21:39] [INFO] sql_transformer_logger - sample.sql file read successfully ...
[2025-04-28 12:21:39] [INFO] sql_transformer_logger - sample.sql File is created successfully ...
[2025-04-28 12:21:39] [INFO] sql_transformer_logger - SqlServ_functions_demo_output.sql file read successfully ...
[2025-04-28 12:21:39] [INFO] sql_transformer_logger - SqlServ_functions_demo_output.sql File is created successfully ...
[2025-04-28 12:21:39] [INFO] sql_transformer_logger - SqlServ_procedures_demo_output.sql file read successfully ...
[2025-04-28 12:21:39] [INFO] sql_transformer_logger - SqlServ_procedures_demo_output.sql File is created successfully ...
[2025-04-28 12:21:39] [INFO] sql_transformer_logger - SqlServ_tables_demo_output.sql file read successfully ...
[2025-04-28 12:21:39] [INFO] sql_transformer_logger - SqlServ_tables_demo_output.sql File is created successfully ...
[2025-04-28 12:21:39] [INFO] sql_transformer_logger - SqlServ_views_demo_output.sql file read successfully ...
[2025-04-28 12:21:39] [INFO] sql_transformer_logger - SqlServ_views_demo_output.sql File is created successfully ...
[2025-04-28 12:21:39] [INFO] sql_transformer_logger - SQ_SRV_tables_demo (3).sql file read successfully ...
[2025-04-28 12:21:39] [INFO] sql_transformer_logger - SQ_SRV_tables_demo (3).sql File is created successfully ...
[2025-04-28 12:22:07] [INFO] sql_transformer_logger - successfully read json data ...
[2025-04-28 12:22:07] [INFO] sql_transformer_logger - Dataframe is created successfully ...
[2025-04-28 12:22:07] [INFO] sql_transformer_logger - successfully read json data ...
[2025-04-28 12:22:07] [INFO] sql_transformer_logger - Dataframe is created successfully ...
[2025-04-28 12:22:41] [INFO] sql_transformer_logger - input2_oltpdb_functions_output.sql file read successfully ...
[2025-04-28 12:22:41] [INFO] sql_transformer_logger - input2_oltpdb_functions_output.sql File is created successfully ...
[2025-04-28 12:22:41] [INFO] sql_transformer_logger - input2_oltpdb_proc_output.sql file read successfully ...
[2025-04-28 12:22:41] [INFO] sql_transformer_logger - input2_oltpdb_proc_output.sql File is created successfully ...
[2025-04-28 12:22:41] [INFO] sql_transformer_logger - input2_oltpdb_views_output.sql file read successfully ...
[2025-04-28 12:22:41] [INFO] sql_transformer_logger - input2_oltpdb_views_output.sql File is created successfully ...
[2025-04-28 12:22:41] [INFO] sql_transformer_logger - input_functions_sf.sql file read successfully ...
[2025-04-28 12:22:41] [INFO] sql_transformer_logger - input_functions_sf.sql File is created successfully ...
[2025-04-28 12:22:41] [INFO] sql_transformer_logger - input_tables_sf.sql file read successfully ...
[2025-04-28 12:22:41] [INFO] sql_transformer_logger - input_tables_sf.sql File is created successfully ...
[2025-04-28 12:22:41] [INFO] sql_transformer_logger - json.sql file read successfully ...
[2025-04-28 12:22:41] [INFO] sql_transformer_logger - json.sql File is created successfully ...
[2025-04-28 12:22:41] [INFO] sql_transformer_logger - oltpdb_proc_error_message.sql file read successfully ...
[2025-04-28 12:22:41] [INFO] sql_transformer_logger - oltpdb_proc_error_message.sql File is created successfully ...
[2025-04-28 12:22:41] [INFO] sql_transformer_logger - sample.sql file read successfully ...
[2025-04-28 12:22:41] [INFO] sql_transformer_logger - sample.sql File is created successfully ...
[2025-04-28 12:22:41] [INFO] sql_transformer_logger - SqlServ_functions_demo_output.sql file read successfully ...
[2025-04-28 12:22:41] [INFO] sql_transformer_logger - SqlServ_functions_demo_output.sql File is created successfully ...
[2025-04-28 12:22:41] [INFO] sql_transformer_logger - SqlServ_procedures_demo_output.sql file read successfully ...
[2025-04-28 12:22:41] [INFO] sql_transformer_logger - SqlServ_procedures_demo_output.sql File is created successfully ...
[2025-04-28 12:22:41] [INFO] sql_transformer_logger - SqlServ_tables_demo_output.sql file read successfully ...
[2025-04-28 12:22:41] [INFO] sql_transformer_logger - SqlServ_tables_demo_output.sql File is created successfully ...
[2025-04-28 12:22:41] [INFO] sql_transformer_logger - SqlServ_views_demo_output.sql file read successfully ...
[2025-04-28 12:22:41] [INFO] sql_transformer_logger - SqlServ_views_demo_output.sql File is created successfully ...
[2025-04-28 12:22:41] [INFO] sql_transformer_logger - SQ_SRV_tables_demo (3).sql file read successfully ...
[2025-04-28 12:22:41] [INFO] sql_transformer_logger - SQ_SRV_tables_demo (3).sql File is created successfully ...
[2025-04-28 12:25:04] [INFO] sql_transformer_logger - successfully read json data ...
[2025-04-28 12:25:04] [INFO] sql_transformer_logger - Dataframe is created successfully ...
[2025-04-28 12:25:04] [INFO] sql_transformer_logger - successfully read json data ...
[2025-04-28 12:25:04] [INFO] sql_transformer_logger - Dataframe is created successfully ...
[2025-04-28 12:25:45] [INFO] sql_transformer_logger - input2_oltpdb_functions_output.sql file read successfully ...
[2025-04-28 12:25:45] [INFO] sql_transformer_logger - input2_oltpdb_functions_output.sql File is created successfully ...
[2025-04-28 12:25:45] [INFO] sql_transformer_logger - input2_oltpdb_proc_output.sql file read successfully ...
[2025-04-28 12:25:45] [INFO] sql_transformer_logger - input2_oltpdb_proc_output.sql File is created successfully ...
[2025-04-28 12:25:45] [INFO] sql_transformer_logger - input2_oltpdb_views_output.sql file read successfully ...
[2025-04-28 12:25:45] [INFO] sql_transformer_logger - input2_oltpdb_views_output.sql File is created successfully ...
[2025-04-28 12:25:45] [INFO] sql_transformer_logger - input_functions_sf.sql file read successfully ...
[2025-04-28 12:25:45] [INFO] sql_transformer_logger - input_functions_sf.sql File is created successfully ...
[2025-04-28 12:25:45] [INFO] sql_transformer_logger - input_tables_sf.sql file read successfully ...
[2025-04-28 12:25:45] [INFO] sql_transformer_logger - input_tables_sf.sql File is created successfully ...
[2025-04-28 12:25:45] [INFO] sql_transformer_logger - json.sql file read successfully ...
[2025-04-28 12:25:45] [INFO] sql_transformer_logger - json.sql File is created successfully ...
[2025-04-28 12:25:45] [INFO] sql_transformer_logger - oltpdb_proc_error_message.sql file read successfully ...
[2025-04-28 12:25:45] [INFO] sql_transformer_logger - oltpdb_proc_error_message.sql File is created successfully ...
[2025-04-28 12:25:45] [INFO] sql_transformer_logger - sample.sql file read successfully ...
[2025-04-28 12:25:45] [INFO] sql_transformer_logger - sample.sql File is created successfully ...
[2025-04-28 12:25:46] [INFO] sql_transformer_logger - SqlServ_functions_demo_output.sql file read successfully ...
[2025-04-28 12:25:46] [INFO] sql_transformer_logger - SqlServ_functions_demo_output.sql File is created successfully ...
[2025-04-28 12:25:46] [INFO] sql_transformer_logger - SqlServ_procedures_demo_output.sql file read successfully ...
[2025-04-28 12:25:46] [INFO] sql_transformer_logger - SqlServ_procedures_demo_output.sql File is created successfully ...
[2025-04-28 12:25:46] [INFO] sql_transformer_logger - SqlServ_tables_demo_output.sql file read successfully ...
[2025-04-28 12:25:46] [INFO] sql_transformer_logger - SqlServ_tables_demo_output.sql File is created successfully ...
[2025-04-28 12:25:46] [INFO] sql_transformer_logger - SqlServ_views_demo_output.sql file read successfully ...
[2025-04-28 12:25:46] [INFO] sql_transformer_logger - SqlServ_views_demo_output.sql File is created successfully ...
[2025-04-28 12:25:46] [INFO] sql_transformer_logger - SQ_SRV_tables_demo (3).sql file read successfully ...
[2025-04-28 12:25:46] [INFO] sql_transformer_logger - SQ_SRV_tables_demo (3).sql File is created successfully ...
