[02-05-2025 19:24:51] Info: SourceLanguage set to Transact based on the appsettings configuration.
[02-05-2025 19:24:52] Info: No path specified for loading additional transformation rules
[02-05-2025 19:24:52] Info: Starting to analyze the input path 'C:\Users\suvam.ghosh\Desktop\snowconvertPython\scripts\inputForSnowconvert'...
[02-05-2025 19:25:00] Info: EFProcess 638818106998331385 started
[02-05-2025 19:25:00] Debug: TaskParam TaskProvider = Mobilize.Snow.ConversionTool.Tasks.SnowConvertTaskProvider
[02-05-2025 19:25:00] Debug: TaskParam ConversionBeginTask.Input = C:\Users\suvam.ghosh\Desktop\snowconvertPython\scripts\inputForSnowconvert\input.wsp
[02-05-2025 19:25:00] Debug: TaskParam workingSet = Value is not created.
[02-05-2025 19:25:00] Debug: TaskParam ConversionBeginTask.ItemMedatada = Artinsoft.Common.Store.ItemMetadata
[02-05-2025 19:25:00] Debug: TaskParam ConversionBeginTask.Enabled = True
[02-05-2025 19:25:00] Debug: TaskParam Repository = Value is not created.
[02-05-2025 19:25:00] Debug: TaskParam RepositoryDirectory = C:\Users\suvam.ghosh\Desktop\snowconvertPython\scripts\SnowconvertOutput\.mobilize\CommonEF
[02-05-2025 19:25:00] Info: Found 4 Sql files with a total size of 0.14MB
[02-05-2025 19:25:00] Info: Starting the parsing process of 4 files with 0.14MB of code, this might take a while...
[02-05-2025 19:25:00] Info: Step 1/8 - Loading Code: STARTED
[02-05-2025 19:25:01] Error: There are 2 parsing errors in the file C:\Users\suvam.ghosh\Desktop\snowconvertPython\scripts\inputForSnowconvert\input_mssql_procedures.sql
[02-05-2025 19:25:01] Error: input_mssql_procedures.sql(243, 19): ** SSC-EWI-0001 - UNRECOGNIZED TOKEN ON LINE '243' COLUMN '19' OF THE SOURCE CODE STARTING AT '='. EXPECTED 'BATCH' GRAMMAR. LAST MATCHING TOKEN WAS ';' ON LINE '220' COLUMN '119'. FAILED TOKEN WAS '=' ON LINE '243' COLUMN '19'. ** 
[02-05-2025 19:25:01] Error: input_mssql_procedures.sql(376, 19): ** SSC-EWI-0001 - UNRECOGNIZED TOKEN ON LINE '376' COLUMN '19' OF THE SOURCE CODE STARTING AT '='. EXPECTED 'BATCH' GRAMMAR. LAST MATCHING TOKEN WAS ';' ON LINE '353' COLUMN '119'. FAILED TOKEN WAS '=' ON LINE '376' COLUMN '19'. ** 
[02-05-2025 19:25:01] Info: Step 1/8 - Loading Code: COMPLETED
[02-05-2025 19:25:01] Debug: TaskParam TaskProvider = Mobilize.Snow.ConversionTool.Tasks.SnowConvertTaskProvider
[02-05-2025 19:25:01] Debug: TaskParam SymbolTableFillingTask.Input = C:\Users\suvam.ghosh\Desktop\snowconvertPython\scripts\inputForSnowconvert\input.wsp
[02-05-2025 19:25:01] Debug: TaskParam workingSet = Artinsoft.Common.Store.RepositoryWorkingSet`2[System.String,Artinsoft.Common.Store.IItemContainer]
[02-05-2025 19:25:01] Debug: TaskParam SymbolTableFillingTask.ItemMedatada = Artinsoft.Common.Store.ItemMetadata
[02-05-2025 19:25:01] Debug: TaskParam SymbolTableFillingTask.Enabled = True
[02-05-2025 19:25:01] Debug: TaskParam Repository = Artinsoft.Common.Store.Repository
[02-05-2025 19:25:01] Debug: TaskParam RepositoryDirectory = C:\Users\suvam.ghosh\Desktop\snowconvertPython\scripts\SnowconvertOutput\.mobilize\CommonEF
[02-05-2025 19:25:02] Info: Step 2/8 - Semantic Analysis of Tables: STARTED
[02-05-2025 19:25:04] Info: Step 2/8 - Semantic Analysis of Tables: COMPLETED
[02-05-2025 19:25:04] Debug: TaskParam TaskProvider = Mobilize.Snow.ConversionTool.Tasks.SnowConvertTaskProvider
[02-05-2025 19:25:04] Debug: TaskParam SymbolTableFillingSecondTask.Input = C:\Users\suvam.ghosh\Desktop\snowconvertPython\scripts\inputForSnowconvert\input.wsp
[02-05-2025 19:25:04] Debug: TaskParam workingSet = Artinsoft.Common.Store.RepositoryWorkingSet`2[System.String,Artinsoft.Common.Store.IItemContainer]
[02-05-2025 19:25:04] Debug: TaskParam SymbolTableFillingSecondTask.ItemMedatada = Artinsoft.Common.Store.ItemMetadata
[02-05-2025 19:25:04] Debug: TaskParam SymbolTableFillingSecondTask.Enabled = True
[02-05-2025 19:25:04] Debug: TaskParam Repository = Artinsoft.Common.Store.Repository
[02-05-2025 19:25:04] Debug: TaskParam RepositoryDirectory = C:\Users\suvam.ghosh\Desktop\snowconvertPython\scripts\SnowconvertOutput\.mobilize\CommonEF
[02-05-2025 19:25:04] Info: Step 3/8 - Semantic Analysis of Top Level Objects: STARTED
[02-05-2025 19:25:07] Info: Step 3/8 - Semantic Analysis of Top Level Objects: STORING
[02-05-2025 19:25:10] Info: Step 3/8 - Semantic Analysis of Top Level Objects: STORED
[02-05-2025 19:25:10] Info: Step 3/8 - Semantic Analysis of Top Level Objects: COMPLETED
[02-05-2025 19:25:10] Debug: TaskParam TaskProvider = Mobilize.Snow.ConversionTool.Tasks.SnowConvertTaskProvider
[02-05-2025 19:25:10] Debug: TaskParam PreProcessTask.Input = C:\Users\suvam.ghosh\Desktop\snowconvertPython\scripts\inputForSnowconvert\input.wsp
[02-05-2025 19:25:10] Debug: TaskParam workingSet = Artinsoft.Common.Store.RepositoryWorkingSet`2[System.String,Artinsoft.Common.Store.IItemContainer]
[02-05-2025 19:25:10] Debug: TaskParam PreProcessTask.ItemMedatada = Artinsoft.Common.Store.ItemMetadata
[02-05-2025 19:25:10] Debug: TaskParam PreProcessTask.Enabled = True
[02-05-2025 19:25:10] Debug: TaskParam Repository = Artinsoft.Common.Store.Repository
[02-05-2025 19:25:10] Debug: TaskParam RepositoryDirectory = C:\Users\suvam.ghosh\Desktop\snowconvertPython\scripts\SnowconvertOutput\.mobilize\CommonEF
[02-05-2025 19:25:10] Info: Step 4/8 - Pre-Processing: STARTED
[02-05-2025 19:25:11] Info: Step 4/8 - Pre-Processing: COMPLETED
[02-05-2025 19:25:11] Debug: TaskParam Lineage.Input = C:\Users\suvam.ghosh\Desktop\snowconvertPython\scripts\inputForSnowconvert\input.wsp
[02-05-2025 19:25:11] Debug: TaskParam workingSet = Artinsoft.Common.Store.RepositoryWorkingSet`2[System.String,Artinsoft.Common.Store.IItemContainer]
[02-05-2025 19:25:11] Debug: TaskParam Lineage.ItemMedatada = Artinsoft.Common.Store.ItemMetadata
[02-05-2025 19:25:11] Debug: TaskParam Lineage.Enabled = True
[02-05-2025 19:25:11] Debug: TaskParam Repository = Artinsoft.Common.Store.Repository
[02-05-2025 19:25:11] Debug: TaskParam RepositoryDirectory = C:\Users\suvam.ghosh\Desktop\snowconvertPython\scripts\SnowconvertOutput\.mobilize\CommonEF
[02-05-2025 19:25:11] Info: Step 5/8 - Data lineage analysis: STARTED
[02-05-2025 19:25:11] Info: Step 5/8 - Data lineage analysis: COMPLETED
[02-05-2025 19:25:11] Debug: TaskParam TaskProvider = Mobilize.Snow.ConversionTool.Tasks.SnowConvertTaskProvider
[02-05-2025 19:25:11] Debug: TaskParam PreConversionAssessmentTask.Input = C:\Users\suvam.ghosh\Desktop\snowconvertPython\scripts\inputForSnowconvert\input.wsp
[02-05-2025 19:25:11] Debug: TaskParam workingSet = Artinsoft.Common.Store.RepositoryWorkingSet`2[System.String,Artinsoft.Common.Store.IItemContainer]
[02-05-2025 19:25:11] Debug: TaskParam PreConversionAssessmentTask.ItemMedatada = Artinsoft.Common.Store.ItemMetadata
[02-05-2025 19:25:11] Debug: TaskParam PreConversionAssessmentTask.Enabled = True
[02-05-2025 19:25:11] Debug: TaskParam Repository = Artinsoft.Common.Store.Repository
[02-05-2025 19:25:11] Debug: TaskParam RepositoryDirectory = C:\Users\suvam.ghosh\Desktop\snowconvertPython\scripts\SnowconvertOutput\.mobilize\CommonEF
[02-05-2025 19:25:11] Info: Step 6/8 - Pre-Conversion Assessment: STARTED
[02-05-2025 19:25:11] Error: Error when collecting the PreConversion Assessment information the file C:\Users\suvam.ghosh\Desktop\snowconvertPython\scripts\inputForSnowconvert\input_mssql_procedures.sql, Error message: Stack empty.
[02-05-2025 19:25:11] Debug: Exception for previous error: Stack empty.
   at System.Collections.Generic.Stack`1.ThrowForEmptyStack()
   at System.Collections.Generic.Stack`1.Peek()
   at Mobilize.Snow.TSqlToSnow.TSqlPreConversionAssessmentContext.Pop(NestedStatementCategories category)
   at Mobilize.Snow.TSqlToSnow.TSqlDdlPreConversionAssessment.ExitNodeLogic(SqlDataDefinitionLanguage node, TSqlPreConversionAssessmentContext ctx)
   at Mobilize.Snow.Common.PreConversionAssessment.BaseAssessmentVisitor`2.ExitNode(TNode node, TContext ctx)
   at Artinsoft.Common.Tools.Composition.ExtensibleAstDelegate`2.Artinsoft.Common.Visitor.IVisitorDelegate<Artinsoft.Common.AST.IAst,TContext>.ExitNode(IAst node, TContext ctx, UInt32 hLocalCtx)
[02-05-2025 19:25:11] Error: Error when collecting the PreConversion Assessment information the file C:\Users\suvam.ghosh\Desktop\snowconvertPython\scripts\inputForSnowconvert\input_mssql_procedures.sql, Error message: Stack empty.
[02-05-2025 19:25:11] Debug: Exception for previous error: Stack empty.
   at System.Collections.Generic.Stack`1.ThrowForEmptyStack()
   at System.Collections.Generic.Stack`1.Peek()
   at Mobilize.Snow.TSqlToSnow.TSqlPreConversionAssessmentContext.Pop(NestedStatementCategories category)
   at Mobilize.Snow.TSqlToSnow.TSqlDdlPreConversionAssessment.ExitNodeLogic(SqlDataDefinitionLanguage node, TSqlPreConversionAssessmentContext ctx)
   at Mobilize.Snow.Common.PreConversionAssessment.BaseAssessmentVisitor`2.ExitNode(TNode node, TContext ctx)
   at Artinsoft.Common.Tools.Composition.ExtensibleAstDelegate`2.Artinsoft.Common.Visitor.IVisitorDelegate<Artinsoft.Common.AST.IAst,TContext>.ExitNode(IAst node, TContext ctx, UInt32 hLocalCtx)
[02-05-2025 19:25:11] Error: Error when collecting the PreConversion Assessment information the file C:\Users\suvam.ghosh\Desktop\snowconvertPython\scripts\inputForSnowconvert\input_mssql_procedures.sql, Error message: Stack empty.
[02-05-2025 19:25:11] Debug: Exception for previous error: Stack empty.
   at System.Collections.Generic.Stack`1.ThrowForEmptyStack()
   at System.Collections.Generic.Stack`1.Peek()
   at Mobilize.Snow.TSqlToSnow.TSqlPreConversionAssessmentContext.Pop(NestedStatementCategories category)
   at Mobilize.Snow.TSqlToSnow.TSqlDdlPreConversionAssessment.ExitNodeLogic(SqlDataDefinitionLanguage node, TSqlPreConversionAssessmentContext ctx)
   at Mobilize.Snow.Common.PreConversionAssessment.BaseAssessmentVisitor`2.ExitNode(TNode node, TContext ctx)
   at Artinsoft.Common.Tools.Composition.ExtensibleAstDelegate`2.Artinsoft.Common.Visitor.IVisitorDelegate<Artinsoft.Common.AST.IAst,TContext>.ExitNode(IAst node, TContext ctx, UInt32 hLocalCtx)
[02-05-2025 19:25:11] Error: Error when collecting the PreConversion Assessment information the file C:\Users\suvam.ghosh\Desktop\snowconvertPython\scripts\inputForSnowconvert\input_mssql_procedures.sql, Error message: Stack empty.
[02-05-2025 19:25:11] Debug: Exception for previous error: Stack empty.
   at System.Collections.Generic.Stack`1.ThrowForEmptyStack()
   at System.Collections.Generic.Stack`1.Peek()
   at Mobilize.Snow.TSqlToSnow.TSqlPreConversionAssessmentContext.Pop(NestedStatementCategories category)
   at Mobilize.Snow.TSqlToSnow.TSqlDdlPreConversionAssessment.ExitNodeLogic(SqlDataDefinitionLanguage node, TSqlPreConversionAssessmentContext ctx)
   at Mobilize.Snow.Common.PreConversionAssessment.BaseAssessmentVisitor`2.ExitNode(TNode node, TContext ctx)
   at Artinsoft.Common.Tools.Composition.ExtensibleAstDelegate`2.Artinsoft.Common.Visitor.IVisitorDelegate<Artinsoft.Common.AST.IAst,TContext>.ExitNode(IAst node, TContext ctx, UInt32 hLocalCtx)
[02-05-2025 19:25:11] Error: Error when collecting the PreConversion Assessment information the file C:\Users\suvam.ghosh\Desktop\snowconvertPython\scripts\inputForSnowconvert\input_mssql_procedures.sql, Error message: Stack empty.
[02-05-2025 19:25:11] Debug: Exception for previous error: Stack empty.
   at System.Collections.Generic.Stack`1.ThrowForEmptyStack()
   at System.Collections.Generic.Stack`1.Peek()
   at Mobilize.Snow.TSqlToSnow.TSqlPreConversionAssessmentContext.Pop(NestedStatementCategories category)
   at Mobilize.Snow.TSqlToSnow.TSqlDdlPreConversionAssessment.ExitNodeLogic(SqlDataDefinitionLanguage node, TSqlPreConversionAssessmentContext ctx)
   at Mobilize.Snow.Common.PreConversionAssessment.BaseAssessmentVisitor`2.ExitNode(TNode node, TContext ctx)
   at Artinsoft.Common.Tools.Composition.ExtensibleAstDelegate`2.Artinsoft.Common.Visitor.IVisitorDelegate<Artinsoft.Common.AST.IAst,TContext>.ExitNode(IAst node, TContext ctx, UInt32 hLocalCtx)
[02-05-2025 19:25:11] Error: Error when collecting the PreConversion Assessment information the file C:\Users\suvam.ghosh\Desktop\snowconvertPython\scripts\inputForSnowconvert\input_mssql_procedures.sql, Error message: Stack empty.
[02-05-2025 19:25:11] Debug: Exception for previous error: Stack empty.
   at System.Collections.Generic.Stack`1.ThrowForEmptyStack()
   at System.Collections.Generic.Stack`1.Peek()
   at Mobilize.Snow.TSqlToSnow.TSqlPreConversionAssessmentContext.Pop(NestedStatementCategories category)
   at Mobilize.Snow.TSqlToSnow.TSqlDdlPreConversionAssessment.ExitNodeLogic(SqlDataDefinitionLanguage node, TSqlPreConversionAssessmentContext ctx)
   at Mobilize.Snow.Common.PreConversionAssessment.BaseAssessmentVisitor`2.ExitNode(TNode node, TContext ctx)
   at Artinsoft.Common.Tools.Composition.ExtensibleAstDelegate`2.Artinsoft.Common.Visitor.IVisitorDelegate<Artinsoft.Common.AST.IAst,TContext>.ExitNode(IAst node, TContext ctx, UInt32 hLocalCtx)
[02-05-2025 19:25:11] Error: Error when collecting the PreConversion Assessment information the file C:\Users\suvam.ghosh\Desktop\snowconvertPython\scripts\inputForSnowconvert\input_mssql_procedures.sql, Error message: Stack empty.
[02-05-2025 19:25:11] Debug: Exception for previous error: Stack empty.
   at System.Collections.Generic.Stack`1.ThrowForEmptyStack()
   at System.Collections.Generic.Stack`1.Peek()
   at Mobilize.Snow.TSqlToSnow.TSqlPreConversionAssessmentContext.Pop(NestedStatementCategories category)
   at Mobilize.Snow.TSqlToSnow.TSqlDdlPreConversionAssessment.ExitNodeLogic(SqlDataDefinitionLanguage node, TSqlPreConversionAssessmentContext ctx)
   at Mobilize.Snow.Common.PreConversionAssessment.BaseAssessmentVisitor`2.ExitNode(TNode node, TContext ctx)
   at Artinsoft.Common.Tools.Composition.ExtensibleAstDelegate`2.Artinsoft.Common.Visitor.IVisitorDelegate<Artinsoft.Common.AST.IAst,TContext>.ExitNode(IAst node, TContext ctx, UInt32 hLocalCtx)
[02-05-2025 19:25:11] Error: Error when collecting the PreConversion Assessment information the file C:\Users\suvam.ghosh\Desktop\snowconvertPython\scripts\inputForSnowconvert\input_mssql_procedures.sql, Error message: Stack empty.
[02-05-2025 19:25:11] Debug: Exception for previous error: Stack empty.
   at System.Collections.Generic.Stack`1.ThrowForEmptyStack()
   at System.Collections.Generic.Stack`1.Peek()
   at Mobilize.Snow.TSqlToSnow.TSqlPreConversionAssessmentContext.Pop(NestedStatementCategories category)
   at Mobilize.Snow.TSqlToSnow.TSqlDdlPreConversionAssessment.ExitNodeLogic(SqlDataDefinitionLanguage node, TSqlPreConversionAssessmentContext ctx)
   at Mobilize.Snow.Common.PreConversionAssessment.BaseAssessmentVisitor`2.ExitNode(TNode node, TContext ctx)
   at Artinsoft.Common.Tools.Composition.ExtensibleAstDelegate`2.Artinsoft.Common.Visitor.IVisitorDelegate<Artinsoft.Common.AST.IAst,TContext>.ExitNode(IAst node, TContext ctx, UInt32 hLocalCtx)
[02-05-2025 19:25:11] Error: Error when collecting the PreConversion Assessment information the file C:\Users\suvam.ghosh\Desktop\snowconvertPython\scripts\inputForSnowconvert\input_mssql_procedures.sql, Error message: Stack empty.
[02-05-2025 19:25:11] Debug: Exception for previous error: Stack empty.
   at System.Collections.Generic.Stack`1.ThrowForEmptyStack()
   at System.Collections.Generic.Stack`1.Peek()
   at Mobilize.Snow.TSqlToSnow.TSqlPreConversionAssessmentContext.Pop(NestedStatementCategories category)
   at Mobilize.Snow.TSqlToSnow.TSqlDdlPreConversionAssessment.ExitNodeLogic(SqlDataDefinitionLanguage node, TSqlPreConversionAssessmentContext ctx)
   at Mobilize.Snow.Common.PreConversionAssessment.BaseAssessmentVisitor`2.ExitNode(TNode node, TContext ctx)
   at Artinsoft.Common.Tools.Composition.ExtensibleAstDelegate`2.Artinsoft.Common.Visitor.IVisitorDelegate<Artinsoft.Common.AST.IAst,TContext>.ExitNode(IAst node, TContext ctx, UInt32 hLocalCtx)
[02-05-2025 19:25:11] Error: Error when collecting the PreConversion Assessment information the file C:\Users\suvam.ghosh\Desktop\snowconvertPython\scripts\inputForSnowconvert\input_mssql_procedures.sql, Error message: Stack empty.
[02-05-2025 19:25:11] Debug: Exception for previous error: Stack empty.
   at System.Collections.Generic.Stack`1.ThrowForEmptyStack()
   at System.Collections.Generic.Stack`1.Peek()
   at Mobilize.Snow.TSqlToSnow.TSqlPreConversionAssessmentContext.Pop(NestedStatementCategories category)
   at Mobilize.Snow.TSqlToSnow.TSqlDdlPreConversionAssessment.ExitNodeLogic(SqlDataDefinitionLanguage node, TSqlPreConversionAssessmentContext ctx)
   at Mobilize.Snow.Common.PreConversionAssessment.BaseAssessmentVisitor`2.ExitNode(TNode node, TContext ctx)
   at Artinsoft.Common.Tools.Composition.ExtensibleAstDelegate`2.Artinsoft.Common.Visitor.IVisitorDelegate<Artinsoft.Common.AST.IAst,TContext>.ExitNode(IAst node, TContext ctx, UInt32 hLocalCtx)
[02-05-2025 19:25:11] Error: Error when collecting the PreConversion Assessment information the file C:\Users\suvam.ghosh\Desktop\snowconvertPython\scripts\inputForSnowconvert\input_mssql_procedures.sql, Error message: Stack empty.
[02-05-2025 19:25:11] Debug: Exception for previous error: Stack empty.
   at System.Collections.Generic.Stack`1.ThrowForEmptyStack()
   at System.Collections.Generic.Stack`1.Peek()
   at Mobilize.Snow.TSqlToSnow.TSqlPreConversionAssessmentContext.Pop(NestedStatementCategories category)
   at Mobilize.Snow.TSqlToSnow.TSqlDdlPreConversionAssessment.ExitNodeLogic(SqlDataDefinitionLanguage node, TSqlPreConversionAssessmentContext ctx)
   at Mobilize.Snow.Common.PreConversionAssessment.BaseAssessmentVisitor`2.ExitNode(TNode node, TContext ctx)
   at Artinsoft.Common.Tools.Composition.ExtensibleAstDelegate`2.Artinsoft.Common.Visitor.IVisitorDelegate<Artinsoft.Common.AST.IAst,TContext>.ExitNode(IAst node, TContext ctx, UInt32 hLocalCtx)
[02-05-2025 19:25:12] Info: Step 6/8 - Pre-Conversion Assessment: COMPLETED
[02-05-2025 19:25:12] Debug: TaskParam TaskProvider = Mobilize.Snow.ConversionTool.Tasks.SnowConvertTaskProvider
[02-05-2025 19:25:12] Debug: TaskParam TransformationsTask.Input = C:\Users\suvam.ghosh\Desktop\snowconvertPython\scripts\inputForSnowconvert\input.wsp
[02-05-2025 19:25:12] Debug: TaskParam workingSet = Artinsoft.Common.Store.RepositoryWorkingSet`2[System.String,Artinsoft.Common.Store.IItemContainer]
[02-05-2025 19:25:12] Debug: TaskParam TransformationsTask.ItemMedatada = Artinsoft.Common.Store.ItemMetadata
[02-05-2025 19:25:12] Debug: TaskParam TransformationsTask.Enabled = True
[02-05-2025 19:25:12] Debug: TaskParam Repository = Artinsoft.Common.Store.Repository
[02-05-2025 19:25:12] Debug: TaskParam RepositoryDirectory = C:\Users\suvam.ghosh\Desktop\snowconvertPython\scripts\SnowconvertOutput\.mobilize\CommonEF
[02-05-2025 19:25:12] Info: Step 7/8 - Conversion Execution: STARTED
[02-05-2025 19:25:12] Info: Start transforming file input_mssql_views.sql
[02-05-2025 19:25:12] Info: Start transforming file input_mssql_functions.sql
[02-05-2025 19:25:12] Info: Start transforming file input_mssql_procedures.sql
[02-05-2025 19:25:12] Info: Start transforming file input_mssql_tables.sql
[02-05-2025 19:25:12] Info: Transformed file input_mssql_functions.sql
[02-05-2025 19:25:13] Info: Transformed file input_mssql_procedures.sql
[02-05-2025 19:25:13] Info: Transformed file input_mssql_views.sql
[02-05-2025 19:25:13] Info: Transformed file input_mssql_tables.sql
[02-05-2025 19:25:13] Info: Step 7/8 - Conversion Execution: COMPLETED
[02-05-2025 19:25:13] Debug: TaskParam SnowScript = True
[02-05-2025 19:25:13] Debug: TaskParam reportPath = C:\Users\suvam.ghosh\Desktop\snowconvertPython\scripts\SnowconvertOutput\Reports\SnowConvert
[02-05-2025 19:25:13] Debug: TaskParam totalProcessedLOC = 0
[02-05-2025 19:25:13] Debug: TaskParam inputPath = C:\Users\suvam.ghosh\Desktop\snowconvertPython\scripts\inputForSnowconvert
[02-05-2025 19:25:13] Debug: TaskParam outputPath = C:\Users\suvam.ghosh\Desktop\snowconvertPython\scripts\SnowconvertOutput\Output\SnowConvert
[02-05-2025 19:25:13] Debug: TaskParam SessionTimestamp = 20250502.192451
[02-05-2025 19:25:13] Debug: TaskParam snowConfiguration = Mobilize.Snow.Configuration.SnowConfiguration
[02-05-2025 19:25:13] Debug: TaskParam DashboardMode = False
[02-05-2025 19:25:13] Debug: TaskParam writeResultsProgressDescriptor = Mobilize.Common.Utils.Progress.SingleProgressDescriptor
[02-05-2025 19:25:13] Debug: TaskParam snowExecutionResult = Mobilize.Snow.Assessment.SnowExecutionResult
[02-05-2025 19:25:13] Debug: TaskParam ConversionEndTask.Input = C:\Users\suvam.ghosh\Desktop\snowconvertPython\scripts\inputForSnowconvert\input.wsp
[02-05-2025 19:25:13] Debug: TaskParam workingSet = Artinsoft.Common.Store.RepositoryWorkingSet`2[System.String,Artinsoft.Common.Store.IItemContainer]
[02-05-2025 19:25:13] Debug: TaskParam ConversionEndTask.ItemMedatada = Artinsoft.Common.Store.ItemMetadata
[02-05-2025 19:25:13] Debug: TaskParam ConversionEndTask.Enabled = True
[02-05-2025 19:25:13] Debug: TaskParam Repository = Artinsoft.Common.Store.Repository
[02-05-2025 19:25:13] Debug: TaskParam RepositoryDirectory = C:\Users\suvam.ghosh\Desktop\snowconvertPython\scripts\SnowconvertOutput\.mobilize\CommonEF
[02-05-2025 19:25:13] Info: EFProcess 638818106998331385 ended. Execution time: 00:00:13.0876294
[02-05-2025 19:25:13] Info: STARTED Step 8/8: Stats and Reports
[02-05-2025 19:25:13] Info: Writing the conversion summary report
[02-05-2025 19:25:14] Info: Writing the Assessment report
[02-05-2025 19:25:14] Info: Writing the Scope Validations report
[02-05-2025 19:25:14] Info: Writing the raw assessment data report
[02-05-2025 19:25:14] Info: Writing the Elements report
[02-05-2025 19:25:14] Info: Writing the Issues report
[02-05-2025 19:25:15] Info: Writing the missing objects report
[02-05-2025 19:25:15] Info: Writing the object references report
[02-05-2025 19:25:15] Info: Writing the top level code unit report
[02-05-2025 19:25:15] Info: Uploading metadata
[02-05-2025 19:25:15] Info: COMPLETED Step 8/8: Stats and Reports
[02-05-2025 19:25:15] Info: 
==============================================================================
SnowConvert assessment execution summary
 - Files: 4
 - Files Not Generated: 0
 - Total lines of code: 3283
 - Automatically converted: 81.33%
 - Conversion time: 00:00:13
 - Conversion speed: 243 lines of code per second
See the report files for more details about the conversion status.
==============================================================================

[02-05-2025 19:25:15] Info: 
==============================================================================
SnowConvert Tool.
Copyright © 2023-2025 Snowflake Inc. All rights reserved.
==============================================================================

