[10-05-2025 20:49:33] Info: SourceLanguage set to Transact based on the appsettings configuration.
[10-05-2025 20:49:41] Info: No path specified for loading additional transformation rules
[10-05-2025 20:49:41] Info: Starting to analyze the input path 'C:\Users\jayaprasanna.gan\Desktop\snowconvert_automation\scripts\inputForSnowconvert'...
[10-05-2025 20:49:47] Info: EFProcess 638825069869269481 started
[10-05-2025 20:49:47] Debug: TaskParam TaskProvider = Mobilize.Snow.ConversionTool.Tasks.SnowConvertTaskProvider
[10-05-2025 20:49:47] Debug: TaskParam ConversionBeginTask.Input = C:\Users\jayaprasanna.gan\Desktop\snowconvert_automation\scripts\inputForSnowconvert\input.wsp
[10-05-2025 20:49:47] Debug: TaskParam workingSet = Value is not created.
[10-05-2025 20:49:47] Debug: TaskParam ConversionBeginTask.ItemMedatada = Artinsoft.Common.Store.ItemMetadata
[10-05-2025 20:49:47] Debug: TaskParam ConversionBeginTask.Enabled = True
[10-05-2025 20:49:47] Debug: TaskParam Repository = Value is not created.
[10-05-2025 20:49:47] Debug: TaskParam RepositoryDirectory = C:\Users\jayaprasanna.gan\Desktop\snowconvert_automation\scripts\SnowconvertOutput\.mobilize\CommonEF
[10-05-2025 20:49:47] Info: Found 23 Sql files with a total size of 24.77KB
[10-05-2025 20:49:47] Info: Starting the parsing process of 23 files with 24.77KB of code, this might take a while...
[10-05-2025 20:49:47] Info: Step 1/8 - Loading Code: STARTED
[10-05-2025 20:49:48] Info: Step 1/8 - Loading Code: COMPLETED
[10-05-2025 20:49:48] Debug: TaskParam TaskProvider = Mobilize.Snow.ConversionTool.Tasks.SnowConvertTaskProvider
[10-05-2025 20:49:48] Debug: TaskParam SymbolTableFillingTask.Input = C:\Users\jayaprasanna.gan\Desktop\snowconvert_automation\scripts\inputForSnowconvert\input.wsp
[10-05-2025 20:49:48] Debug: TaskParam workingSet = Artinsoft.Common.Store.RepositoryWorkingSet`2[System.String,Artinsoft.Common.Store.IItemContainer]
[10-05-2025 20:49:48] Debug: TaskParam SymbolTableFillingTask.ItemMedatada = Artinsoft.Common.Store.ItemMetadata
[10-05-2025 20:49:48] Debug: TaskParam SymbolTableFillingTask.Enabled = True
[10-05-2025 20:49:48] Debug: TaskParam Repository = Artinsoft.Common.Store.Repository
[10-05-2025 20:49:48] Debug: TaskParam RepositoryDirectory = C:\Users\jayaprasanna.gan\Desktop\snowconvert_automation\scripts\SnowconvertOutput\.mobilize\CommonEF
[10-05-2025 20:49:49] Info: Step 2/8 - Semantic Analysis of Tables: STARTED
[10-05-2025 20:49:49] Info: Step 2/8 - Semantic Analysis of Tables: COMPLETED
[10-05-2025 20:49:49] Debug: TaskParam TaskProvider = Mobilize.Snow.ConversionTool.Tasks.SnowConvertTaskProvider
[10-05-2025 20:49:49] Debug: TaskParam SymbolTableFillingSecondTask.Input = C:\Users\jayaprasanna.gan\Desktop\snowconvert_automation\scripts\inputForSnowconvert\input.wsp
[10-05-2025 20:49:49] Debug: TaskParam workingSet = Artinsoft.Common.Store.RepositoryWorkingSet`2[System.String,Artinsoft.Common.Store.IItemContainer]
[10-05-2025 20:49:49] Debug: TaskParam SymbolTableFillingSecondTask.ItemMedatada = Artinsoft.Common.Store.ItemMetadata
[10-05-2025 20:49:49] Debug: TaskParam SymbolTableFillingSecondTask.Enabled = True
[10-05-2025 20:49:49] Debug: TaskParam Repository = Artinsoft.Common.Store.Repository
[10-05-2025 20:49:49] Debug: TaskParam RepositoryDirectory = C:\Users\jayaprasanna.gan\Desktop\snowconvert_automation\scripts\SnowconvertOutput\.mobilize\CommonEF
[10-05-2025 20:49:49] Info: Step 3/8 - Semantic Analysis of Top Level Objects: STARTED
[10-05-2025 20:49:51] Info: Step 3/8 - Semantic Analysis of Top Level Objects: STORING
[10-05-2025 20:49:54] Info: Step 3/8 - Semantic Analysis of Top Level Objects: STORED
[10-05-2025 20:49:54] Info: Step 3/8 - Semantic Analysis of Top Level Objects: COMPLETED
[10-05-2025 20:49:54] Debug: TaskParam TaskProvider = Mobilize.Snow.ConversionTool.Tasks.SnowConvertTaskProvider
[10-05-2025 20:49:54] Debug: TaskParam PreProcessTask.Input = C:\Users\jayaprasanna.gan\Desktop\snowconvert_automation\scripts\inputForSnowconvert\input.wsp
[10-05-2025 20:49:54] Debug: TaskParam workingSet = Artinsoft.Common.Store.RepositoryWorkingSet`2[System.String,Artinsoft.Common.Store.IItemContainer]
[10-05-2025 20:49:54] Debug: TaskParam PreProcessTask.ItemMedatada = Artinsoft.Common.Store.ItemMetadata
[10-05-2025 20:49:54] Debug: TaskParam PreProcessTask.Enabled = True
[10-05-2025 20:49:54] Debug: TaskParam Repository = Artinsoft.Common.Store.Repository
[10-05-2025 20:49:54] Debug: TaskParam RepositoryDirectory = C:\Users\jayaprasanna.gan\Desktop\snowconvert_automation\scripts\SnowconvertOutput\.mobilize\CommonEF
[10-05-2025 20:49:54] Info: Step 4/8 - Pre-Processing: STARTED
[10-05-2025 20:49:54] Info: Step 4/8 - Pre-Processing: COMPLETED
[10-05-2025 20:49:54] Debug: TaskParam Lineage.Input = C:\Users\jayaprasanna.gan\Desktop\snowconvert_automation\scripts\inputForSnowconvert\input.wsp
[10-05-2025 20:49:54] Debug: TaskParam workingSet = Artinsoft.Common.Store.RepositoryWorkingSet`2[System.String,Artinsoft.Common.Store.IItemContainer]
[10-05-2025 20:49:54] Debug: TaskParam Lineage.ItemMedatada = Artinsoft.Common.Store.ItemMetadata
[10-05-2025 20:49:54] Debug: TaskParam Lineage.Enabled = True
[10-05-2025 20:49:54] Debug: TaskParam Repository = Artinsoft.Common.Store.Repository
[10-05-2025 20:49:54] Debug: TaskParam RepositoryDirectory = C:\Users\jayaprasanna.gan\Desktop\snowconvert_automation\scripts\SnowconvertOutput\.mobilize\CommonEF
[10-05-2025 20:49:54] Info: Step 5/8 - Data lineage analysis: STARTED
[10-05-2025 20:49:55] Info: Step 5/8 - Data lineage analysis: COMPLETED
[10-05-2025 20:49:55] Debug: TaskParam TaskProvider = Mobilize.Snow.ConversionTool.Tasks.SnowConvertTaskProvider
[10-05-2025 20:49:55] Debug: TaskParam PreConversionAssessmentTask.Input = C:\Users\jayaprasanna.gan\Desktop\snowconvert_automation\scripts\inputForSnowconvert\input.wsp
[10-05-2025 20:49:55] Debug: TaskParam workingSet = Artinsoft.Common.Store.RepositoryWorkingSet`2[System.String,Artinsoft.Common.Store.IItemContainer]
[10-05-2025 20:49:55] Debug: TaskParam PreConversionAssessmentTask.ItemMedatada = Artinsoft.Common.Store.ItemMetadata
[10-05-2025 20:49:55] Debug: TaskParam PreConversionAssessmentTask.Enabled = True
[10-05-2025 20:49:55] Debug: TaskParam Repository = Artinsoft.Common.Store.Repository
[10-05-2025 20:49:55] Debug: TaskParam RepositoryDirectory = C:\Users\jayaprasanna.gan\Desktop\snowconvert_automation\scripts\SnowconvertOutput\.mobilize\CommonEF
[10-05-2025 20:49:55] Info: Step 6/8 - Pre-Conversion Assessment: STARTED
[10-05-2025 20:49:55] Error: Error when collecting the PreConversion Assessment information the file C:\Users\jayaprasanna.gan\Desktop\snowconvert_automation\scripts\inputForSnowconvert\SQ_SRV_procedures_demo.sql, Error message: Stack empty.
[10-05-2025 20:49:55] Debug: Exception for previous error: Stack empty.
   at System.Collections.Generic.Stack`1.ThrowForEmptyStack()
   at System.Collections.Generic.Stack`1.Peek()
   at Mobilize.Snow.TSqlToSnow.TSqlPreConversionAssessmentContext.Pop(NestedStatementCategories category)
   at Mobilize.Snow.TSqlToSnow.TSqlDdlPreConversionAssessment.ExitNodeLogic(SqlDataDefinitionLanguage node, TSqlPreConversionAssessmentContext ctx)
   at Mobilize.Snow.Common.PreConversionAssessment.BaseAssessmentVisitor`2.ExitNode(TNode node, TContext ctx)
   at Artinsoft.Common.Tools.Composition.ExtensibleAstDelegate`2.Artinsoft.Common.Visitor.IVisitorDelegate<Artinsoft.Common.AST.IAst,TContext>.ExitNode(IAst node, TContext ctx, UInt32 hLocalCtx)
[10-05-2025 20:49:55] Error: Error when collecting the PreConversion Assessment information the file C:\Users\jayaprasanna.gan\Desktop\snowconvert_automation\scripts\inputForSnowconvert\SQ_SRV_procedures_demo.sql, Error message: Stack empty.
[10-05-2025 20:49:55] Debug: Exception for previous error: Stack empty.
   at System.Collections.Generic.Stack`1.ThrowForEmptyStack()
   at System.Collections.Generic.Stack`1.Peek()
   at Mobilize.Snow.TSqlToSnow.TSqlPreConversionAssessmentContext.Pop(NestedStatementCategories category)
   at Mobilize.Snow.TSqlToSnow.TSqlDdlPreConversionAssessment.ExitNodeLogic(SqlDataDefinitionLanguage node, TSqlPreConversionAssessmentContext ctx)
   at Mobilize.Snow.Common.PreConversionAssessment.BaseAssessmentVisitor`2.ExitNode(TNode node, TContext ctx)
   at Artinsoft.Common.Tools.Composition.ExtensibleAstDelegate`2.Artinsoft.Common.Visitor.IVisitorDelegate<Artinsoft.Common.AST.IAst,TContext>.ExitNode(IAst node, TContext ctx, UInt32 hLocalCtx)
[10-05-2025 20:49:55] Info: Step 6/8 - Pre-Conversion Assessment: COMPLETED
[10-05-2025 20:49:55] Debug: TaskParam TaskProvider = Mobilize.Snow.ConversionTool.Tasks.SnowConvertTaskProvider
[10-05-2025 20:49:55] Debug: TaskParam TransformationsTask.Input = C:\Users\jayaprasanna.gan\Desktop\snowconvert_automation\scripts\inputForSnowconvert\input.wsp
[10-05-2025 20:49:55] Debug: TaskParam workingSet = Artinsoft.Common.Store.RepositoryWorkingSet`2[System.String,Artinsoft.Common.Store.IItemContainer]
[10-05-2025 20:49:55] Debug: TaskParam TransformationsTask.ItemMedatada = Artinsoft.Common.Store.ItemMetadata
[10-05-2025 20:49:55] Debug: TaskParam TransformationsTask.Enabled = True
[10-05-2025 20:49:55] Debug: TaskParam Repository = Artinsoft.Common.Store.Repository
[10-05-2025 20:49:55] Debug: TaskParam RepositoryDirectory = C:\Users\jayaprasanna.gan\Desktop\snowconvert_automation\scripts\SnowconvertOutput\.mobilize\CommonEF
[10-05-2025 20:49:55] Info: Step 7/8 - Conversion Execution: STARTED
[10-05-2025 20:49:55] Info: Start transforming file SQ_SRV_procedure2_demo.sql
[10-05-2025 20:49:55] Info: Start transforming file SQ_SRV_function3_demo.sql
[10-05-2025 20:49:55] Info: Start transforming file SQ_SRV_tables_demo.sql
[10-05-2025 20:49:55] Info: Start transforming file SQ_SRV_function1_demo.sql
[10-05-2025 20:49:55] Info: Start transforming file SQ_SRV_views_demo.sql
[10-05-2025 20:49:55] Info: Start transforming file SQ_SRV_procedure5_demo.sql
[10-05-2025 20:49:55] Info: Start transforming file SQ_SRV_procedure6_demo.sql
[10-05-2025 20:49:55] Info: Start transforming file SQ_SRV_function2_demo.sql
[10-05-2025 20:49:56] Info: Transformed file SQ_SRV_procedure2_demo.sql
[10-05-2025 20:49:56] Info: Transformed file SQ_SRV_function1_demo.sql
[10-05-2025 20:49:56] Info: Transformed file SQ_SRV_procedure5_demo.sql
[10-05-2025 20:49:56] Info: Transformed file SQ_SRV_function3_demo.sql
[10-05-2025 20:49:56] Info: Transformed file SQ_SRV_views_demo.sql
[10-05-2025 20:49:56] Info: Transformed file SQ_SRV_procedure6_demo.sql
[10-05-2025 20:49:56] Info: Transformed file SQ_SRV_function2_demo.sql
[10-05-2025 20:49:56] Info: Transformed file SQ_SRV_tables_demo.sql
[10-05-2025 20:49:56] Info: Start transforming file SQ_SRV_functions_demo.sql
[10-05-2025 20:49:56] Info: Start transforming file SQ_SRV_procedure4_demo.sql
[10-05-2025 20:49:56] Info: Start transforming file SQ_SRV_procedure7_demo.sql
[10-05-2025 20:49:56] Info: Start transforming file SQ_SRV_etl_demo.sql
[10-05-2025 20:49:56] Info: Transformed file SQ_SRV_procedure4_demo.sql
[10-05-2025 20:49:56] Info: Transformed file SQ_SRV_procedure7_demo.sql
[10-05-2025 20:49:56] Info: Transformed file SQ_SRV_etl_demo.sql
[10-05-2025 20:49:56] Info: Start transforming file SQ_SRV_procedure9_demo.sql
[10-05-2025 20:49:56] Info: Start transforming file SQ_SRV_procedure10_demo.sql
[10-05-2025 20:49:56] Info: Transformed file SQ_SRV_procedure9_demo.sql
[10-05-2025 20:49:56] Info: Transformed file SQ_SRV_procedure10_demo.sql
[10-05-2025 20:49:56] Info: Transformed file SQ_SRV_functions_demo.sql
[10-05-2025 20:49:56] Info: Start transforming file SQ_SRV_procedures_demo.sql
[10-05-2025 20:49:56] Info: Start transforming file SQ_SRV_procedure11_demo.sql
[10-05-2025 20:49:56] Info: Start transforming file SQ_SRV_procedure8_demo.sql
[10-05-2025 20:49:56] Info: Start transforming file SQ_SRV_procedure12_demo.sql
[10-05-2025 20:49:56] Info: Start transforming file SQ_SRV_procedure1_demo.sql
[10-05-2025 20:49:56] Info: Start transforming file SqlServ_triggers_demo.sql
[10-05-2025 20:49:56] Info: Transformed file SQ_SRV_procedures_demo.sql
[10-05-2025 20:49:56] Info: Transformed file SQ_SRV_procedure8_demo.sql
[10-05-2025 20:49:56] Info: Start transforming file SQ_SRV_procedure3_demo.sql
[10-05-2025 20:49:56] Info: Start transforming file SQ_SRV_triggers_demo.sql
[10-05-2025 20:49:56] Info: Transformed file SQ_SRV_procedure11_demo.sql
[10-05-2025 20:49:56] Info: Transformed file SQ_SRV_procedure3_demo.sql
[10-05-2025 20:49:56] Info: Start transforming file SQ_SRV_function4_demo.sql
[10-05-2025 20:49:56] Info: Transformed file SQ_SRV_function4_demo.sql
[10-05-2025 20:49:56] Info: Transformed file SqlServ_triggers_demo.sql
[10-05-2025 20:49:56] Info: Transformed file SQ_SRV_triggers_demo.sql
[10-05-2025 20:49:56] Info: Transformed file SQ_SRV_procedure12_demo.sql
[10-05-2025 20:49:56] Info: Transformed file SQ_SRV_procedure1_demo.sql
[10-05-2025 20:49:56] Info: Step 7/8 - Conversion Execution: COMPLETED
[10-05-2025 20:49:56] Debug: TaskParam SnowScript = True
[10-05-2025 20:49:56] Debug: TaskParam reportPath = C:\Users\jayaprasanna.gan\Desktop\snowconvert_automation\scripts\SnowconvertOutput\Reports\SnowConvert
[10-05-2025 20:49:56] Debug: TaskParam totalProcessedLOC = 0
[10-05-2025 20:49:56] Debug: TaskParam inputPath = C:\Users\jayaprasanna.gan\Desktop\snowconvert_automation\scripts\inputForSnowconvert
[10-05-2025 20:49:56] Debug: TaskParam outputPath = C:\Users\jayaprasanna.gan\Desktop\snowconvert_automation\scripts\SnowconvertOutput\Output\SnowConvert
[10-05-2025 20:49:56] Debug: TaskParam SessionTimestamp = 20250510.204933
[10-05-2025 20:49:56] Debug: TaskParam snowConfiguration = Mobilize.Snow.Configuration.SnowConfiguration
[10-05-2025 20:49:56] Debug: TaskParam DashboardMode = False
[10-05-2025 20:49:56] Debug: TaskParam writeResultsProgressDescriptor = Mobilize.Common.Utils.Progress.SingleProgressDescriptor
[10-05-2025 20:49:56] Debug: TaskParam snowExecutionResult = Mobilize.Snow.Assessment.SnowExecutionResult
[10-05-2025 20:49:56] Debug: TaskParam ConversionEndTask.Input = C:\Users\jayaprasanna.gan\Desktop\snowconvert_automation\scripts\inputForSnowconvert\input.wsp
[10-05-2025 20:49:56] Debug: TaskParam workingSet = Artinsoft.Common.Store.RepositoryWorkingSet`2[System.String,Artinsoft.Common.Store.IItemContainer]
[10-05-2025 20:49:56] Debug: TaskParam ConversionEndTask.ItemMedatada = Artinsoft.Common.Store.ItemMetadata
[10-05-2025 20:49:56] Debug: TaskParam ConversionEndTask.Enabled = True
[10-05-2025 20:49:56] Debug: TaskParam Repository = Artinsoft.Common.Store.Repository
[10-05-2025 20:49:56] Debug: TaskParam RepositoryDirectory = C:\Users\jayaprasanna.gan\Desktop\snowconvert_automation\scripts\SnowconvertOutput\.mobilize\CommonEF
[10-05-2025 20:49:56] Info: EFProcess 638825069869269481 ended. Execution time: 00:00:09.7611369
[10-05-2025 20:49:57] Info: STARTED Step 8/8: Stats and Reports
[10-05-2025 20:49:57] Info: Writing the conversion summary report
[10-05-2025 20:49:57] Info: Writing the Assessment report
[10-05-2025 20:49:57] Info: Writing the Scope Validations report
[10-05-2025 20:49:57] Info: Writing the raw assessment data report
[10-05-2025 20:49:58] Info: Writing the Elements report
[10-05-2025 20:49:58] Info: Writing the Issues report
[10-05-2025 20:49:58] Info: Writing the missing objects report
[10-05-2025 20:49:58] Info: Writing the object references report
[10-05-2025 20:49:58] Info: Writing the top level code unit report
[10-05-2025 20:49:58] Info: Uploading metadata
[10-05-2025 20:49:58] Info: COMPLETED Step 8/8: Stats and Reports
[10-05-2025 20:49:58] Info: 
==============================================================================
SnowConvert assessment execution summary
 - Files: 23
 - Files Not Generated: 0
 - Total lines of code: 533
 - Automatically converted: 93.06%
 - Conversion time: 00:00:10
 - Conversion speed: 75 lines of code per second
See the report files for more details about the conversion status.
==============================================================================

[10-05-2025 20:49:58] Info: 
==============================================================================
SnowConvert Tool.
Copyright © 2023-2025 Snowflake Inc. All rights reserved.
==============================================================================

